2025-12-24 00:27:01.568 +00:00 [INF] Querying InstitutionsModel service (User: anonymous, Inst: none)
2025-12-24 00:27:01.636 +00:00 [INF] Querying InstitutionsModel service (User: anonymous, Inst: none)
2025-12-24 00:27:06.719 +00:00 [INF] Querying InstitutionsModel service (User: anonymous, Inst: none)
2025-12-24 00:27:06.740 +00:00 [INF] Querying InstitutionsModel service (User: anonymous, Inst: none)
2025-12-24 00:29:49.519 +00:00 [INF] Querying InstitutionsModel service (User: anonymous, Inst: none)
2025-12-24 00:29:49.545 +00:00 [INF] Querying InstitutionsModel service (User: anonymous, Inst: none)
2025-12-24 00:30:17.631 +00:00 [INF] Querying InstitutionsModel service (User: anonymous, Inst: none)
2025-12-24 00:30:17.646 +00:00 [INF] Querying InstitutionsModel service (User: anonymous, Inst: none)
2025-12-24 00:30:21.454 +00:00 [INF] Querying InstitutionsModel service (User: anonymous, Inst: none)
2025-12-24 00:30:21.467 +00:00 [INF] Querying InstitutionsModel service (User: anonymous, Inst: none)
2025-12-24 00:44:50.699 +00:00 [INF] Querying InstitutionsModel service (User: anonymous, Inst: none)
2025-12-24 00:44:50.713 +00:00 [INF] Querying InstitutionsModel service (User: anonymous, Inst: none)
2025-12-24 00:47:45.831 +00:00 [INF] Querying InstitutionsModel service (User: anonymous, Inst: none)
2025-12-24 00:47:45.855 +00:00 [INF] Querying InstitutionsModel service (User: anonymous, Inst: none)
2025-12-24 00:47:53.420 +00:00 [INF] Querying InstitutionsModel service (User: anonymous, Inst: none)
2025-12-24 00:47:53.437 +00:00 [INF] Querying InstitutionsModel service (User: anonymous, Inst: none)
2025-12-24 00:48:00.609 +00:00 [INF] Querying InstitutionsModel service (User: anonymous, Inst: none)
2025-12-24 00:48:00.625 +00:00 [INF] Querying InstitutionsModel service (User: anonymous, Inst: none)
2025-12-24 00:48:14.622 +00:00 [INF] Querying InstitutionsModel service (User: anonymous, Inst: none)
2025-12-24 00:48:14.640 +00:00 [INF] Querying InstitutionsModel service (User: anonymous, Inst: none)
2025-12-24 00:49:52.276 +00:00 [INF] Querying InstitutionsModel service (User: anonymous, Inst: none)
2025-12-24 00:49:52.343 +00:00 [INF] Querying InstitutionsModel service (User: anonymous, Inst: none)
2025-12-24 00:50:10.215 +00:00 [INF] Querying InstitutionsModel service (User: anonymous, Inst: none)
2025-12-24 00:50:10.231 +00:00 [INF] Querying InstitutionsModel service (User: anonymous, Inst: none)
2025-12-24 00:50:47.194 +00:00 [INF] Querying InstitutionsModel service (User: anonymous, Inst: none)
2025-12-24 00:50:47.207 +00:00 [INF] Querying InstitutionsModel service (User: anonymous, Inst: none)
2025-12-24 00:51:49.681 +00:00 [INF] Querying InstitutionsModel service (User: anonymous, Inst: none)
2025-12-24 00:51:49.692 +00:00 [INF] Querying InstitutionsModel service (User: anonymous, Inst: none)
2025-12-24 00:52:08.558 +00:00 [INF] Querying InstitutionsModel service (User: anonymous, Inst: none)
2025-12-24 00:52:08.574 +00:00 [INF] Querying InstitutionsModel service (User: anonymous, Inst: none)
2025-12-24 00:52:17.871 +00:00 [INF] Querying InstitutionsModel service (User: anonymous, Inst: none)
2025-12-24 00:52:17.887 +00:00 [INF] Querying InstitutionsModel service (User: anonymous, Inst: none)
2025-12-24 07:21:31.174 +00:00 [INF] Querying InstitutionsModel service (User: anonymous, Inst: none)
2025-12-24 07:21:31.461 +00:00 [INF] Querying InstitutionsModel service (User: anonymous, Inst: none)
2025-12-24 08:36:50.977 +00:00 [INF] 🚀 Starting AssetManagement API... (User: , Inst: )
2025-12-24 08:36:51.232 +00:00 [INF] Subscription background service started at "2025-12-24T08:36:51.2315701Z" (User: , Inst: )
2025-12-24 08:36:53.936 +00:00 [INF] Subscription & Maintenance Background Service started. (User: , Inst: )
2025-12-24 08:36:54.710 +00:00 [INF] Subscription check completed at "2025-12-24T08:36:54.7106689Z" (User: , Inst: )
2025-12-24 08:36:55.063 +00:00 [INF] Updated depreciation for asset Practical Wooden Bike: current value ¤4,260.71 (User: , Inst: )
2025-12-24 08:36:55.069 +00:00 [INF] Updated depreciation for asset 23423423: current value ¤7,870.00 (User: , Inst: )
2025-12-24 08:36:55.073 +00:00 [INF] Updated depreciation for asset Hello string Asset: current value ¤23,000.00 (User: , Inst: )
2025-12-24 08:36:55.119 +00:00 [INF] [Redis] Published message to channel: notifications (User: , Inst: )
2025-12-24 08:36:55.205 +00:00 [ERR] Error processing asset "019b262c-023b-71ce-a8e7-62041917edd1" (User: , Inst: )
System.ArgumentNullException: Value cannot be null. (Parameter 'address')
   at MimeKit.MailboxAddress..ctor(Encoding encoding, String name, String address)
   at MimeKit.MailboxAddress..ctor(String name, String address)
   at AssetManagement.API.DAL.Services.EmailService.EmailService.SendEmailAsync(String to, String subject, String htmlBody) in C:\Users\sammi\PROJECTS\PERSONAL\JET_BRAINS\FAST_TRACK_SERVICES\Assets_Management\FrontEnd_and_BackEnd\assetmanagement_backend\AssetManagement.API\DAL\Services\EmailService\EmailService.cs:line 13
   at AssetManagement.API.DAL.Services.NotificationService.NotificationService.SendMaintenanceDueAsync(AssetsModel assetsModel) in C:\Users\sammi\PROJECTS\PERSONAL\JET_BRAINS\FAST_TRACK_SERVICES\Assets_Management\FrontEnd_and_BackEnd\assetmanagement_backend\AssetManagement.API\DAL\Services\NotificationService\NotificationService.cs:line 92
   at AssetManagement.API.DAL.Services.BackgroundServices.SubscriptionMaintenanceService.HandleAssetMaintenance(IAssetRepository assetRepo, INotificationService notificationService, IDepreciationService depreciationService) in C:\Users\sammi\PROJECTS\PERSONAL\JET_BRAINS\FAST_TRACK_SERVICES\Assets_Management\FrontEnd_and_BackEnd\assetmanagement_backend\AssetManagement.API\DAL\Services\BackgroundServices\SubscriptionMaintenanceService.cs:line 79
2025-12-24 08:36:55.208 +00:00 [INF] Updated depreciation for asset Fantastic Plastic Ball: current value ¤3,501.17 (User: , Inst: )
2025-12-24 08:36:55.211 +00:00 [INF] Updated depreciation for asset Awesome Steel Pants --update: current value ¤2,539.76 (User: , Inst: )
2025-12-24 08:36:58.658 +00:00 [WRN] Failed to determine the https port for redirect. (User: anonymous, Inst: none)
2025-12-24 08:45:35.554 +00:00 [INF] Querying InstitutionsModel service (User: anonymous, Inst: none)
2025-12-24 08:45:35.725 +00:00 [INF] Querying InstitutionsModel service (User: anonymous, Inst: none)
2025-12-24 08:45:48.480 +00:00 [INF] Querying InstitutionsModel service (User: anonymous, Inst: none)
2025-12-24 08:45:48.500 +00:00 [INF] Querying InstitutionsModel service (User: anonymous, Inst: none)
2025-12-24 08:46:37.393 +00:00 [INF] Querying InstitutionsModel service (User: anonymous, Inst: none)
2025-12-24 08:46:37.408 +00:00 [INF] Querying InstitutionsModel service (User: anonymous, Inst: none)
2025-12-24 09:25:18.769 +00:00 [INF] Querying InstitutionsModel service (User: anonymous, Inst: none)
2025-12-24 09:25:18.786 +00:00 [INF] Querying InstitutionsModel service (User: anonymous, Inst: none)
2025-12-24 10:03:37.943 +00:00 [INF] 💤 Application shutting down... (User: , Inst: )
