2025-12-22 00:20:40.197 +00:00 [INF] Querying AssetTypesModel service (User: anonymous, Inst: none)
2025-12-22 00:25:40.406 +00:00 [INF] Querying AssetTypesModel service (User: anonymous, Inst: none)
2025-12-22 00:26:13.781 +00:00 [INF] Querying AssetTypesModel service (User: anonymous, Inst: none)
2025-12-22 00:27:36.623 +00:00 [INF] Querying AssetTypesModel service (User: anonymous, Inst: none)
2025-12-22 00:29:48.311 +00:00 [INF] Querying AssetTypesModel service (User: anonymous, Inst: none)
2025-12-22 00:30:23.458 +00:00 [INF] Querying AssetTypesModel service (User: anonymous, Inst: none)
2025-12-22 00:37:27.385 +00:00 [INF] Querying AssetTypesModel service (User: anonymous, Inst: none)
2025-12-22 00:45:09.072 +00:00 [INF] Querying AssetTypesModel service (User: anonymous, Inst: none)
2025-12-22 00:53:48.875 +00:00 [INF] Querying AssetTypesModel service (User: anonymous, Inst: none)
2025-12-22 00:54:16.651 +00:00 [INF] Querying AssetTypesModel service (User: anonymous, Inst: none)
2025-12-22 00:54:53.664 +00:00 [INF] Querying AssetTypesModel service (User: anonymous, Inst: none)
2025-12-22 00:57:00.474 +00:00 [INF] Querying AssetTypesModel service (User: anonymous, Inst: none)
2025-12-22 00:59:37.534 +00:00 [INF] Querying AssetTypesModel service (User: anonymous, Inst: none)
2025-12-22 01:01:25.796 +00:00 [INF] Querying AssetTypesModel service (User: anonymous, Inst: none)
2025-12-22 01:04:13.392 +00:00 [INF] Querying AssetTypesModel service (User: anonymous, Inst: none)
2025-12-22 01:09:25.437 +00:00 [INF] Querying AssetTypesModel service (User: anonymous, Inst: none)
2025-12-22 01:11:45.082 +00:00 [INF] Querying AssetTypesModel service (User: anonymous, Inst: none)
2025-12-22 01:11:48.929 +00:00 [INF] Querying AssetTypesModel service (User: anonymous, Inst: none)
2025-12-22 01:11:51.339 +00:00 [INF] Querying AssetTypesModel service (User: anonymous, Inst: none)
2025-12-22 01:11:56.964 +00:00 [INF] Querying AssetTypesModel service (User: anonymous, Inst: none)
2025-12-22 02:03:15.331 +00:00 [INF] Querying AssetTypesModel service (User: anonymous, Inst: none)
2025-12-22 02:06:11.734 +00:00 [INF] Querying AssetTypesModel service (User: anonymous, Inst: none)
2025-12-22 02:06:11.954 +00:00 [INF] Querying AssetTypesModel service (User: anonymous, Inst: none)
2025-12-22 02:08:43.272 +00:00 [INF] Querying AssetTypesModel service (User: anonymous, Inst: none)
2025-12-22 02:18:29.679 +00:00 [INF] Querying AssetTypesModel service (User: anonymous, Inst: none)
2025-12-22 02:30:56.823 +00:00 [INF] Querying AssetTypesModel service (User: anonymous, Inst: none)
2025-12-22 02:42:51.158 +00:00 [INF] Querying AssetTypesModel service (User: anonymous, Inst: none)
2025-12-22 02:49:51.116 +00:00 [INF] Querying AssetTypesModel service (User: anonymous, Inst: none)
2025-12-22 03:29:34.105 +00:00 [INF] AssetTypesModel updated in database. (User: anonymous, Inst: none)
2025-12-22 03:29:34.497 +00:00 [INF] Querying AssetTypesModel service (User: anonymous, Inst: none)
2025-12-22 05:48:59.390 +00:00 [INF] Updated depreciation for asset Fantastic Plastic Ball: current value ¤3,501.17 (User: , Inst: )
2025-12-22 05:48:59.391 +00:00 [INF] Updated depreciation for asset Awesome Steel Pants --update: current value ¤2,539.76 (User: , Inst: )
2025-12-22 05:48:59.393 +00:00 [INF] Updated depreciation for asset Practical Wooden Bike: current value ¤4,260.71 (User: , Inst: )
2025-12-22 05:48:59.394 +00:00 [INF] Updated depreciation for asset 23423423: current value ¤7,870.00 (User: , Inst: )
2025-12-22 05:48:59.396 +00:00 [INF] Updated depreciation for asset Hello string Asset: current value ¤23,000.00 (User: , Inst: )
2025-12-22 05:48:59.398 +00:00 [INF] [Redis] Published message to channel: notifications (User: , Inst: )
2025-12-22 05:48:59.399 +00:00 [ERR] Error processing asset "019b262c-023b-71ce-a8e7-62041917edd1" (User: , Inst: )
System.ArgumentNullException: Value cannot be null. (Parameter 'address')
   at MimeKit.MailboxAddress..ctor(Encoding encoding, String name, String address)
   at MimeKit.MailboxAddress..ctor(String name, String address)
   at AssetManagement.API.DAL.Services.EmailService.EmailService.SendEmailAsync(String to, String subject, String htmlBody) in C:\Users\sammi\PROJECTS\PERSONAL\JET_BRAINS\FAST_TRACK_SERVICES\Assets_Management\FrontEnd_and_BackEnd\assetmanagement_backend\AssetManagement.API\DAL\Services\EmailService\EmailService.cs:line 13
   at AssetManagement.API.DAL.Services.NotificationService.NotificationService.SendMaintenanceDueAsync(AssetsModel assetsModel) in C:\Users\sammi\PROJECTS\PERSONAL\JET_BRAINS\FAST_TRACK_SERVICES\Assets_Management\FrontEnd_and_BackEnd\assetmanagement_backend\AssetManagement.API\DAL\Services\NotificationService\NotificationService.cs:line 92
   at AssetManagement.API.DAL.Services.BackgroundServices.SubscriptionMaintenanceService.HandleAssetMaintenance(IAssetRepository assetRepo, INotificationService notificationService, IDepreciationService depreciationService) in C:\Users\sammi\PROJECTS\PERSONAL\JET_BRAINS\FAST_TRACK_SERVICES\Assets_Management\FrontEnd_and_BackEnd\assetmanagement_backend\AssetManagement.API\DAL\Services\BackgroundServices\SubscriptionMaintenanceService.cs:line 79
2025-12-22 10:04:42.721 +00:00 [INF] 🚀 Starting AssetManagement API... (User: , Inst: )
2025-12-22 10:04:42.879 +00:00 [INF] Subscription background service started at "2025-12-22T10:04:42.8783550Z" (User: , Inst: )
2025-12-22 10:04:44.945 +00:00 [INF] Subscription & Maintenance Background Service started. (User: , Inst: )
2025-12-22 10:04:45.503 +00:00 [INF] Subscription check completed at "2025-12-22T10:04:45.5038592Z" (User: , Inst: )
2025-12-22 10:04:45.759 +00:00 [INF] Updated depreciation for asset Fantastic Plastic Ball: current value ¤3,501.17 (User: , Inst: )
2025-12-22 10:04:45.765 +00:00 [INF] Updated depreciation for asset Awesome Steel Pants --update: current value ¤2,539.76 (User: , Inst: )
2025-12-22 10:04:45.767 +00:00 [INF] Updated depreciation for asset Practical Wooden Bike: current value ¤4,260.71 (User: , Inst: )
2025-12-22 10:04:45.769 +00:00 [INF] Updated depreciation for asset 23423423: current value ¤7,870.00 (User: , Inst: )
2025-12-22 10:04:45.771 +00:00 [INF] Updated depreciation for asset Hello string Asset: current value ¤23,000.00 (User: , Inst: )
2025-12-22 10:04:45.825 +00:00 [INF] [Redis] Published message to channel: notifications (User: , Inst: )
2025-12-22 10:04:45.899 +00:00 [ERR] Error processing asset "019b262c-023b-71ce-a8e7-62041917edd1" (User: , Inst: )
System.ArgumentNullException: Value cannot be null. (Parameter 'address')
   at MimeKit.MailboxAddress..ctor(Encoding encoding, String name, String address)
   at MimeKit.MailboxAddress..ctor(String name, String address)
   at AssetManagement.API.DAL.Services.EmailService.EmailService.SendEmailAsync(String to, String subject, String htmlBody) in C:\Users\sammi\PROJECTS\PERSONAL\JET_BRAINS\FAST_TRACK_SERVICES\Assets_Management\FrontEnd_and_BackEnd\assetmanagement_backend\AssetManagement.API\DAL\Services\EmailService\EmailService.cs:line 13
   at AssetManagement.API.DAL.Services.NotificationService.NotificationService.SendMaintenanceDueAsync(AssetsModel assetsModel) in C:\Users\sammi\PROJECTS\PERSONAL\JET_BRAINS\FAST_TRACK_SERVICES\Assets_Management\FrontEnd_and_BackEnd\assetmanagement_backend\AssetManagement.API\DAL\Services\NotificationService\NotificationService.cs:line 92
   at AssetManagement.API.DAL.Services.BackgroundServices.SubscriptionMaintenanceService.HandleAssetMaintenance(IAssetRepository assetRepo, INotificationService notificationService, IDepreciationService depreciationService) in C:\Users\sammi\PROJECTS\PERSONAL\JET_BRAINS\FAST_TRACK_SERVICES\Assets_Management\FrontEnd_and_BackEnd\assetmanagement_backend\AssetManagement.API\DAL\Services\BackgroundServices\SubscriptionMaintenanceService.cs:line 79
2025-12-22 10:05:02.853 +00:00 [WRN] Failed to determine the https port for redirect. (User: anonymous, Inst: none)
2025-12-22 10:05:03.097 +00:00 [INF] Querying AssetTypesModel service (User: anonymous, Inst: none)
2025-12-22 10:06:24.210 +00:00 [INF] Querying AssetTypesModel service (User: anonymous, Inst: none)
2025-12-22 10:07:09.826 +00:00 [INF] Querying AssetTypesModel service (User: anonymous, Inst: none)
2025-12-22 10:07:36.664 +00:00 [INF] Querying InstitutionsModel service (User: anonymous, Inst: none)
2025-12-22 10:07:47.696 +00:00 [INF] Fetching InstitutionsModel by id "019aeb9c-b05d-7d7d-9037-ca5511af834d" (User: anonymous, Inst: none)
2025-12-22 10:07:52.283 +00:00 [INF] Fetching InstitutionsModel by id "019aeb9c-b05d-7d7d-9037-ca5511af834d" (User: anonymous, Inst: none)
2025-12-22 10:07:57.399 +00:00 [INF] Querying AssetTypesModel service (User: anonymous, Inst: none)
2025-12-22 10:08:32.330 +00:00 [INF] Querying AssetTypesModel service (User: anonymous, Inst: none)
2025-12-22 10:08:32.399 +00:00 [INF] Querying InstitutionsModel service (User: anonymous, Inst: none)
2025-12-22 10:08:32.412 +00:00 [INF] Querying AssetTypesModel service (User: anonymous, Inst: none)
2025-12-22 10:08:32.484 +00:00 [INF] Querying InstitutionsModel service (User: anonymous, Inst: none)
2025-12-22 10:08:32.926 +00:00 [INF] Querying AssetCategoriesModel service (User: anonymous, Inst: none)
2025-12-22 10:08:33.016 +00:00 [INF] Querying AssetCategoriesModel service (User: anonymous, Inst: none)
2025-12-22 10:35:00.954 +00:00 [INF] Querying AssetTypesModel service (User: anonymous, Inst: none)
2025-12-22 10:35:47.068 +00:00 [INF] Querying InstitutionsModel service (User: anonymous, Inst: none)
2025-12-22 10:36:19.711 +00:00 [INF] Querying InstitutionsModel service (User: anonymous, Inst: none)
2025-12-22 10:36:26.140 +00:00 [INF] Querying AssetTypesModel service (User: anonymous, Inst: none)
2025-12-22 10:59:43.918 +00:00 [INF] Querying InstitutionsModel service (User: anonymous, Inst: none)
2025-12-22 11:00:13.978 +00:00 [INF] Querying InstitutionsModel service (User: anonymous, Inst: none)
2025-12-22 11:02:08.481 +00:00 [INF] Querying InstitutionsModel service (User: anonymous, Inst: none)
2025-12-22 11:26:27.236 +00:00 [INF] Querying InstitutionsModel service (User: anonymous, Inst: none)
2025-12-22 11:30:01.443 +00:00 [INF] Querying InstitutionsModel service (User: anonymous, Inst: none)
2025-12-22 11:30:45.281 +00:00 [INF] Querying InstitutionsModel service (User: anonymous, Inst: none)
2025-12-22 11:30:55.657 +00:00 [INF] Querying InstitutionsModel service (User: anonymous, Inst: none)
2025-12-22 11:31:57.596 +00:00 [INF] Querying InstitutionsModel service (User: anonymous, Inst: none)
2025-12-22 11:32:04.163 +00:00 [INF] Querying InstitutionsModel service (User: anonymous, Inst: none)
2025-12-22 11:33:14.281 +00:00 [INF] Querying InstitutionsModel service (User: anonymous, Inst: none)
2025-12-22 11:33:45.412 +00:00 [INF] Querying InstitutionsModel service (User: anonymous, Inst: none)
2025-12-22 11:34:16.203 +00:00 [INF] Querying InstitutionsModel service (User: anonymous, Inst: none)
2025-12-22 11:34:25.809 +00:00 [INF] Querying AssetTypesModel service (User: anonymous, Inst: none)
2025-12-22 11:34:35.191 +00:00 [INF] Querying InstitutionsModel service (User: anonymous, Inst: none)
2025-12-22 11:34:43.692 +00:00 [INF] Querying AssetTypesModel service (User: anonymous, Inst: none)
2025-12-22 11:34:45.607 +00:00 [INF] Querying AssetTypesModel service (User: anonymous, Inst: none)
2025-12-22 11:34:50.218 +00:00 [INF] Querying InstitutionsModel service (User: anonymous, Inst: none)
2025-12-22 16:00:49.552 +00:00 [INF] Querying InstitutionsModel service (User: anonymous, Inst: none)
2025-12-22 16:04:45.959 +00:00 [INF] Updated depreciation for asset Fantastic Plastic Ball: current value ¤3,501.17 (User: , Inst: )
2025-12-22 16:04:45.961 +00:00 [INF] Updated depreciation for asset Awesome Steel Pants --update: current value ¤2,539.76 (User: , Inst: )
2025-12-22 16:04:45.963 +00:00 [INF] Updated depreciation for asset Practical Wooden Bike: current value ¤4,260.71 (User: , Inst: )
2025-12-22 16:04:45.965 +00:00 [INF] Updated depreciation for asset 23423423: current value ¤7,870.00 (User: , Inst: )
2025-12-22 16:04:45.966 +00:00 [INF] Updated depreciation for asset Hello string Asset: current value ¤23,000.00 (User: , Inst: )
2025-12-22 16:04:45.968 +00:00 [INF] [Redis] Published message to channel: notifications (User: , Inst: )
2025-12-22 16:04:45.969 +00:00 [ERR] Error processing asset "019b262c-023b-71ce-a8e7-62041917edd1" (User: , Inst: )
System.ArgumentNullException: Value cannot be null. (Parameter 'address')
   at MimeKit.MailboxAddress..ctor(Encoding encoding, String name, String address)
   at MimeKit.MailboxAddress..ctor(String name, String address)
   at AssetManagement.API.DAL.Services.EmailService.EmailService.SendEmailAsync(String to, String subject, String htmlBody) in C:\Users\sammi\PROJECTS\PERSONAL\JET_BRAINS\FAST_TRACK_SERVICES\Assets_Management\FrontEnd_and_BackEnd\assetmanagement_backend\AssetManagement.API\DAL\Services\EmailService\EmailService.cs:line 13
   at AssetManagement.API.DAL.Services.NotificationService.NotificationService.SendMaintenanceDueAsync(AssetsModel assetsModel) in C:\Users\sammi\PROJECTS\PERSONAL\JET_BRAINS\FAST_TRACK_SERVICES\Assets_Management\FrontEnd_and_BackEnd\assetmanagement_backend\AssetManagement.API\DAL\Services\NotificationService\NotificationService.cs:line 92
   at AssetManagement.API.DAL.Services.BackgroundServices.SubscriptionMaintenanceService.HandleAssetMaintenance(IAssetRepository assetRepo, INotificationService notificationService, IDepreciationService depreciationService) in C:\Users\sammi\PROJECTS\PERSONAL\JET_BRAINS\FAST_TRACK_SERVICES\Assets_Management\FrontEnd_and_BackEnd\assetmanagement_backend\AssetManagement.API\DAL\Services\BackgroundServices\SubscriptionMaintenanceService.cs:line 79
2025-12-22 16:14:12.310 +00:00 [INF] Querying InstitutionsModel service (User: anonymous, Inst: none)
2025-12-22 16:14:33.758 +00:00 [INF] Querying InstitutionsModel service (User: anonymous, Inst: none)
2025-12-22 16:15:51.309 +00:00 [INF] Querying AssetTypesModel service (User: anonymous, Inst: none)
2025-12-22 16:52:51.916 +00:00 [INF] Querying InstitutionsModel service (User: anonymous, Inst: none)
2025-12-22 17:02:13.953 +00:00 [INF] Querying AssetTypesModel service (User: anonymous, Inst: none)
2025-12-22 17:02:13.957 +00:00 [INF] Querying InstitutionsModel service (User: anonymous, Inst: none)
2025-12-22 17:02:20.193 +00:00 [INF] Querying AssetTypesModel service (User: anonymous, Inst: none)
2025-12-22 17:02:20.193 +00:00 [INF] Querying InstitutionsModel service (User: anonymous, Inst: none)
2025-12-22 17:03:13.413 +00:00 [INF] Querying InstitutionsModel service (User: anonymous, Inst: none)
2025-12-22 17:33:13.436 +00:00 [INF] Querying AssetTypesModel service (User: anonymous, Inst: none)
2025-12-22 17:39:56.623 +00:00 [INF] Querying InstitutionsModel service (User: anonymous, Inst: none)
2025-12-22 19:12:07.090 +00:00 [INF] Querying InstitutionsModel service (User: anonymous, Inst: none)
2025-12-22 19:12:15.184 +00:00 [INF] Querying InstitutionsModel service (User: anonymous, Inst: none)
2025-12-22 19:12:20.638 +00:00 [INF] Querying InstitutionsModel service (User: anonymous, Inst: none)
2025-12-22 19:17:00.236 +00:00 [INF] Querying InstitutionsModel service (User: anonymous, Inst: none)
2025-12-22 19:34:34.701 +00:00 [INF] Querying AssetTypesModel service (User: anonymous, Inst: none)
2025-12-22 19:47:24.778 +00:00 [INF] Querying InstitutionsModel service (User: anonymous, Inst: none)
2025-12-22 19:47:29.406 +00:00 [INF] Querying InstitutionsModel service (User: anonymous, Inst: none)
2025-12-22 19:47:33.959 +00:00 [INF] Querying InstitutionsModel service (User: anonymous, Inst: none)
2025-12-22 20:13:15.835 +00:00 [INF] Querying InstitutionsModel service (User: anonymous, Inst: none)
2025-12-22 20:18:27.964 +00:00 [INF] Querying InstitutionsModel service (User: anonymous, Inst: none)
2025-12-22 20:21:54.519 +00:00 [INF] Querying AssetTypesModel service (User: anonymous, Inst: none)
2025-12-22 20:44:18.869 +00:00 [INF] Querying AssetTypesModel service (User: anonymous, Inst: none)
2025-12-22 21:05:38.016 +00:00 [INF] Querying InstitutionsModel service (User: anonymous, Inst: none)
2025-12-22 22:01:04.558 +00:00 [INF] Querying InstitutionsModel service (User: anonymous, Inst: none)
2025-12-22 22:04:47.150 +00:00 [INF] Updated depreciation for asset Fantastic Plastic Ball: current value ¤3,501.17 (User: , Inst: )
2025-12-22 22:04:47.154 +00:00 [INF] Updated depreciation for asset Awesome Steel Pants --update: current value ¤2,539.76 (User: , Inst: )
2025-12-22 22:04:47.156 +00:00 [INF] Updated depreciation for asset Practical Wooden Bike: current value ¤4,260.71 (User: , Inst: )
2025-12-22 22:04:47.158 +00:00 [INF] Updated depreciation for asset 23423423: current value ¤7,870.00 (User: , Inst: )
2025-12-22 22:04:47.161 +00:00 [INF] Updated depreciation for asset Hello string Asset: current value ¤23,000.00 (User: , Inst: )
2025-12-22 22:04:47.162 +00:00 [INF] [Redis] Published message to channel: notifications (User: , Inst: )
2025-12-22 22:04:47.163 +00:00 [ERR] Error processing asset "019b262c-023b-71ce-a8e7-62041917edd1" (User: , Inst: )
System.ArgumentNullException: Value cannot be null. (Parameter 'address')
   at MimeKit.MailboxAddress..ctor(Encoding encoding, String name, String address)
   at MimeKit.MailboxAddress..ctor(String name, String address)
   at AssetManagement.API.DAL.Services.EmailService.EmailService.SendEmailAsync(String to, String subject, String htmlBody) in C:\Users\sammi\PROJECTS\PERSONAL\JET_BRAINS\FAST_TRACK_SERVICES\Assets_Management\FrontEnd_and_BackEnd\assetmanagement_backend\AssetManagement.API\DAL\Services\EmailService\EmailService.cs:line 13
   at AssetManagement.API.DAL.Services.NotificationService.NotificationService.SendMaintenanceDueAsync(AssetsModel assetsModel) in C:\Users\sammi\PROJECTS\PERSONAL\JET_BRAINS\FAST_TRACK_SERVICES\Assets_Management\FrontEnd_and_BackEnd\assetmanagement_backend\AssetManagement.API\DAL\Services\NotificationService\NotificationService.cs:line 92
   at AssetManagement.API.DAL.Services.BackgroundServices.SubscriptionMaintenanceService.HandleAssetMaintenance(IAssetRepository assetRepo, INotificationService notificationService, IDepreciationService depreciationService) in C:\Users\sammi\PROJECTS\PERSONAL\JET_BRAINS\FAST_TRACK_SERVICES\Assets_Management\FrontEnd_and_BackEnd\assetmanagement_backend\AssetManagement.API\DAL\Services\BackgroundServices\SubscriptionMaintenanceService.cs:line 79
2025-12-22 22:31:13.147 +00:00 [INF] Querying InstitutionsModel service (User: anonymous, Inst: none)
2025-12-22 22:31:27.621 +00:00 [INF] Querying InstitutionsModel service (User: anonymous, Inst: none)
2025-12-22 22:32:00.117 +00:00 [INF] Querying InstitutionsModel service (User: anonymous, Inst: none)
2025-12-22 22:35:09.729 +00:00 [INF] Querying InstitutionsModel service (User: anonymous, Inst: none)
2025-12-22 22:38:04.147 +00:00 [INF] Querying InstitutionsModel service (User: anonymous, Inst: none)
2025-12-22 22:39:56.656 +00:00 [INF] Querying InstitutionsModel service (User: anonymous, Inst: none)
2025-12-22 22:40:14.176 +00:00 [INF] Querying InstitutionsModel service (User: anonymous, Inst: none)
2025-12-22 22:55:18.843 +00:00 [INF] Querying InstitutionsModel service (User: anonymous, Inst: none)
2025-12-22 22:56:59.260 +00:00 [INF] Querying InstitutionsModel service (User: anonymous, Inst: none)
2025-12-22 23:10:40.638 +00:00 [INF] Querying InstitutionsModel service (User: anonymous, Inst: none)
2025-12-22 23:12:21.618 +00:00 [INF] Querying AssetTypesModel service (User: anonymous, Inst: none)
2025-12-22 23:12:41.216 +00:00 [INF] Querying InstitutionsModel service (User: anonymous, Inst: none)
2025-12-22 23:12:44.627 +00:00 [INF] Querying AssetTypesModel service (User: anonymous, Inst: none)
2025-12-22 23:12:46.314 +00:00 [INF] Querying InstitutionsModel service (User: anonymous, Inst: none)
2025-12-22 23:13:14.326 +00:00 [INF] Querying InstitutionsModel service (User: anonymous, Inst: none)
2025-12-22 23:13:15.038 +00:00 [INF] Querying InstitutionsModel service (User: anonymous, Inst: none)
2025-12-22 23:13:15.612 +00:00 [INF] Querying InstitutionsModel service (User: anonymous, Inst: none)
2025-12-22 23:16:14.765 +00:00 [INF] Querying InstitutionsModel service (User: anonymous, Inst: none)
2025-12-22 23:17:42.839 +00:00 [INF] Querying InstitutionsModel service (User: anonymous, Inst: none)
2025-12-22 23:24:33.228 +00:00 [INF] Querying InstitutionsModel service (User: anonymous, Inst: none)
2025-12-22 23:24:54.829 +00:00 [INF] InstitutionsModel updated in database. (User: anonymous, Inst: none)
2025-12-22 23:24:55.031 +00:00 [INF] Querying InstitutionsModel service (User: anonymous, Inst: none)
2025-12-22 23:27:40.864 +00:00 [INF] Querying InstitutionsModel service (User: anonymous, Inst: none)
2025-12-22 23:28:31.780 +00:00 [INF] Querying AssetTypesModel service (User: anonymous, Inst: none)
2025-12-22 23:28:31.780 +00:00 [INF] Querying InstitutionsModel service (User: anonymous, Inst: none)
2025-12-22 23:31:12.282 +00:00 [INF] Querying AssetTypesModel service (User: anonymous, Inst: none)
2025-12-22 23:31:47.100 +00:00 [INF] Querying InstitutionsModel service (User: anonymous, Inst: none)
2025-12-22 23:37:21.028 +00:00 [INF] InstitutionsModel updated in database. (User: anonymous, Inst: none)
2025-12-22 23:37:21.409 +00:00 [INF] Querying InstitutionsModel service (User: anonymous, Inst: none)
2025-12-22 23:46:19.221 +00:00 [INF] Querying InstitutionsModel service (User: anonymous, Inst: none)
2025-12-22 23:58:58.425 +00:00 [INF] Querying InstitutionsModel service (User: anonymous, Inst: none)
