2025-12-12 08:33:39.449 +00:00 [INF] 🚀 Starting AssetManagement API... (User: , Inst: )
2025-12-12 08:33:39.866 +00:00 [INF] Subscription background service started at "2025-12-12T08:33:39.8636132Z" (User: , Inst: )
2025-12-12 08:33:45.679 +00:00 [INF] Subscription & Maintenance Background Service started. (User: , Inst: )
2025-12-12 08:33:47.283 +00:00 [INF] Subscription check completed at "2025-12-12T08:33:47.2835305Z" (User: , Inst: )
2025-12-12 08:33:47.994 +00:00 [INF] Updated depreciation for asset Awesome Steel Pants: current value ¤2,539.76 (User: , Inst: )
2025-12-12 08:33:48.006 +00:00 [INF] Updated depreciation for asset Fantastic Plastic Ball: current value ¤3,501.17 (User: , Inst: )
2025-12-12 08:33:48.014 +00:00 [INF] Updated depreciation for asset Practical Wooden Bike: current value ¤4,260.71 (User: , Inst: )
2025-12-12 08:34:00.004 +00:00 [INF] 💤 Application shutting down... (User: , Inst: )
2025-12-12 08:34:21.076 +00:00 [INF] 🚀 Starting AssetManagement API... (User: , Inst: )
2025-12-12 08:34:21.349 +00:00 [INF] Subscription background service started at "2025-12-12T08:34:21.3480613Z" (User: , Inst: )
2025-12-12 08:34:25.318 +00:00 [INF] Subscription & Maintenance Background Service started. (User: , Inst: )
2025-12-12 08:34:26.370 +00:00 [INF] Subscription check completed at "2025-12-12T08:34:26.3709654Z" (User: , Inst: )
2025-12-12 08:34:26.798 +00:00 [INF] Updated depreciation for asset Awesome Steel Pants: current value ¤2,539.76 (User: , Inst: )
2025-12-12 08:34:26.804 +00:00 [INF] Updated depreciation for asset Fantastic Plastic Ball: current value ¤3,501.17 (User: , Inst: )
2025-12-12 08:34:26.809 +00:00 [INF] Updated depreciation for asset Practical Wooden Bike: current value ¤4,260.71 (User: , Inst: )
2025-12-12 08:35:03.289 +00:00 [WRN] Failed to determine the https port for redirect. (User: anonymous, Inst: none)
2025-12-12 15:27:16.419 +00:00 [INF] 🚀 Starting AssetManagement API... (User: , Inst: )
2025-12-12 15:27:16.558 +00:00 [INF] Subscription background service started at "2025-12-12T15:27:16.5572498Z" (User: , Inst: )
2025-12-12 15:27:18.824 +00:00 [INF] Subscription & Maintenance Background Service started. (User: , Inst: )
2025-12-12 15:27:19.385 +00:00 [INF] Subscription check completed at "2025-12-12T15:27:19.3855086Z" (User: , Inst: )
2025-12-12 15:27:19.747 +00:00 [INF] Updated depreciation for asset Awesome Steel Pants: current value ¤2,539.76 (User: , Inst: )
2025-12-12 15:27:19.754 +00:00 [INF] Updated depreciation for asset Fantastic Plastic Ball: current value ¤3,501.17 (User: , Inst: )
2025-12-12 15:27:19.758 +00:00 [INF] Updated depreciation for asset Practical Wooden Bike: current value ¤4,260.71 (User: , Inst: )
2025-12-12 15:28:24.362 +00:00 [WRN] Failed to determine the https port for redirect. (User: anonymous, Inst: none)
2025-12-12 15:31:03.034 +00:00 [INF] 💤 Application shutting down... (User: , Inst: )
2025-12-12 15:32:10.472 +00:00 [INF] 🚀 Starting AssetManagement API... (User: , Inst: )
2025-12-12 15:32:10.610 +00:00 [INF] Subscription background service started at "2025-12-12T15:32:10.6090891Z" (User: , Inst: )
2025-12-12 15:32:12.460 +00:00 [INF] Subscription & Maintenance Background Service started. (User: , Inst: )
2025-12-12 15:32:12.911 +00:00 [INF] Subscription check completed at "2025-12-12T15:32:12.9110977Z" (User: , Inst: )
2025-12-12 15:32:13.117 +00:00 [INF] Updated depreciation for asset Awesome Steel Pants: current value ¤2,539.76 (User: , Inst: )
2025-12-12 15:32:13.121 +00:00 [INF] Updated depreciation for asset Fantastic Plastic Ball: current value ¤3,501.17 (User: , Inst: )
2025-12-12 15:32:13.124 +00:00 [INF] Updated depreciation for asset Practical Wooden Bike: current value ¤4,260.71 (User: , Inst: )
2025-12-12 15:32:24.274 +00:00 [WRN] Failed to determine the https port for redirect. (User: anonymous, Inst: none)
2025-12-12 15:32:24.511 +00:00 [INF] Querying health. (User: anonymous, Inst: none)
2025-12-12 15:32:24.513 +00:00 [INF] Health action queried successfully. (User: anonymous, Inst: none)
2025-12-12 15:33:35.078 +00:00 [INF] 💤 Application shutting down... (User: , Inst: )
2025-12-12 17:39:32.232 +00:00 [INF] 🚀 Starting AssetManagement API... (User: , Inst: )
2025-12-12 17:39:32.380 +00:00 [INF] Subscription background service started at "2025-12-12T17:39:32.3792499Z" (User: , Inst: )
2025-12-12 17:39:34.446 +00:00 [INF] Subscription & Maintenance Background Service started. (User: , Inst: )
2025-12-12 17:39:34.992 +00:00 [INF] Subscription check completed at "2025-12-12T17:39:34.9929104Z" (User: , Inst: )
2025-12-12 17:39:35.320 +00:00 [INF] Updated depreciation for asset Awesome Steel Pants: current value ¤2,539.76 (User: , Inst: )
2025-12-12 17:39:35.326 +00:00 [INF] Updated depreciation for asset Fantastic Plastic Ball: current value ¤3,501.17 (User: , Inst: )
2025-12-12 17:39:35.329 +00:00 [INF] Updated depreciation for asset Practical Wooden Bike: current value ¤4,260.71 (User: , Inst: )
2025-12-12 17:40:01.248 +00:00 [WRN] Failed to determine the https port for redirect. (User: anonymous, Inst: none)
2025-12-12 17:42:02.921 +00:00 [INF] 💤 Application shutting down... (User: , Inst: )
2025-12-12 17:42:09.025 +00:00 [INF] 🚀 Starting AssetManagement API... (User: , Inst: )
2025-12-12 17:42:09.145 +00:00 [INF] Subscription background service started at "2025-12-12T17:42:09.1450032Z" (User: , Inst: )
2025-12-12 17:42:11.145 +00:00 [INF] Subscription & Maintenance Background Service started. (User: , Inst: )
2025-12-12 17:42:11.734 +00:00 [INF] Subscription check completed at "2025-12-12T17:42:11.7345817Z" (User: , Inst: )
2025-12-12 17:42:11.993 +00:00 [INF] Updated depreciation for asset Awesome Steel Pants: current value ¤2,539.76 (User: , Inst: )
2025-12-12 17:42:11.999 +00:00 [INF] Updated depreciation for asset Fantastic Plastic Ball: current value ¤3,501.17 (User: , Inst: )
2025-12-12 17:42:12.001 +00:00 [INF] Updated depreciation for asset Practical Wooden Bike: current value ¤4,260.71 (User: , Inst: )
2025-12-12 17:42:22.204 +00:00 [WRN] Failed to determine the https port for redirect. (User: anonymous, Inst: none)
2025-12-12 18:43:08.068 +00:00 [INF] 💤 Application shutting down... (User: , Inst: )
2025-12-12 18:55:42.902 +00:00 [INF] 🚀 Starting AssetManagement API... (User: , Inst: )
2025-12-12 18:55:43.203 +00:00 [INF] Subscription background service started at "2025-12-12T18:55:43.2016852Z" (User: , Inst: )
2025-12-12 18:55:46.306 +00:00 [INF] Subscription & Maintenance Background Service started. (User: , Inst: )
2025-12-12 18:55:47.103 +00:00 [INF] Subscription check completed at "2025-12-12T18:55:47.1032829Z" (User: , Inst: )
2025-12-12 18:55:47.409 +00:00 [INF] Updated depreciation for asset Practical Wooden Bike: current value ¤4,260.71 (User: , Inst: )
2025-12-12 18:55:47.414 +00:00 [INF] Updated depreciation for asset Awesome Steel Pants: current value ¤2,539.76 (User: , Inst: )
2025-12-12 18:55:47.416 +00:00 [INF] Updated depreciation for asset Fantastic Plastic Ball: current value ¤3,501.17 (User: , Inst: )
2025-12-12 18:56:13.409 +00:00 [WRN] Failed to determine the https port for redirect. (User: anonymous, Inst: none)
2025-12-12 19:11:08.153 +00:00 [INF] 🚀 Starting AssetManagement API... (User: , Inst: )
2025-12-12 19:11:08.341 +00:00 [INF] Subscription background service started at "2025-12-12T19:11:08.3399961Z" (User: , Inst: )
2025-12-12 19:11:10.354 +00:00 [INF] Subscription & Maintenance Background Service started. (User: , Inst: )
2025-12-12 19:11:11.008 +00:00 [INF] Subscription check completed at "2025-12-12T19:11:11.0081041Z" (User: , Inst: )
2025-12-12 19:11:11.249 +00:00 [INF] Updated depreciation for asset Practical Wooden Bike: current value ¤4,260.71 (User: , Inst: )
2025-12-12 19:11:11.259 +00:00 [INF] Updated depreciation for asset Awesome Steel Pants: current value ¤2,539.76 (User: , Inst: )
2025-12-12 19:11:11.263 +00:00 [INF] Updated depreciation for asset Fantastic Plastic Ball: current value ¤3,501.17 (User: , Inst: )
2025-12-12 19:11:37.783 +00:00 [WRN] Failed to determine the https port for redirect. (User: anonymous, Inst: none)
2025-12-12 19:34:02.243 +00:00 [INF] Fetching AssetCategoriesModel by id "019b13c8-a32d-7801-b4cc-9c419232d7d6" (User: anonymous, Inst: none)
2025-12-12 19:45:34.259 +00:00 [INF] Fetching AssetCategoriesModel by id "019b13c8-a32d-7801-b4cc-9c419232d7d6" (User: anonymous, Inst: none)
2025-12-12 19:46:02.763 +00:00 [INF] Fetching AssetCategoriesModel by id "019b13c8-a32d-7801-b4cc-9c419232d7d6" (User: anonymous, Inst: none)
2025-12-12 19:57:44.878 +00:00 [INF] Fetching AssetCategoriesModel by id "019b13c8-a32d-7801-b4cc-9c419232d7d6" (User: anonymous, Inst: none)
