2025-12-21 05:40:47.373 +00:00 [INF] 🚀 Starting AssetManagement API... (User: , Inst: )
2025-12-21 05:40:47.542 +00:00 [INF] Subscription background service started at "2025-12-21T05:40:47.5415007Z" (User: , Inst: )
2025-12-21 05:40:49.961 +00:00 [INF] Subscription & Maintenance Background Service started. (User: , Inst: )
2025-12-21 05:40:50.588 +00:00 [INF] Subscription check completed at "2025-12-21T05:40:50.5886411Z" (User: , Inst: )
2025-12-21 05:40:50.962 +00:00 [INF] Updated depreciation for asset Awesome Steel Pants --update: current value ¤2,539.76 (User: , Inst: )
2025-12-21 05:40:50.967 +00:00 [INF] Updated depreciation for asset Practical Wooden Bike: current value ¤4,260.71 (User: , Inst: )
2025-12-21 05:40:50.970 +00:00 [INF] Updated depreciation for asset 23423423: current value ¤7,870.00 (User: , Inst: )
2025-12-21 05:40:50.972 +00:00 [INF] Updated depreciation for asset Hello string Asset: current value ¤23,000.00 (User: , Inst: )
2025-12-21 05:40:51.020 +00:00 [INF] [Redis] Published message to channel: notifications (User: , Inst: )
2025-12-21 05:40:51.104 +00:00 [ERR] Error processing asset "019b262c-023b-71ce-a8e7-62041917edd1" (User: , Inst: )
System.ArgumentNullException: Value cannot be null. (Parameter 'address')
   at MimeKit.MailboxAddress..ctor(Encoding encoding, String name, String address)
   at MimeKit.MailboxAddress..ctor(String name, String address)
   at AssetManagement.API.DAL.Services.EmailService.EmailService.SendEmailAsync(String to, String subject, String htmlBody) in C:\Users\sammi\PROJECTS\PERSONAL\JET_BRAINS\FAST_TRACK_SERVICES\Assets_Management\FrontEnd_and_BackEnd\assetmanagement_backend\AssetManagement.API\DAL\Services\EmailService\EmailService.cs:line 13
   at AssetManagement.API.DAL.Services.NotificationService.NotificationService.SendMaintenanceDueAsync(AssetsModel assetsModel) in C:\Users\sammi\PROJECTS\PERSONAL\JET_BRAINS\FAST_TRACK_SERVICES\Assets_Management\FrontEnd_and_BackEnd\assetmanagement_backend\AssetManagement.API\DAL\Services\NotificationService\NotificationService.cs:line 92
   at AssetManagement.API.DAL.Services.BackgroundServices.SubscriptionMaintenanceService.HandleAssetMaintenance(IAssetRepository assetRepo, INotificationService notificationService, IDepreciationService depreciationService) in C:\Users\sammi\PROJECTS\PERSONAL\JET_BRAINS\FAST_TRACK_SERVICES\Assets_Management\FrontEnd_and_BackEnd\assetmanagement_backend\AssetManagement.API\DAL\Services\BackgroundServices\SubscriptionMaintenanceService.cs:line 79
2025-12-21 05:40:51.107 +00:00 [INF] Updated depreciation for asset Fantastic Plastic Ball: current value ¤3,501.17 (User: , Inst: )
2025-12-21 05:43:07.296 +00:00 [WRN] Failed to determine the https port for redirect. (User: anonymous, Inst: none)
2025-12-21 05:43:07.745 +00:00 [INF] Querying AssetTypesModel service (User: anonymous, Inst: none)
2025-12-21 05:43:23.801 +00:00 [INF] Querying AssetTypesModel service (User: anonymous, Inst: none)
2025-12-21 06:12:08.551 +00:00 [INF] Querying AssetTypesModel service (User: anonymous, Inst: none)
2025-12-21 06:13:19.439 +00:00 [INF] Querying AssetTypesModel service (User: anonymous, Inst: none)
2025-12-21 06:13:19.659 +00:00 [INF] Querying AssetTypesModel service (User: anonymous, Inst: none)
2025-12-21 06:13:36.290 +00:00 [INF] Querying AssetTypesModel service (User: anonymous, Inst: none)
2025-12-21 06:20:53.868 +00:00 [INF] Querying AssetTypesModel service (User: anonymous, Inst: none)
2025-12-21 06:21:25.155 +00:00 [INF] AssetTypesModel added to database. (User: anonymous, Inst: none)
2025-12-21 06:21:25.307 +00:00 [INF] Querying AssetTypesModel service (User: anonymous, Inst: none)
2025-12-21 06:37:31.206 +00:00 [INF] Querying AssetTypesModel service (User: anonymous, Inst: none)
2025-12-21 06:37:31.451 +00:00 [INF] Querying AssetTypesModel service (User: anonymous, Inst: none)
2025-12-21 06:38:17.589 +00:00 [INF] AssetTypesModel updated in database. (User: anonymous, Inst: none)
2025-12-21 06:38:17.678 +00:00 [INF] Querying AssetTypesModel service (User: anonymous, Inst: none)
2025-12-21 06:49:41.377 +00:00 [INF] Querying AssetTypesModel service (User: anonymous, Inst: none)
2025-12-21 06:49:41.377 +00:00 [INF] Querying AssetTypesModel service (User: anonymous, Inst: none)
2025-12-21 06:49:41.377 +00:00 [INF] Querying AssetTypesModel service (User: anonymous, Inst: none)
2025-12-21 06:49:41.691 +00:00 [INF] Querying AssetTypesModel service (User: anonymous, Inst: none)
2025-12-21 06:49:45.072 +00:00 [INF] Querying AssetTypesModel service (User: anonymous, Inst: none)
2025-12-21 06:51:39.732 +00:00 [INF] Querying AssetTypesModel service (User: anonymous, Inst: none)
2025-12-21 06:54:53.562 +00:00 [INF] Querying AssetTypesModel service (User: anonymous, Inst: none)
2025-12-21 06:54:53.763 +00:00 [INF] Querying AssetTypesModel service (User: anonymous, Inst: none)
2025-12-21 23:44:48.814 +00:00 [INF] 🚀 Starting AssetManagement API... (User: , Inst: )
2025-12-21 23:44:49.135 +00:00 [INF] Subscription background service started at "2025-12-21T23:44:49.1335371Z" (User: , Inst: )
2025-12-21 23:44:53.695 +00:00 [INF] Subscription & Maintenance Background Service started. (User: , Inst: )
2025-12-21 23:44:54.766 +00:00 [INF] Subscription check completed at "2025-12-21T23:44:54.7666787Z" (User: , Inst: )
2025-12-21 23:44:55.254 +00:00 [INF] Updated depreciation for asset Fantastic Plastic Ball: current value ¤3,501.17 (User: , Inst: )
2025-12-21 23:44:55.266 +00:00 [INF] Updated depreciation for asset Awesome Steel Pants --update: current value ¤2,539.76 (User: , Inst: )
2025-12-21 23:44:55.271 +00:00 [INF] Updated depreciation for asset Practical Wooden Bike: current value ¤4,260.71 (User: , Inst: )
2025-12-21 23:44:55.276 +00:00 [INF] Updated depreciation for asset 23423423: current value ¤7,870.00 (User: , Inst: )
2025-12-21 23:44:55.280 +00:00 [INF] Updated depreciation for asset Hello string Asset: current value ¤23,000.00 (User: , Inst: )
2025-12-21 23:44:55.367 +00:00 [INF] [Redis] Published message to channel: notifications (User: , Inst: )
2025-12-21 23:44:55.493 +00:00 [ERR] Error processing asset "019b262c-023b-71ce-a8e7-62041917edd1" (User: , Inst: )
System.ArgumentNullException: Value cannot be null. (Parameter 'address')
   at MimeKit.MailboxAddress..ctor(Encoding encoding, String name, String address)
   at MimeKit.MailboxAddress..ctor(String name, String address)
   at AssetManagement.API.DAL.Services.EmailService.EmailService.SendEmailAsync(String to, String subject, String htmlBody) in C:\Users\sammi\PROJECTS\PERSONAL\JET_BRAINS\FAST_TRACK_SERVICES\Assets_Management\FrontEnd_and_BackEnd\assetmanagement_backend\AssetManagement.API\DAL\Services\EmailService\EmailService.cs:line 13
   at AssetManagement.API.DAL.Services.NotificationService.NotificationService.SendMaintenanceDueAsync(AssetsModel assetsModel) in C:\Users\sammi\PROJECTS\PERSONAL\JET_BRAINS\FAST_TRACK_SERVICES\Assets_Management\FrontEnd_and_BackEnd\assetmanagement_backend\AssetManagement.API\DAL\Services\NotificationService\NotificationService.cs:line 92
   at AssetManagement.API.DAL.Services.BackgroundServices.SubscriptionMaintenanceService.HandleAssetMaintenance(IAssetRepository assetRepo, INotificationService notificationService, IDepreciationService depreciationService) in C:\Users\sammi\PROJECTS\PERSONAL\JET_BRAINS\FAST_TRACK_SERVICES\Assets_Management\FrontEnd_and_BackEnd\assetmanagement_backend\AssetManagement.API\DAL\Services\BackgroundServices\SubscriptionMaintenanceService.cs:line 79
2025-12-21 23:45:39.373 +00:00 [WRN] Failed to determine the https port for redirect. (User: anonymous, Inst: none)
2025-12-21 23:45:39.649 +00:00 [INF] Querying AssetTypesModel service (User: anonymous, Inst: none)
