2025-12-23 00:09:59.573 +00:00 [INF] Querying AssetTypesModel service (User: anonymous, Inst: none)
2025-12-23 00:14:36.791 +00:00 [INF] Querying InstitutionsModel service (User: anonymous, Inst: none)
2025-12-23 00:36:37.547 +00:00 [INF] Querying InstitutionsModel service (User: anonymous, Inst: none)
2025-12-23 00:51:24.107 +00:00 [INF] Querying InstitutionsModel service (User: anonymous, Inst: none)
2025-12-23 00:51:32.299 +00:00 [INF] Querying InstitutionsModel service (User: anonymous, Inst: none)
2025-12-23 00:52:08.208 +00:00 [INF] Querying InstitutionsModel service (User: anonymous, Inst: none)
2025-12-23 00:52:30.738 +00:00 [INF] Querying InstitutionsModel service (User: anonymous, Inst: none)
2025-12-23 10:30:56.807 +00:00 [INF] 🚀 Starting AssetManagement API... (User: , Inst: )
2025-12-23 10:30:56.990 +00:00 [INF] Subscription background service started at "2025-12-23T10:30:56.9896095Z" (User: , Inst: )
2025-12-23 10:30:59.394 +00:00 [INF] Subscription & Maintenance Background Service started. (User: , Inst: )
2025-12-23 10:30:59.991 +00:00 [INF] Subscription check completed at "2025-12-23T10:30:59.9917251Z" (User: , Inst: )
2025-12-23 10:31:00.346 +00:00 [INF] Updated depreciation for asset Fantastic Plastic Ball: current value ¤3,501.17 (User: , Inst: )
2025-12-23 10:31:00.354 +00:00 [INF] Updated depreciation for asset Awesome Steel Pants --update: current value ¤2,539.76 (User: , Inst: )
2025-12-23 10:31:00.356 +00:00 [INF] Updated depreciation for asset Practical Wooden Bike: current value ¤4,260.71 (User: , Inst: )
2025-12-23 10:31:00.358 +00:00 [INF] Updated depreciation for asset 23423423: current value ¤7,870.00 (User: , Inst: )
2025-12-23 10:31:00.361 +00:00 [INF] Updated depreciation for asset Hello string Asset: current value ¤23,000.00 (User: , Inst: )
2025-12-23 10:31:00.407 +00:00 [INF] [Redis] Published message to channel: notifications (User: , Inst: )
2025-12-23 10:31:00.485 +00:00 [ERR] Error processing asset "019b262c-023b-71ce-a8e7-62041917edd1" (User: , Inst: )
System.ArgumentNullException: Value cannot be null. (Parameter 'address')
   at MimeKit.MailboxAddress..ctor(Encoding encoding, String name, String address)
   at MimeKit.MailboxAddress..ctor(String name, String address)
   at AssetManagement.API.DAL.Services.EmailService.EmailService.SendEmailAsync(String to, String subject, String htmlBody) in C:\Users\sammi\PROJECTS\PERSONAL\JET_BRAINS\FAST_TRACK_SERVICES\Assets_Management\FrontEnd_and_BackEnd\assetmanagement_backend\AssetManagement.API\DAL\Services\EmailService\EmailService.cs:line 13
   at AssetManagement.API.DAL.Services.NotificationService.NotificationService.SendMaintenanceDueAsync(AssetsModel assetsModel) in C:\Users\sammi\PROJECTS\PERSONAL\JET_BRAINS\FAST_TRACK_SERVICES\Assets_Management\FrontEnd_and_BackEnd\assetmanagement_backend\AssetManagement.API\DAL\Services\NotificationService\NotificationService.cs:line 92
   at AssetManagement.API.DAL.Services.BackgroundServices.SubscriptionMaintenanceService.HandleAssetMaintenance(IAssetRepository assetRepo, INotificationService notificationService, IDepreciationService depreciationService) in C:\Users\sammi\PROJECTS\PERSONAL\JET_BRAINS\FAST_TRACK_SERVICES\Assets_Management\FrontEnd_and_BackEnd\assetmanagement_backend\AssetManagement.API\DAL\Services\BackgroundServices\SubscriptionMaintenanceService.cs:line 79
2025-12-23 10:31:14.689 +00:00 [WRN] Failed to determine the https port for redirect. (User: anonymous, Inst: none)
2025-12-23 10:31:14.918 +00:00 [INF] Querying AssetTypesModel service (User: anonymous, Inst: none)
2025-12-23 10:59:49.884 +00:00 [INF] Querying AssetTypesModel service (User: anonymous, Inst: none)
2025-12-23 10:59:57.407 +00:00 [INF] 💤 Application shutting down... (User: , Inst: )
2025-12-23 11:12:06.470 +00:00 [INF] 🚀 Starting AssetManagement API... (User: , Inst: )
2025-12-23 11:12:06.648 +00:00 [INF] Subscription background service started at "2025-12-23T11:12:06.6472899Z" (User: , Inst: )
2025-12-23 11:12:08.708 +00:00 [INF] Subscription & Maintenance Background Service started. (User: , Inst: )
2025-12-23 11:12:09.224 +00:00 [INF] Subscription check completed at "2025-12-23T11:12:09.2241164Z" (User: , Inst: )
2025-12-23 11:12:09.512 +00:00 [INF] Updated depreciation for asset Fantastic Plastic Ball: current value ¤3,501.17 (User: , Inst: )
2025-12-23 11:12:09.517 +00:00 [INF] Updated depreciation for asset Awesome Steel Pants --update: current value ¤2,539.76 (User: , Inst: )
2025-12-23 11:12:09.519 +00:00 [INF] Updated depreciation for asset Practical Wooden Bike: current value ¤4,260.71 (User: , Inst: )
2025-12-23 11:12:09.520 +00:00 [INF] Updated depreciation for asset 23423423: current value ¤7,870.00 (User: , Inst: )
2025-12-23 11:12:09.522 +00:00 [INF] Updated depreciation for asset Hello string Asset: current value ¤23,000.00 (User: , Inst: )
2025-12-23 11:12:09.560 +00:00 [INF] [Redis] Published message to channel: notifications (User: , Inst: )
2025-12-23 11:12:09.616 +00:00 [ERR] Error processing asset "019b262c-023b-71ce-a8e7-62041917edd1" (User: , Inst: )
System.ArgumentNullException: Value cannot be null. (Parameter 'address')
   at MimeKit.MailboxAddress..ctor(Encoding encoding, String name, String address)
   at MimeKit.MailboxAddress..ctor(String name, String address)
   at AssetManagement.API.DAL.Services.EmailService.EmailService.SendEmailAsync(String to, String subject, String htmlBody) in C:\Users\sammi\PROJECTS\PERSONAL\JET_BRAINS\FAST_TRACK_SERVICES\Assets_Management\FrontEnd_and_BackEnd\assetmanagement_backend\AssetManagement.API\DAL\Services\EmailService\EmailService.cs:line 13
   at AssetManagement.API.DAL.Services.NotificationService.NotificationService.SendMaintenanceDueAsync(AssetsModel assetsModel) in C:\Users\sammi\PROJECTS\PERSONAL\JET_BRAINS\FAST_TRACK_SERVICES\Assets_Management\FrontEnd_and_BackEnd\assetmanagement_backend\AssetManagement.API\DAL\Services\NotificationService\NotificationService.cs:line 92
   at AssetManagement.API.DAL.Services.BackgroundServices.SubscriptionMaintenanceService.HandleAssetMaintenance(IAssetRepository assetRepo, INotificationService notificationService, IDepreciationService depreciationService) in C:\Users\sammi\PROJECTS\PERSONAL\JET_BRAINS\FAST_TRACK_SERVICES\Assets_Management\FrontEnd_and_BackEnd\assetmanagement_backend\AssetManagement.API\DAL\Services\BackgroundServices\SubscriptionMaintenanceService.cs:line 79
2025-12-23 11:12:25.939 +00:00 [WRN] Failed to determine the https port for redirect. (User: anonymous, Inst: none)
2025-12-23 11:12:26.202 +00:00 [INF] Querying AssetTypesModel service (User: anonymous, Inst: none)
2025-12-23 11:38:39.859 +00:00 [INF] Querying AssetTypesModel service (User: anonymous, Inst: none)
2025-12-23 12:20:56.948 +00:00 [INF] 💤 Application shutting down... (User: , Inst: )
2025-12-23 13:41:00.673 +00:00 [INF] 🚀 Starting AssetManagement API... (User: , Inst: )
2025-12-23 13:41:00.904 +00:00 [INF] Subscription background service started at "2025-12-23T13:41:00.9032048Z" (User: , Inst: )
2025-12-23 13:41:03.188 +00:00 [INF] Subscription & Maintenance Background Service started. (User: , Inst: )
2025-12-23 13:41:03.978 +00:00 [INF] Subscription check completed at "2025-12-23T13:41:03.9788308Z" (User: , Inst: )
2025-12-23 13:41:04.248 +00:00 [INF] Updated depreciation for asset Fantastic Plastic Ball: current value ¤3,501.17 (User: , Inst: )
2025-12-23 13:41:04.253 +00:00 [INF] Updated depreciation for asset Awesome Steel Pants --update: current value ¤2,539.76 (User: , Inst: )
2025-12-23 13:41:04.255 +00:00 [INF] Updated depreciation for asset Practical Wooden Bike: current value ¤4,260.71 (User: , Inst: )
2025-12-23 13:41:04.258 +00:00 [INF] Updated depreciation for asset 23423423: current value ¤7,870.00 (User: , Inst: )
2025-12-23 13:41:04.260 +00:00 [INF] Updated depreciation for asset Hello string Asset: current value ¤23,000.00 (User: , Inst: )
2025-12-23 13:41:04.305 +00:00 [INF] [Redis] Published message to channel: notifications (User: , Inst: )
2025-12-23 13:41:04.373 +00:00 [ERR] Error processing asset "019b262c-023b-71ce-a8e7-62041917edd1" (User: , Inst: )
System.ArgumentNullException: Value cannot be null. (Parameter 'address')
   at MimeKit.MailboxAddress..ctor(Encoding encoding, String name, String address)
   at MimeKit.MailboxAddress..ctor(String name, String address)
   at AssetManagement.API.DAL.Services.EmailService.EmailService.SendEmailAsync(String to, String subject, String htmlBody) in C:\Users\sammi\PROJECTS\PERSONAL\JET_BRAINS\FAST_TRACK_SERVICES\Assets_Management\FrontEnd_and_BackEnd\assetmanagement_backend\AssetManagement.API\DAL\Services\EmailService\EmailService.cs:line 13
   at AssetManagement.API.DAL.Services.NotificationService.NotificationService.SendMaintenanceDueAsync(AssetsModel assetsModel) in C:\Users\sammi\PROJECTS\PERSONAL\JET_BRAINS\FAST_TRACK_SERVICES\Assets_Management\FrontEnd_and_BackEnd\assetmanagement_backend\AssetManagement.API\DAL\Services\NotificationService\NotificationService.cs:line 92
   at AssetManagement.API.DAL.Services.BackgroundServices.SubscriptionMaintenanceService.HandleAssetMaintenance(IAssetRepository assetRepo, INotificationService notificationService, IDepreciationService depreciationService) in C:\Users\sammi\PROJECTS\PERSONAL\JET_BRAINS\FAST_TRACK_SERVICES\Assets_Management\FrontEnd_and_BackEnd\assetmanagement_backend\AssetManagement.API\DAL\Services\BackgroundServices\SubscriptionMaintenanceService.cs:line 79
2025-12-23 13:41:09.429 +00:00 [WRN] Failed to determine the https port for redirect. (User: anonymous, Inst: none)
2025-12-23 13:41:09.689 +00:00 [INF] Querying AssetTypesModel service (User: anonymous, Inst: none)
2025-12-23 13:41:15.057 +00:00 [INF] 💤 Application shutting down... (User: , Inst: )
2025-12-23 14:08:12.975 +00:00 [INF] 🚀 Starting AssetManagement API... (User: , Inst: )
2025-12-23 14:08:13.094 +00:00 [INF] Subscription background service started at "2025-12-23T14:08:13.0928657Z" (User: , Inst: )
2025-12-23 14:08:14.824 +00:00 [INF] Subscription & Maintenance Background Service started. (User: , Inst: )
2025-12-23 14:08:15.257 +00:00 [INF] Subscription check completed at "2025-12-23T14:08:15.2576066Z" (User: , Inst: )
2025-12-23 14:08:15.471 +00:00 [INF] Updated depreciation for asset Fantastic Plastic Ball: current value ¤3,501.17 (User: , Inst: )
2025-12-23 14:08:15.476 +00:00 [INF] Updated depreciation for asset Awesome Steel Pants --update: current value ¤2,539.76 (User: , Inst: )
2025-12-23 14:08:15.478 +00:00 [INF] Updated depreciation for asset Practical Wooden Bike: current value ¤4,260.71 (User: , Inst: )
2025-12-23 14:08:15.479 +00:00 [INF] Updated depreciation for asset 23423423: current value ¤7,870.00 (User: , Inst: )
2025-12-23 14:08:15.481 +00:00 [INF] Updated depreciation for asset Hello string Asset: current value ¤23,000.00 (User: , Inst: )
2025-12-23 14:08:15.521 +00:00 [INF] [Redis] Published message to channel: notifications (User: , Inst: )
2025-12-23 14:08:15.579 +00:00 [ERR] Error processing asset "019b262c-023b-71ce-a8e7-62041917edd1" (User: , Inst: )
System.ArgumentNullException: Value cannot be null. (Parameter 'address')
   at MimeKit.MailboxAddress..ctor(Encoding encoding, String name, String address)
   at MimeKit.MailboxAddress..ctor(String name, String address)
   at AssetManagement.API.DAL.Services.EmailService.EmailService.SendEmailAsync(String to, String subject, String htmlBody) in C:\Users\sammi\PROJECTS\PERSONAL\JET_BRAINS\FAST_TRACK_SERVICES\Assets_Management\FrontEnd_and_BackEnd\assetmanagement_backend\AssetManagement.API\DAL\Services\EmailService\EmailService.cs:line 13
   at AssetManagement.API.DAL.Services.NotificationService.NotificationService.SendMaintenanceDueAsync(AssetsModel assetsModel) in C:\Users\sammi\PROJECTS\PERSONAL\JET_BRAINS\FAST_TRACK_SERVICES\Assets_Management\FrontEnd_and_BackEnd\assetmanagement_backend\AssetManagement.API\DAL\Services\NotificationService\NotificationService.cs:line 92
   at AssetManagement.API.DAL.Services.BackgroundServices.SubscriptionMaintenanceService.HandleAssetMaintenance(IAssetRepository assetRepo, INotificationService notificationService, IDepreciationService depreciationService) in C:\Users\sammi\PROJECTS\PERSONAL\JET_BRAINS\FAST_TRACK_SERVICES\Assets_Management\FrontEnd_and_BackEnd\assetmanagement_backend\AssetManagement.API\DAL\Services\BackgroundServices\SubscriptionMaintenanceService.cs:line 79
2025-12-23 14:08:18.199 +00:00 [WRN] Failed to determine the https port for redirect. (User: anonymous, Inst: none)
2025-12-23 14:08:18.405 +00:00 [INF] Querying AssetTypesModel service (User: anonymous, Inst: none)
2025-12-23 14:08:18.946 +00:00 [INF] Querying AssetTypesModel service (User: anonymous, Inst: none)
2025-12-23 14:14:05.551 +00:00 [INF] 💤 Application shutting down... (User: , Inst: )
2025-12-23 17:38:17.409 +00:00 [INF] 🚀 Starting AssetManagement API... (User: , Inst: )
2025-12-23 17:38:17.572 +00:00 [INF] Subscription background service started at "2025-12-23T17:38:17.5711038Z" (User: , Inst: )
2025-12-23 17:38:19.649 +00:00 [INF] Subscription & Maintenance Background Service started. (User: , Inst: )
2025-12-23 17:38:20.220 +00:00 [WRN] Failed to determine the https port for redirect. (User: anonymous, Inst: none)
2025-12-23 17:38:20.283 +00:00 [INF] Subscription check completed at "2025-12-23T17:38:20.2837922Z" (User: , Inst: )
2025-12-23 17:38:20.512 +00:00 [INF] Querying AssetTypesModel service (User: anonymous, Inst: none)
2025-12-23 17:38:20.594 +00:00 [INF] Updated depreciation for asset Awesome Steel Pants --update: current value ¤2,539.76 (User: , Inst: )
2025-12-23 17:38:20.599 +00:00 [INF] Updated depreciation for asset Practical Wooden Bike: current value ¤4,260.71 (User: , Inst: )
2025-12-23 17:38:20.602 +00:00 [INF] Updated depreciation for asset 23423423: current value ¤7,870.00 (User: , Inst: )
2025-12-23 17:38:20.604 +00:00 [INF] Updated depreciation for asset Hello string Asset: current value ¤23,000.00 (User: , Inst: )
2025-12-23 17:38:20.665 +00:00 [INF] [Redis] Published message to channel: notifications (User: , Inst: )
2025-12-23 17:38:20.755 +00:00 [ERR] Error processing asset "019b262c-023b-71ce-a8e7-62041917edd1" (User: , Inst: )
System.ArgumentNullException: Value cannot be null. (Parameter 'address')
   at MimeKit.MailboxAddress..ctor(Encoding encoding, String name, String address)
   at MimeKit.MailboxAddress..ctor(String name, String address)
   at AssetManagement.API.DAL.Services.EmailService.EmailService.SendEmailAsync(String to, String subject, String htmlBody) in C:\Users\sammi\PROJECTS\PERSONAL\JET_BRAINS\FAST_TRACK_SERVICES\Assets_Management\FrontEnd_and_BackEnd\assetmanagement_backend\AssetManagement.API\DAL\Services\EmailService\EmailService.cs:line 13
   at AssetManagement.API.DAL.Services.NotificationService.NotificationService.SendMaintenanceDueAsync(AssetsModel assetsModel) in C:\Users\sammi\PROJECTS\PERSONAL\JET_BRAINS\FAST_TRACK_SERVICES\Assets_Management\FrontEnd_and_BackEnd\assetmanagement_backend\AssetManagement.API\DAL\Services\NotificationService\NotificationService.cs:line 92
   at AssetManagement.API.DAL.Services.BackgroundServices.SubscriptionMaintenanceService.HandleAssetMaintenance(IAssetRepository assetRepo, INotificationService notificationService, IDepreciationService depreciationService) in C:\Users\sammi\PROJECTS\PERSONAL\JET_BRAINS\FAST_TRACK_SERVICES\Assets_Management\FrontEnd_and_BackEnd\assetmanagement_backend\AssetManagement.API\DAL\Services\BackgroundServices\SubscriptionMaintenanceService.cs:line 79
2025-12-23 17:38:20.757 +00:00 [INF] Updated depreciation for asset Fantastic Plastic Ball: current value ¤3,501.17 (User: , Inst: )
2025-12-23 17:38:20.811 +00:00 [INF] Querying AssetTypesModel service (User: anonymous, Inst: none)
2025-12-23 17:39:47.712 +00:00 [INF] 💤 Application shutting down... (User: , Inst: )
2025-12-23 17:40:53.975 +00:00 [INF] 🚀 Starting AssetManagement API... (User: , Inst: )
2025-12-23 17:40:54.098 +00:00 [INF] Subscription background service started at "2025-12-23T17:40:54.0973560Z" (User: , Inst: )
2025-12-23 17:40:56.129 +00:00 [INF] Subscription & Maintenance Background Service started. (User: , Inst: )
2025-12-23 17:40:56.625 +00:00 [INF] Subscription check completed at "2025-12-23T17:40:56.6255498Z" (User: , Inst: )
2025-12-23 17:40:56.977 +00:00 [INF] Updated depreciation for asset Awesome Steel Pants --update: current value ¤2,539.76 (User: , Inst: )
2025-12-23 17:40:56.981 +00:00 [INF] Updated depreciation for asset Practical Wooden Bike: current value ¤4,260.71 (User: , Inst: )
2025-12-23 17:40:56.983 +00:00 [INF] Updated depreciation for asset 23423423: current value ¤7,870.00 (User: , Inst: )
2025-12-23 17:40:56.984 +00:00 [INF] Updated depreciation for asset Hello string Asset: current value ¤23,000.00 (User: , Inst: )
2025-12-23 17:40:57.017 +00:00 [INF] [Redis] Published message to channel: notifications (User: , Inst: )
2025-12-23 17:40:57.064 +00:00 [ERR] Error processing asset "019b262c-023b-71ce-a8e7-62041917edd1" (User: , Inst: )
System.ArgumentNullException: Value cannot be null. (Parameter 'address')
   at MimeKit.MailboxAddress..ctor(Encoding encoding, String name, String address)
   at MimeKit.MailboxAddress..ctor(String name, String address)
   at AssetManagement.API.DAL.Services.EmailService.EmailService.SendEmailAsync(String to, String subject, String htmlBody) in C:\Users\sammi\PROJECTS\PERSONAL\JET_BRAINS\FAST_TRACK_SERVICES\Assets_Management\FrontEnd_and_BackEnd\assetmanagement_backend\AssetManagement.API\DAL\Services\EmailService\EmailService.cs:line 13
   at AssetManagement.API.DAL.Services.NotificationService.NotificationService.SendMaintenanceDueAsync(AssetsModel assetsModel) in C:\Users\sammi\PROJECTS\PERSONAL\JET_BRAINS\FAST_TRACK_SERVICES\Assets_Management\FrontEnd_and_BackEnd\assetmanagement_backend\AssetManagement.API\DAL\Services\NotificationService\NotificationService.cs:line 92
   at AssetManagement.API.DAL.Services.BackgroundServices.SubscriptionMaintenanceService.HandleAssetMaintenance(IAssetRepository assetRepo, INotificationService notificationService, IDepreciationService depreciationService) in C:\Users\sammi\PROJECTS\PERSONAL\JET_BRAINS\FAST_TRACK_SERVICES\Assets_Management\FrontEnd_and_BackEnd\assetmanagement_backend\AssetManagement.API\DAL\Services\BackgroundServices\SubscriptionMaintenanceService.cs:line 79
2025-12-23 17:40:57.067 +00:00 [INF] Updated depreciation for asset Fantastic Plastic Ball: current value ¤3,501.17 (User: , Inst: )
2025-12-23 17:40:58.936 +00:00 [WRN] Failed to determine the https port for redirect. (User: anonymous, Inst: none)
2025-12-23 17:40:59.272 +00:00 [INF] Querying AssetTypesModel service (User: anonymous, Inst: none)
2025-12-23 17:40:59.566 +00:00 [INF] Querying AssetTypesModel service (User: anonymous, Inst: none)
2025-12-23 17:49:35.919 +00:00 [INF] Querying InstitutionsModel service (User: anonymous, Inst: none)
2025-12-23 17:56:20.548 +00:00 [INF] Querying AssetCategoriesModel service (User: anonymous, Inst: none)
2025-12-23 17:56:26.181 +00:00 [INF] Fetching AssetCategoriesModel by id "019abf11-a007-7468-8473-9353b213dd1b" (User: anonymous, Inst: none)
2025-12-23 18:00:03.645 +00:00 [INF] Querying AssetCategoriesModel service (User: anonymous, Inst: none)
2025-12-23 18:00:03.716 +00:00 [INF] Querying AssetCategoriesModel service (User: anonymous, Inst: none)
2025-12-23 18:00:08.257 +00:00 [INF] Querying AssetCategoriesModel service (User: anonymous, Inst: none)
2025-12-23 18:00:13.221 +00:00 [INF] Querying AssetCategoriesModel service (User: anonymous, Inst: none)
2025-12-23 18:00:18.219 +00:00 [INF] Querying AssetCategoriesModel service (User: anonymous, Inst: none)
2025-12-23 18:00:23.209 +00:00 [INF] Querying AssetCategoriesModel service (User: anonymous, Inst: none)
2025-12-23 18:00:28.206 +00:00 [INF] Querying AssetCategoriesModel service (User: anonymous, Inst: none)
2025-12-23 18:00:33.201 +00:00 [INF] Querying AssetCategoriesModel service (User: anonymous, Inst: none)
2025-12-23 18:00:38.201 +00:00 [INF] Querying AssetCategoriesModel service (User: anonymous, Inst: none)
2025-12-23 18:00:43.223 +00:00 [INF] Querying AssetCategoriesModel service (User: anonymous, Inst: none)
2025-12-23 18:00:48.223 +00:00 [INF] Querying AssetCategoriesModel service (User: anonymous, Inst: none)
2025-12-23 18:00:53.201 +00:00 [INF] Querying AssetCategoriesModel service (User: anonymous, Inst: none)
2025-12-23 18:00:58.208 +00:00 [INF] Querying AssetCategoriesModel service (User: anonymous, Inst: none)
2025-12-23 18:01:03.215 +00:00 [INF] Querying AssetCategoriesModel service (User: anonymous, Inst: none)
2025-12-23 18:01:08.208 +00:00 [INF] Querying AssetCategoriesModel service (User: anonymous, Inst: none)
2025-12-23 18:01:13.220 +00:00 [INF] Querying AssetCategoriesModel service (User: anonymous, Inst: none)
2025-12-23 18:01:18.229 +00:00 [INF] Querying AssetCategoriesModel service (User: anonymous, Inst: none)
2025-12-23 18:01:23.222 +00:00 [INF] Querying AssetCategoriesModel service (User: anonymous, Inst: none)
2025-12-23 18:01:28.225 +00:00 [INF] Querying AssetCategoriesModel service (User: anonymous, Inst: none)
2025-12-23 18:01:33.199 +00:00 [INF] Querying AssetCategoriesModel service (User: anonymous, Inst: none)
2025-12-23 18:01:38.221 +00:00 [INF] Querying AssetCategoriesModel service (User: anonymous, Inst: none)
2025-12-23 18:01:43.207 +00:00 [INF] Querying AssetCategoriesModel service (User: anonymous, Inst: none)
2025-12-23 18:01:48.223 +00:00 [INF] Querying AssetCategoriesModel service (User: anonymous, Inst: none)
2025-12-23 18:01:53.202 +00:00 [INF] Querying AssetCategoriesModel service (User: anonymous, Inst: none)
2025-12-23 18:01:58.206 +00:00 [INF] Querying AssetCategoriesModel service (User: anonymous, Inst: none)
2025-12-23 18:02:03.201 +00:00 [INF] Querying AssetCategoriesModel service (User: anonymous, Inst: none)
2025-12-23 18:02:08.217 +00:00 [INF] Querying AssetCategoriesModel service (User: anonymous, Inst: none)
2025-12-23 18:02:13.218 +00:00 [INF] Querying AssetCategoriesModel service (User: anonymous, Inst: none)
2025-12-23 18:02:18.230 +00:00 [INF] Querying AssetCategoriesModel service (User: anonymous, Inst: none)
2025-12-23 18:02:23.204 +00:00 [INF] Querying AssetCategoriesModel service (User: anonymous, Inst: none)
2025-12-23 18:02:28.208 +00:00 [INF] Querying AssetCategoriesModel service (User: anonymous, Inst: none)
2025-12-23 18:02:29.778 +00:00 [INF] Querying AssetCategoriesModel service (User: anonymous, Inst: none)
2025-12-23 18:02:29.824 +00:00 [INF] Querying AssetCategoriesModel service (User: anonymous, Inst: none)
2025-12-23 18:02:34.730 +00:00 [INF] Querying AssetCategoriesModel service (User: anonymous, Inst: none)
2025-12-23 18:02:39.709 +00:00 [INF] Querying AssetCategoriesModel service (User: anonymous, Inst: none)
2025-12-23 18:02:44.719 +00:00 [INF] Querying AssetCategoriesModel service (User: anonymous, Inst: none)
2025-12-23 18:02:49.721 +00:00 [INF] Querying AssetCategoriesModel service (User: anonymous, Inst: none)
2025-12-23 18:02:54.724 +00:00 [INF] Querying AssetCategoriesModel service (User: anonymous, Inst: none)
2025-12-23 18:02:59.717 +00:00 [INF] Querying AssetCategoriesModel service (User: anonymous, Inst: none)
2025-12-23 18:03:04.779 +00:00 [INF] Querying AssetCategoriesModel service (User: anonymous, Inst: none)
2025-12-23 18:03:09.731 +00:00 [INF] Querying AssetCategoriesModel service (User: anonymous, Inst: none)
2025-12-23 18:03:14.730 +00:00 [INF] Querying AssetCategoriesModel service (User: anonymous, Inst: none)
2025-12-23 18:03:19.738 +00:00 [INF] Querying AssetCategoriesModel service (User: anonymous, Inst: none)
2025-12-23 18:03:24.726 +00:00 [INF] Querying AssetCategoriesModel service (User: anonymous, Inst: none)
2025-12-23 18:03:29.738 +00:00 [INF] Querying AssetCategoriesModel service (User: anonymous, Inst: none)
2025-12-23 18:03:34.718 +00:00 [INF] Querying AssetCategoriesModel service (User: anonymous, Inst: none)
2025-12-23 18:03:39.714 +00:00 [INF] Querying AssetCategoriesModel service (User: anonymous, Inst: none)
2025-12-23 18:03:44.738 +00:00 [INF] Querying AssetCategoriesModel service (User: anonymous, Inst: none)
2025-12-23 18:03:49.712 +00:00 [INF] Querying AssetCategoriesModel service (User: anonymous, Inst: none)
2025-12-23 18:03:54.718 +00:00 [INF] Querying AssetCategoriesModel service (User: anonymous, Inst: none)
2025-12-23 18:03:59.741 +00:00 [INF] Querying AssetCategoriesModel service (User: anonymous, Inst: none)
2025-12-23 18:04:04.734 +00:00 [INF] Querying AssetCategoriesModel service (User: anonymous, Inst: none)
2025-12-23 18:04:09.721 +00:00 [INF] Querying AssetCategoriesModel service (User: anonymous, Inst: none)
2025-12-23 18:04:14.721 +00:00 [INF] Querying AssetCategoriesModel service (User: anonymous, Inst: none)
2025-12-23 18:04:19.713 +00:00 [INF] Querying AssetCategoriesModel service (User: anonymous, Inst: none)
2025-12-23 18:04:24.736 +00:00 [INF] Querying AssetCategoriesModel service (User: anonymous, Inst: none)
2025-12-23 18:04:29.728 +00:00 [INF] Querying AssetCategoriesModel service (User: anonymous, Inst: none)
2025-12-23 18:04:34.726 +00:00 [INF] Querying AssetCategoriesModel service (User: anonymous, Inst: none)
2025-12-23 18:04:39.719 +00:00 [INF] Querying AssetCategoriesModel service (User: anonymous, Inst: none)
2025-12-23 18:04:44.714 +00:00 [INF] Querying AssetCategoriesModel service (User: anonymous, Inst: none)
2025-12-23 18:04:49.735 +00:00 [INF] Querying AssetCategoriesModel service (User: anonymous, Inst: none)
2025-12-23 18:04:54.831 +00:00 [INF] Querying AssetCategoriesModel service (User: anonymous, Inst: none)
2025-12-23 18:04:59.716 +00:00 [INF] Querying AssetCategoriesModel service (User: anonymous, Inst: none)
2025-12-23 18:05:04.732 +00:00 [INF] Querying AssetCategoriesModel service (User: anonymous, Inst: none)
2025-12-23 18:05:09.719 +00:00 [INF] Querying AssetCategoriesModel service (User: anonymous, Inst: none)
2025-12-23 18:05:14.762 +00:00 [INF] Querying AssetCategoriesModel service (User: anonymous, Inst: none)
2025-12-23 18:05:19.712 +00:00 [INF] Querying AssetCategoriesModel service (User: anonymous, Inst: none)
2025-12-23 18:05:24.709 +00:00 [INF] Querying AssetCategoriesModel service (User: anonymous, Inst: none)
2025-12-23 18:05:29.773 +00:00 [INF] Querying AssetCategoriesModel service (User: anonymous, Inst: none)
2025-12-23 18:05:34.736 +00:00 [INF] Querying AssetCategoriesModel service (User: anonymous, Inst: none)
2025-12-23 18:05:39.731 +00:00 [INF] Querying AssetCategoriesModel service (User: anonymous, Inst: none)
2025-12-23 18:05:44.718 +00:00 [INF] Querying AssetCategoriesModel service (User: anonymous, Inst: none)
2025-12-23 18:05:49.723 +00:00 [INF] Querying AssetCategoriesModel service (User: anonymous, Inst: none)
2025-12-23 18:05:54.734 +00:00 [INF] Querying AssetCategoriesModel service (User: anonymous, Inst: none)
2025-12-23 18:05:59.735 +00:00 [INF] Querying AssetCategoriesModel service (User: anonymous, Inst: none)
2025-12-23 18:06:04.745 +00:00 [INF] Querying AssetCategoriesModel service (User: anonymous, Inst: none)
2025-12-23 18:06:09.742 +00:00 [INF] Querying AssetCategoriesModel service (User: anonymous, Inst: none)
2025-12-23 18:06:14.737 +00:00 [INF] Querying AssetCategoriesModel service (User: anonymous, Inst: none)
2025-12-23 18:06:19.728 +00:00 [INF] Querying AssetCategoriesModel service (User: anonymous, Inst: none)
2025-12-23 18:06:24.751 +00:00 [INF] Querying AssetCategoriesModel service (User: anonymous, Inst: none)
2025-12-23 18:06:29.749 +00:00 [INF] Querying AssetCategoriesModel service (User: anonymous, Inst: none)
2025-12-23 18:06:34.732 +00:00 [INF] Querying AssetCategoriesModel service (User: anonymous, Inst: none)
2025-12-23 18:06:39.739 +00:00 [INF] Querying AssetCategoriesModel service (User: anonymous, Inst: none)
2025-12-23 18:06:44.740 +00:00 [INF] Querying AssetCategoriesModel service (User: anonymous, Inst: none)
2025-12-23 18:06:49.731 +00:00 [INF] Querying AssetCategoriesModel service (User: anonymous, Inst: none)
2025-12-23 18:06:54.730 +00:00 [INF] Querying AssetCategoriesModel service (User: anonymous, Inst: none)
2025-12-23 18:06:59.731 +00:00 [INF] Querying AssetCategoriesModel service (User: anonymous, Inst: none)
2025-12-23 18:07:04.727 +00:00 [INF] Querying AssetCategoriesModel service (User: anonymous, Inst: none)
2025-12-23 18:07:09.730 +00:00 [INF] Querying AssetCategoriesModel service (User: anonymous, Inst: none)
2025-12-23 18:07:14.730 +00:00 [INF] Querying AssetCategoriesModel service (User: anonymous, Inst: none)
2025-12-23 18:07:19.724 +00:00 [INF] Querying AssetCategoriesModel service (User: anonymous, Inst: none)
2025-12-23 18:07:24.720 +00:00 [INF] Querying AssetCategoriesModel service (User: anonymous, Inst: none)
2025-12-23 18:07:29.735 +00:00 [INF] Querying AssetCategoriesModel service (User: anonymous, Inst: none)
2025-12-23 18:07:34.718 +00:00 [INF] Querying AssetCategoriesModel service (User: anonymous, Inst: none)
2025-12-23 18:07:39.779 +00:00 [INF] Querying AssetCategoriesModel service (User: anonymous, Inst: none)
2025-12-23 18:07:44.748 +00:00 [INF] Querying AssetCategoriesModel service (User: anonymous, Inst: none)
2025-12-23 18:07:49.725 +00:00 [INF] Querying AssetCategoriesModel service (User: anonymous, Inst: none)
2025-12-23 18:07:54.733 +00:00 [INF] Querying AssetCategoriesModel service (User: anonymous, Inst: none)
2025-12-23 18:07:59.755 +00:00 [INF] Querying AssetCategoriesModel service (User: anonymous, Inst: none)
2025-12-23 18:08:04.744 +00:00 [INF] Querying AssetCategoriesModel service (User: anonymous, Inst: none)
2025-12-23 18:08:09.729 +00:00 [INF] Querying AssetCategoriesModel service (User: anonymous, Inst: none)
2025-12-23 18:08:14.729 +00:00 [INF] Querying AssetCategoriesModel service (User: anonymous, Inst: none)
2025-12-23 18:08:19.727 +00:00 [INF] Querying AssetCategoriesModel service (User: anonymous, Inst: none)
2025-12-23 18:08:24.730 +00:00 [INF] Querying AssetCategoriesModel service (User: anonymous, Inst: none)
2025-12-23 18:08:29.716 +00:00 [INF] Querying AssetCategoriesModel service (User: anonymous, Inst: none)
2025-12-23 18:08:34.741 +00:00 [INF] Querying AssetCategoriesModel service (User: anonymous, Inst: none)
2025-12-23 18:08:39.737 +00:00 [INF] Querying AssetCategoriesModel service (User: anonymous, Inst: none)
2025-12-23 18:08:44.737 +00:00 [INF] Querying AssetCategoriesModel service (User: anonymous, Inst: none)
2025-12-23 18:08:49.731 +00:00 [INF] Querying AssetCategoriesModel service (User: anonymous, Inst: none)
2025-12-23 18:08:54.743 +00:00 [INF] Querying AssetCategoriesModel service (User: anonymous, Inst: none)
2025-12-23 18:08:59.741 +00:00 [INF] Querying AssetCategoriesModel service (User: anonymous, Inst: none)
2025-12-23 18:09:04.765 +00:00 [INF] Querying AssetCategoriesModel service (User: anonymous, Inst: none)
2025-12-23 18:09:09.739 +00:00 [INF] Querying AssetCategoriesModel service (User: anonymous, Inst: none)
2025-12-23 18:09:14.731 +00:00 [INF] Querying AssetCategoriesModel service (User: anonymous, Inst: none)
2025-12-23 18:09:19.739 +00:00 [INF] Querying AssetCategoriesModel service (User: anonymous, Inst: none)
2025-12-23 18:09:24.739 +00:00 [INF] Querying AssetCategoriesModel service (User: anonymous, Inst: none)
2025-12-23 18:09:29.743 +00:00 [INF] Querying AssetCategoriesModel service (User: anonymous, Inst: none)
2025-12-23 18:09:34.738 +00:00 [INF] Querying AssetCategoriesModel service (User: anonymous, Inst: none)
2025-12-23 18:09:39.723 +00:00 [INF] Querying AssetCategoriesModel service (User: anonymous, Inst: none)
2025-12-23 18:09:44.736 +00:00 [INF] Querying AssetCategoriesModel service (User: anonymous, Inst: none)
2025-12-23 18:09:49.731 +00:00 [INF] Querying AssetCategoriesModel service (User: anonymous, Inst: none)
2025-12-23 18:09:54.740 +00:00 [INF] Querying AssetCategoriesModel service (User: anonymous, Inst: none)
2025-12-23 18:09:59.737 +00:00 [INF] Querying AssetCategoriesModel service (User: anonymous, Inst: none)
2025-12-23 18:10:04.734 +00:00 [INF] Querying AssetCategoriesModel service (User: anonymous, Inst: none)
2025-12-23 18:10:09.753 +00:00 [INF] Querying AssetCategoriesModel service (User: anonymous, Inst: none)
2025-12-23 18:10:14.733 +00:00 [INF] Querying AssetCategoriesModel service (User: anonymous, Inst: none)
2025-12-23 18:10:19.713 +00:00 [INF] Querying AssetCategoriesModel service (User: anonymous, Inst: none)
2025-12-23 18:10:24.744 +00:00 [INF] Querying AssetCategoriesModel service (User: anonymous, Inst: none)
2025-12-23 18:10:29.713 +00:00 [INF] Querying AssetCategoriesModel service (User: anonymous, Inst: none)
2025-12-23 18:10:34.736 +00:00 [INF] Querying AssetCategoriesModel service (User: anonymous, Inst: none)
2025-12-23 18:10:39.736 +00:00 [INF] Querying AssetCategoriesModel service (User: anonymous, Inst: none)
2025-12-23 18:10:44.716 +00:00 [INF] Querying AssetCategoriesModel service (User: anonymous, Inst: none)
2025-12-23 18:10:49.715 +00:00 [INF] Querying AssetCategoriesModel service (User: anonymous, Inst: none)
2025-12-23 18:20:54.716 +00:00 [INF] Querying AssetCategoriesModel service (User: anonymous, Inst: none)
2025-12-23 18:20:59.717 +00:00 [INF] Querying AssetCategoriesModel service (User: anonymous, Inst: none)
2025-12-23 18:21:04.738 +00:00 [INF] Querying AssetCategoriesModel service (User: anonymous, Inst: none)
2025-12-23 18:21:09.719 +00:00 [INF] Querying AssetCategoriesModel service (User: anonymous, Inst: none)
2025-12-23 18:21:14.724 +00:00 [INF] Querying AssetCategoriesModel service (User: anonymous, Inst: none)
2025-12-23 18:21:19.718 +00:00 [INF] Querying AssetCategoriesModel service (User: anonymous, Inst: none)
2025-12-23 18:21:24.719 +00:00 [INF] Querying AssetCategoriesModel service (User: anonymous, Inst: none)
2025-12-23 18:21:29.732 +00:00 [INF] Querying AssetCategoriesModel service (User: anonymous, Inst: none)
2025-12-23 18:21:34.739 +00:00 [INF] Querying AssetCategoriesModel service (User: anonymous, Inst: none)
2025-12-23 18:21:39.735 +00:00 [INF] Querying AssetCategoriesModel service (User: anonymous, Inst: none)
2025-12-23 18:21:44.784 +00:00 [INF] Querying AssetCategoriesModel service (User: anonymous, Inst: none)
2025-12-23 18:21:49.726 +00:00 [INF] Querying AssetCategoriesModel service (User: anonymous, Inst: none)
2025-12-23 18:21:54.722 +00:00 [INF] Querying AssetCategoriesModel service (User: anonymous, Inst: none)
2025-12-23 18:21:59.712 +00:00 [INF] Querying AssetCategoriesModel service (User: anonymous, Inst: none)
2025-12-23 18:22:04.723 +00:00 [INF] Querying AssetCategoriesModel service (User: anonymous, Inst: none)
2025-12-23 18:22:09.708 +00:00 [INF] Querying AssetCategoriesModel service (User: anonymous, Inst: none)
2025-12-23 18:22:14.747 +00:00 [INF] Querying AssetCategoriesModel service (User: anonymous, Inst: none)
2025-12-23 18:22:19.738 +00:00 [INF] Querying AssetCategoriesModel service (User: anonymous, Inst: none)
2025-12-23 18:22:24.736 +00:00 [INF] Querying AssetCategoriesModel service (User: anonymous, Inst: none)
2025-12-23 18:22:29.735 +00:00 [INF] Querying AssetCategoriesModel service (User: anonymous, Inst: none)
2025-12-23 18:22:34.739 +00:00 [INF] Querying AssetCategoriesModel service (User: anonymous, Inst: none)
2025-12-23 18:22:39.747 +00:00 [INF] Querying AssetCategoriesModel service (User: anonymous, Inst: none)
2025-12-23 18:22:44.733 +00:00 [INF] Querying AssetCategoriesModel service (User: anonymous, Inst: none)
2025-12-23 18:22:49.730 +00:00 [INF] Querying AssetCategoriesModel service (User: anonymous, Inst: none)
2025-12-23 18:22:54.759 +00:00 [INF] Querying AssetCategoriesModel service (User: anonymous, Inst: none)
2025-12-23 18:22:59.724 +00:00 [INF] Querying AssetCategoriesModel service (User: anonymous, Inst: none)
2025-12-23 18:23:04.730 +00:00 [INF] Querying AssetCategoriesModel service (User: anonymous, Inst: none)
2025-12-23 18:23:09.733 +00:00 [INF] Querying AssetCategoriesModel service (User: anonymous, Inst: none)
2025-12-23 18:23:14.753 +00:00 [INF] Querying AssetCategoriesModel service (User: anonymous, Inst: none)
2025-12-23 18:23:19.733 +00:00 [INF] Querying AssetCategoriesModel service (User: anonymous, Inst: none)
2025-12-23 18:23:24.711 +00:00 [INF] Querying AssetCategoriesModel service (User: anonymous, Inst: none)
2025-12-23 18:23:29.723 +00:00 [INF] Querying AssetCategoriesModel service (User: anonymous, Inst: none)
2025-12-23 18:23:34.737 +00:00 [INF] Querying AssetCategoriesModel service (User: anonymous, Inst: none)
2025-12-23 18:23:39.728 +00:00 [INF] Querying AssetCategoriesModel service (User: anonymous, Inst: none)
2025-12-23 18:23:44.747 +00:00 [INF] Querying AssetCategoriesModel service (User: anonymous, Inst: none)
2025-12-23 18:23:49.720 +00:00 [INF] Querying AssetCategoriesModel service (User: anonymous, Inst: none)
2025-12-23 18:23:54.731 +00:00 [INF] Querying AssetCategoriesModel service (User: anonymous, Inst: none)
2025-12-23 18:23:59.742 +00:00 [INF] Querying AssetCategoriesModel service (User: anonymous, Inst: none)
2025-12-23 18:24:04.731 +00:00 [INF] Querying AssetCategoriesModel service (User: anonymous, Inst: none)
2025-12-23 18:24:09.731 +00:00 [INF] Querying AssetCategoriesModel service (User: anonymous, Inst: none)
2025-12-23 18:24:14.735 +00:00 [INF] Querying AssetCategoriesModel service (User: anonymous, Inst: none)
2025-12-23 18:24:19.739 +00:00 [INF] Querying AssetCategoriesModel service (User: anonymous, Inst: none)
2025-12-23 18:24:24.723 +00:00 [INF] Querying AssetCategoriesModel service (User: anonymous, Inst: none)
2025-12-23 18:24:29.737 +00:00 [INF] Querying AssetCategoriesModel service (User: anonymous, Inst: none)
2025-12-23 18:24:34.735 +00:00 [INF] Querying AssetCategoriesModel service (User: anonymous, Inst: none)
2025-12-23 18:24:39.744 +00:00 [INF] Querying AssetCategoriesModel service (User: anonymous, Inst: none)
2025-12-23 18:24:44.728 +00:00 [INF] Querying AssetCategoriesModel service (User: anonymous, Inst: none)
2025-12-23 18:24:49.734 +00:00 [INF] Querying AssetCategoriesModel service (User: anonymous, Inst: none)
2025-12-23 18:24:54.725 +00:00 [INF] Querying AssetCategoriesModel service (User: anonymous, Inst: none)
2025-12-23 18:24:59.741 +00:00 [INF] Querying AssetCategoriesModel service (User: anonymous, Inst: none)
2025-12-23 18:25:04.739 +00:00 [INF] Querying AssetCategoriesModel service (User: anonymous, Inst: none)
2025-12-23 18:25:09.719 +00:00 [INF] Querying AssetCategoriesModel service (User: anonymous, Inst: none)
2025-12-23 18:25:14.744 +00:00 [INF] Querying AssetCategoriesModel service (User: anonymous, Inst: none)
2025-12-23 18:25:19.737 +00:00 [INF] Querying AssetCategoriesModel service (User: anonymous, Inst: none)
2025-12-23 18:25:24.715 +00:00 [INF] Querying AssetCategoriesModel service (User: anonymous, Inst: none)
2025-12-23 18:25:29.730 +00:00 [INF] Querying AssetCategoriesModel service (User: anonymous, Inst: none)
2025-12-23 18:25:34.725 +00:00 [INF] Querying AssetCategoriesModel service (User: anonymous, Inst: none)
2025-12-23 18:25:39.737 +00:00 [INF] Querying AssetCategoriesModel service (User: anonymous, Inst: none)
2025-12-23 18:25:44.733 +00:00 [INF] Querying AssetCategoriesModel service (User: anonymous, Inst: none)
2025-12-23 18:25:49.730 +00:00 [INF] Querying AssetCategoriesModel service (User: anonymous, Inst: none)
2025-12-23 18:25:54.736 +00:00 [INF] Querying AssetCategoriesModel service (User: anonymous, Inst: none)
2025-12-23 18:25:59.739 +00:00 [INF] Querying AssetCategoriesModel service (User: anonymous, Inst: none)
2025-12-23 18:26:04.734 +00:00 [INF] Querying AssetCategoriesModel service (User: anonymous, Inst: none)
2025-12-23 18:26:09.722 +00:00 [INF] Querying AssetCategoriesModel service (User: anonymous, Inst: none)
2025-12-23 18:26:14.711 +00:00 [INF] Querying AssetCategoriesModel service (User: anonymous, Inst: none)
2025-12-23 18:26:19.742 +00:00 [INF] Querying AssetCategoriesModel service (User: anonymous, Inst: none)
2025-12-23 18:26:24.721 +00:00 [INF] Querying AssetCategoriesModel service (User: anonymous, Inst: none)
2025-12-23 18:26:30.005 +00:00 [INF] Querying AssetTypesModel service (User: anonymous, Inst: none)
2025-12-23 18:26:30.247 +00:00 [INF] Querying AssetTypesModel service (User: anonymous, Inst: none)
2025-12-23 18:26:30.933 +00:00 [INF] Querying AssetTypesModel service (User: anonymous, Inst: none)
2025-12-23 18:26:35.907 +00:00 [INF] Querying AssetTypesModel service (User: anonymous, Inst: none)
2025-12-23 18:26:40.884 +00:00 [INF] Querying AssetTypesModel service (User: anonymous, Inst: none)
2025-12-23 18:26:45.888 +00:00 [INF] Querying AssetTypesModel service (User: anonymous, Inst: none)
2025-12-23 18:26:50.893 +00:00 [INF] Querying AssetTypesModel service (User: anonymous, Inst: none)
2025-12-23 18:26:55.895 +00:00 [INF] Querying AssetTypesModel service (User: anonymous, Inst: none)
2025-12-23 18:27:00.875 +00:00 [INF] Querying AssetTypesModel service (User: anonymous, Inst: none)
2025-12-23 18:27:05.888 +00:00 [INF] Querying AssetTypesModel service (User: anonymous, Inst: none)
2025-12-23 18:27:10.883 +00:00 [INF] Querying AssetTypesModel service (User: anonymous, Inst: none)
2025-12-23 18:27:15.884 +00:00 [INF] Querying AssetTypesModel service (User: anonymous, Inst: none)
2025-12-23 18:27:20.887 +00:00 [INF] Querying AssetTypesModel service (User: anonymous, Inst: none)
2025-12-23 18:27:25.894 +00:00 [INF] Querying AssetTypesModel service (User: anonymous, Inst: none)
2025-12-23 18:27:30.883 +00:00 [INF] Querying AssetTypesModel service (User: anonymous, Inst: none)
2025-12-23 18:27:35.889 +00:00 [INF] Querying AssetTypesModel service (User: anonymous, Inst: none)
2025-12-23 18:27:40.900 +00:00 [INF] Querying AssetTypesModel service (User: anonymous, Inst: none)
2025-12-23 18:27:45.896 +00:00 [INF] Querying AssetTypesModel service (User: anonymous, Inst: none)
2025-12-23 18:27:50.875 +00:00 [INF] Querying AssetTypesModel service (User: anonymous, Inst: none)
2025-12-23 18:27:55.895 +00:00 [INF] Querying AssetTypesModel service (User: anonymous, Inst: none)
2025-12-23 18:28:00.889 +00:00 [INF] Querying AssetTypesModel service (User: anonymous, Inst: none)
2025-12-23 18:28:05.899 +00:00 [INF] Querying AssetTypesModel service (User: anonymous, Inst: none)
2025-12-23 18:28:10.879 +00:00 [INF] Querying AssetTypesModel service (User: anonymous, Inst: none)
2025-12-23 18:28:15.887 +00:00 [INF] Querying AssetTypesModel service (User: anonymous, Inst: none)
2025-12-23 18:28:20.900 +00:00 [INF] Querying AssetTypesModel service (User: anonymous, Inst: none)
2025-12-23 18:28:25.874 +00:00 [INF] Querying AssetTypesModel service (User: anonymous, Inst: none)
2025-12-23 18:28:30.889 +00:00 [INF] Querying AssetTypesModel service (User: anonymous, Inst: none)
2025-12-23 18:28:35.902 +00:00 [INF] Querying AssetTypesModel service (User: anonymous, Inst: none)
2025-12-23 18:28:40.875 +00:00 [INF] Querying AssetTypesModel service (User: anonymous, Inst: none)
2025-12-23 18:28:45.894 +00:00 [INF] Querying AssetTypesModel service (User: anonymous, Inst: none)
2025-12-23 18:28:50.886 +00:00 [INF] Querying AssetTypesModel service (User: anonymous, Inst: none)
2025-12-23 18:28:55.888 +00:00 [INF] Querying AssetTypesModel service (User: anonymous, Inst: none)
2025-12-23 18:29:00.871 +00:00 [INF] Querying AssetTypesModel service (User: anonymous, Inst: none)
2025-12-23 18:29:05.905 +00:00 [INF] Querying AssetTypesModel service (User: anonymous, Inst: none)
2025-12-23 18:29:10.891 +00:00 [INF] Querying AssetTypesModel service (User: anonymous, Inst: none)
2025-12-23 18:29:15.899 +00:00 [INF] Querying AssetTypesModel service (User: anonymous, Inst: none)
2025-12-23 18:29:20.890 +00:00 [INF] Querying AssetTypesModel service (User: anonymous, Inst: none)
2025-12-23 18:29:25.890 +00:00 [INF] Querying AssetTypesModel service (User: anonymous, Inst: none)
2025-12-23 18:29:30.886 +00:00 [INF] Querying AssetTypesModel service (User: anonymous, Inst: none)
2025-12-23 18:29:35.883 +00:00 [INF] Querying AssetTypesModel service (User: anonymous, Inst: none)
2025-12-23 18:29:40.902 +00:00 [INF] Querying AssetTypesModel service (User: anonymous, Inst: none)
2025-12-23 18:29:45.895 +00:00 [INF] Querying AssetTypesModel service (User: anonymous, Inst: none)
2025-12-23 18:29:50.909 +00:00 [INF] Querying AssetTypesModel service (User: anonymous, Inst: none)
2025-12-23 18:29:55.883 +00:00 [INF] Querying AssetTypesModel service (User: anonymous, Inst: none)
2025-12-23 18:30:00.882 +00:00 [INF] Querying AssetTypesModel service (User: anonymous, Inst: none)
2025-12-23 18:30:05.886 +00:00 [INF] Querying AssetTypesModel service (User: anonymous, Inst: none)
2025-12-23 18:30:10.878 +00:00 [INF] Querying AssetTypesModel service (User: anonymous, Inst: none)
2025-12-23 18:30:15.903 +00:00 [INF] Querying AssetTypesModel service (User: anonymous, Inst: none)
2025-12-23 18:30:20.903 +00:00 [INF] Querying AssetTypesModel service (User: anonymous, Inst: none)
2025-12-23 18:30:25.870 +00:00 [INF] Querying AssetTypesModel service (User: anonymous, Inst: none)
2025-12-23 18:30:30.894 +00:00 [INF] Querying AssetTypesModel service (User: anonymous, Inst: none)
2025-12-23 18:30:35.901 +00:00 [INF] Querying AssetTypesModel service (User: anonymous, Inst: none)
2025-12-23 18:30:40.879 +00:00 [INF] Querying AssetTypesModel service (User: anonymous, Inst: none)
2025-12-23 18:30:45.900 +00:00 [INF] Querying AssetTypesModel service (User: anonymous, Inst: none)
2025-12-23 18:30:50.893 +00:00 [INF] Querying AssetTypesModel service (User: anonymous, Inst: none)
2025-12-23 18:30:55.890 +00:00 [INF] Querying AssetTypesModel service (User: anonymous, Inst: none)
2025-12-23 18:31:00.899 +00:00 [INF] Querying AssetTypesModel service (User: anonymous, Inst: none)
2025-12-23 18:31:05.911 +00:00 [INF] Querying AssetTypesModel service (User: anonymous, Inst: none)
2025-12-23 18:31:10.900 +00:00 [INF] Querying AssetTypesModel service (User: anonymous, Inst: none)
2025-12-23 18:31:15.905 +00:00 [INF] Querying AssetTypesModel service (User: anonymous, Inst: none)
2025-12-23 18:31:20.715 +00:00 [INF] Querying AssetCategoriesModel service (User: anonymous, Inst: none)
2025-12-23 18:33:13.008 +00:00 [INF] Querying AssetCategoriesModel service (User: anonymous, Inst: none)
2025-12-23 18:33:17.178 +00:00 [INF] Querying AssetTypesModel service (User: anonymous, Inst: none)
2025-12-23 18:33:17.481 +00:00 [INF] Querying InstitutionsModel service (User: anonymous, Inst: none)
2025-12-23 18:33:17.492 +00:00 [INF] Querying AssetTypesModel service (User: anonymous, Inst: none)
2025-12-23 18:33:17.544 +00:00 [INF] Querying InstitutionsModel service (User: anonymous, Inst: none)
2025-12-23 18:33:22.710 +00:00 [INF] Querying AssetCategoriesModel service (User: anonymous, Inst: none)
2025-12-23 18:33:23.557 +00:00 [INF] Querying AssetTypesModel service (User: anonymous, Inst: none)
2025-12-23 18:33:23.570 +00:00 [INF] Querying InstitutionsModel service (User: anonymous, Inst: none)
2025-12-23 18:33:23.578 +00:00 [INF] Querying AssetTypesModel service (User: anonymous, Inst: none)
2025-12-23 18:33:23.593 +00:00 [INF] Querying InstitutionsModel service (User: anonymous, Inst: none)
2025-12-23 18:34:07.288 +00:00 [INF] Querying AssetTypesModel service (User: anonymous, Inst: none)
2025-12-23 18:50:00.843 +00:00 [INF] Querying InstitutionsModel service (User: anonymous, Inst: none)
2025-12-23 18:50:39.981 +00:00 [INF] Querying AssetCategoriesModel service (User: anonymous, Inst: none)
2025-12-23 18:50:43.373 +00:00 [INF] Querying AssetTypesModel service (User: anonymous, Inst: none)
2025-12-23 18:50:43.387 +00:00 [INF] Querying InstitutionsModel service (User: anonymous, Inst: none)
2025-12-23 18:50:43.394 +00:00 [INF] Querying AssetTypesModel service (User: anonymous, Inst: none)
2025-12-23 18:50:43.410 +00:00 [INF] Querying InstitutionsModel service (User: anonymous, Inst: none)
2025-12-23 18:52:42.890 +00:00 [INF] Querying AssetTypesModel service (User: anonymous, Inst: none)
2025-12-23 18:52:49.523 +00:00 [INF] Querying InstitutionsModel service (User: anonymous, Inst: none)
2025-12-23 18:55:17.253 +00:00 [INF] Querying AssetCategoriesModel service (User: anonymous, Inst: none)
2025-12-23 18:57:46.049 +00:00 [INF] Querying InstitutionsModel service (User: anonymous, Inst: none)
2025-12-23 18:58:00.221 +00:00 [INF] Querying AssetTypesModel service (User: anonymous, Inst: none)
2025-12-23 18:58:11.300 +00:00 [INF] Querying AssetTypesModel service (User: anonymous, Inst: none)
2025-12-23 18:58:25.099 +00:00 [INF] Querying InstitutionsModel service (User: anonymous, Inst: none)
2025-12-23 18:58:35.134 +00:00 [INF] Querying AssetCategoriesModel service (User: anonymous, Inst: none)
2025-12-23 18:58:36.802 +00:00 [INF] Querying AssetTypesModel service (User: anonymous, Inst: none)
2025-12-23 18:58:36.812 +00:00 [INF] Querying InstitutionsModel service (User: anonymous, Inst: none)
2025-12-23 18:58:36.819 +00:00 [INF] Querying AssetTypesModel service (User: anonymous, Inst: none)
2025-12-23 18:58:36.840 +00:00 [INF] Querying InstitutionsModel service (User: anonymous, Inst: none)
2025-12-23 18:58:44.311 +00:00 [INF] Querying AssetTypesModel service (User: anonymous, Inst: none)
2025-12-23 18:58:44.311 +00:00 [INF] Querying InstitutionsModel service (User: anonymous, Inst: none)
2025-12-23 18:58:44.325 +00:00 [INF] Querying AssetTypesModel service (User: anonymous, Inst: none)
2025-12-23 18:58:44.371 +00:00 [INF] Querying InstitutionsModel service (User: anonymous, Inst: none)
2025-12-23 19:17:57.903 +00:00 [INF] Querying InstitutionsModel service (User: anonymous, Inst: none)
2025-12-23 19:17:57.903 +00:00 [INF] Querying AssetTypesModel service (User: anonymous, Inst: none)
2025-12-23 19:17:57.999 +00:00 [INF] Querying AssetTypesModel service (User: anonymous, Inst: none)
2025-12-23 19:17:58.008 +00:00 [INF] Querying InstitutionsModel service (User: anonymous, Inst: none)
2025-12-23 19:18:26.386 +00:00 [INF] Querying AssetTypesModel service (User: anonymous, Inst: none)
2025-12-23 19:18:26.386 +00:00 [INF] Querying InstitutionsModel service (User: anonymous, Inst: none)
2025-12-23 19:18:26.404 +00:00 [INF] Querying AssetTypesModel service (User: anonymous, Inst: none)
2025-12-23 19:18:26.411 +00:00 [INF] Querying InstitutionsModel service (User: anonymous, Inst: none)
2025-12-23 19:28:35.591 +00:00 [INF] Querying AssetCategoriesModel service (User: anonymous, Inst: none)
2025-12-23 19:30:39.542 +00:00 [INF] Querying AssetTypesModel service (User: anonymous, Inst: none)
2025-12-23 19:30:39.543 +00:00 [INF] Querying InstitutionsModel service (User: anonymous, Inst: none)
2025-12-23 19:30:39.563 +00:00 [INF] Querying AssetTypesModel service (User: anonymous, Inst: none)
2025-12-23 19:30:39.595 +00:00 [INF] Querying InstitutionsModel service (User: anonymous, Inst: none)
2025-12-23 19:30:44.497 +00:00 [INF] Querying AssetCategoriesModel service (User: anonymous, Inst: none)
2025-12-23 19:30:47.223 +00:00 [INF] Querying AssetTypesModel service (User: anonymous, Inst: none)
2025-12-23 19:30:47.242 +00:00 [INF] Querying InstitutionsModel service (User: anonymous, Inst: none)
2025-12-23 19:30:47.250 +00:00 [INF] Querying AssetTypesModel service (User: anonymous, Inst: none)
2025-12-23 19:30:47.264 +00:00 [INF] Querying InstitutionsModel service (User: anonymous, Inst: none)
2025-12-23 19:35:41.022 +00:00 [INF] Querying AssetTypesModel service (User: anonymous, Inst: none)
2025-12-23 19:35:41.023 +00:00 [INF] Querying InstitutionsModel service (User: anonymous, Inst: none)
2025-12-23 19:35:41.081 +00:00 [INF] Querying AssetTypesModel service (User: anonymous, Inst: none)
2025-12-23 19:35:41.122 +00:00 [INF] Querying InstitutionsModel service (User: anonymous, Inst: none)
2025-12-23 19:44:19.553 +00:00 [INF] Querying InstitutionsModel service (User: anonymous, Inst: none)
2025-12-23 19:44:19.569 +00:00 [INF] Querying InstitutionsModel service (User: anonymous, Inst: none)
2025-12-23 21:13:03.899 +00:00 [INF] Querying InstitutionsModel service (User: anonymous, Inst: none)
2025-12-23 21:13:03.918 +00:00 [INF] Querying InstitutionsModel service (User: anonymous, Inst: none)
2025-12-23 21:13:25.761 +00:00 [INF] Querying InstitutionsModel service (User: anonymous, Inst: none)
2025-12-23 21:13:25.774 +00:00 [INF] Querying InstitutionsModel service (User: anonymous, Inst: none)
2025-12-23 21:19:28.267 +00:00 [INF] Querying InstitutionsModel service (User: anonymous, Inst: none)
2025-12-23 21:19:28.330 +00:00 [INF] Querying InstitutionsModel service (User: anonymous, Inst: none)
2025-12-23 21:19:35.730 +00:00 [INF] Querying InstitutionsModel service (User: anonymous, Inst: none)
2025-12-23 21:19:35.746 +00:00 [INF] Querying InstitutionsModel service (User: anonymous, Inst: none)
2025-12-23 21:19:45.205 +00:00 [INF] Querying InstitutionsModel service (User: anonymous, Inst: none)
2025-12-23 21:19:45.220 +00:00 [INF] Querying InstitutionsModel service (User: anonymous, Inst: none)
2025-12-23 21:24:43.429 +00:00 [INF] Querying InstitutionsModel service (User: anonymous, Inst: none)
2025-12-23 21:24:43.447 +00:00 [INF] Querying InstitutionsModel service (User: anonymous, Inst: none)
2025-12-23 21:25:07.377 +00:00 [INF] Querying InstitutionsModel service (User: anonymous, Inst: none)
2025-12-23 21:25:07.392 +00:00 [INF] Querying InstitutionsModel service (User: anonymous, Inst: none)
2025-12-23 21:26:01.123 +00:00 [INF] Querying InstitutionsModel service (User: anonymous, Inst: none)
2025-12-23 21:26:01.138 +00:00 [INF] Querying InstitutionsModel service (User: anonymous, Inst: none)
2025-12-23 21:27:03.831 +00:00 [INF] Querying InstitutionsModel service (User: anonymous, Inst: none)
2025-12-23 21:27:03.844 +00:00 [INF] Querying InstitutionsModel service (User: anonymous, Inst: none)
2025-12-23 21:27:34.248 +00:00 [INF] Querying InstitutionsModel service (User: anonymous, Inst: none)
2025-12-23 21:27:34.267 +00:00 [INF] Querying InstitutionsModel service (User: anonymous, Inst: none)
2025-12-23 21:27:55.782 +00:00 [INF] Querying InstitutionsModel service (User: anonymous, Inst: none)
2025-12-23 21:27:55.795 +00:00 [INF] Querying InstitutionsModel service (User: anonymous, Inst: none)
2025-12-23 21:28:42.910 +00:00 [INF] Querying InstitutionsModel service (User: anonymous, Inst: none)
2025-12-23 21:28:42.924 +00:00 [INF] Querying InstitutionsModel service (User: anonymous, Inst: none)
2025-12-23 21:29:43.297 +00:00 [INF] Querying InstitutionsModel service (User: anonymous, Inst: none)
2025-12-23 21:29:43.341 +00:00 [INF] Querying InstitutionsModel service (User: anonymous, Inst: none)
2025-12-23 21:51:49.156 +00:00 [INF] Querying InstitutionsModel service (User: anonymous, Inst: none)
2025-12-23 22:07:37.005 +00:00 [INF] Querying InstitutionsModel service (User: anonymous, Inst: none)
2025-12-23 22:07:37.030 +00:00 [INF] Querying InstitutionsModel service (User: anonymous, Inst: none)
2025-12-23 22:16:08.274 +00:00 [INF] Querying InstitutionsModel service (User: anonymous, Inst: none)
2025-12-23 22:16:08.328 +00:00 [INF] Querying InstitutionsModel service (User: anonymous, Inst: none)
2025-12-23 22:16:25.837 +00:00 [INF] Querying InstitutionsModel service (User: anonymous, Inst: none)
2025-12-23 22:16:25.857 +00:00 [INF] Querying InstitutionsModel service (User: anonymous, Inst: none)
2025-12-23 22:18:31.277 +00:00 [INF] Querying InstitutionsModel service (User: anonymous, Inst: none)
2025-12-23 22:18:31.291 +00:00 [INF] Querying InstitutionsModel service (User: anonymous, Inst: none)
2025-12-23 22:30:59.778 +00:00 [INF] Querying InstitutionsModel service (User: anonymous, Inst: none)
2025-12-23 22:30:59.791 +00:00 [INF] Querying InstitutionsModel service (User: anonymous, Inst: none)
2025-12-23 22:34:22.990 +00:00 [INF] 💤 Application shutting down... (User: , Inst: )
2025-12-23 22:35:29.592 +00:00 [INF] 🚀 Starting AssetManagement API... (User: , Inst: )
2025-12-23 22:35:29.746 +00:00 [INF] Subscription background service started at "2025-12-23T22:35:29.7452408Z" (User: , Inst: )
2025-12-23 22:35:31.963 +00:00 [INF] Subscription & Maintenance Background Service started. (User: , Inst: )
2025-12-23 22:35:32.507 +00:00 [INF] Subscription check completed at "2025-12-23T22:35:32.5079043Z" (User: , Inst: )
2025-12-23 22:35:32.773 +00:00 [INF] Updated depreciation for asset Awesome Steel Pants --update: current value ¤2,539.76 (User: , Inst: )
2025-12-23 22:35:32.777 +00:00 [INF] Updated depreciation for asset Practical Wooden Bike: current value ¤4,260.71 (User: , Inst: )
2025-12-23 22:35:32.779 +00:00 [INF] Updated depreciation for asset 23423423: current value ¤7,870.00 (User: , Inst: )
2025-12-23 22:35:32.780 +00:00 [INF] Updated depreciation for asset Hello string Asset: current value ¤23,000.00 (User: , Inst: )
2025-12-23 22:35:32.816 +00:00 [INF] [Redis] Published message to channel: notifications (User: , Inst: )
2025-12-23 22:35:32.876 +00:00 [ERR] Error processing asset "019b262c-023b-71ce-a8e7-62041917edd1" (User: , Inst: )
System.ArgumentNullException: Value cannot be null. (Parameter 'address')
   at MimeKit.MailboxAddress..ctor(Encoding encoding, String name, String address)
   at MimeKit.MailboxAddress..ctor(String name, String address)
   at AssetManagement.API.DAL.Services.EmailService.EmailService.SendEmailAsync(String to, String subject, String htmlBody) in C:\Users\sammi\PROJECTS\PERSONAL\JET_BRAINS\FAST_TRACK_SERVICES\Assets_Management\FrontEnd_and_BackEnd\assetmanagement_backend\AssetManagement.API\DAL\Services\EmailService\EmailService.cs:line 13
   at AssetManagement.API.DAL.Services.NotificationService.NotificationService.SendMaintenanceDueAsync(AssetsModel assetsModel) in C:\Users\sammi\PROJECTS\PERSONAL\JET_BRAINS\FAST_TRACK_SERVICES\Assets_Management\FrontEnd_and_BackEnd\assetmanagement_backend\AssetManagement.API\DAL\Services\NotificationService\NotificationService.cs:line 92
   at AssetManagement.API.DAL.Services.BackgroundServices.SubscriptionMaintenanceService.HandleAssetMaintenance(IAssetRepository assetRepo, INotificationService notificationService, IDepreciationService depreciationService) in C:\Users\sammi\PROJECTS\PERSONAL\JET_BRAINS\FAST_TRACK_SERVICES\Assets_Management\FrontEnd_and_BackEnd\assetmanagement_backend\AssetManagement.API\DAL\Services\BackgroundServices\SubscriptionMaintenanceService.cs:line 79
2025-12-23 22:35:32.878 +00:00 [INF] Updated depreciation for asset Fantastic Plastic Ball: current value ¤3,501.17 (User: , Inst: )
2025-12-23 22:35:35.292 +00:00 [WRN] Failed to determine the https port for redirect. (User: anonymous, Inst: none)
2025-12-23 22:37:12.703 +00:00 [INF] 💤 Application shutting down... (User: , Inst: )
2025-12-23 22:37:21.446 +00:00 [INF] 🚀 Starting AssetManagement API... (User: , Inst: )
2025-12-23 22:37:21.561 +00:00 [INF] Subscription background service started at "2025-12-23T22:37:21.5601508Z" (User: , Inst: )
2025-12-23 22:37:23.582 +00:00 [INF] Subscription & Maintenance Background Service started. (User: , Inst: )
2025-12-23 22:37:24.102 +00:00 [INF] Subscription check completed at "2025-12-23T22:37:24.1021818Z" (User: , Inst: )
2025-12-23 22:37:24.416 +00:00 [INF] Updated depreciation for asset Awesome Steel Pants --update: current value ¤2,539.76 (User: , Inst: )
2025-12-23 22:37:24.421 +00:00 [INF] Updated depreciation for asset Practical Wooden Bike: current value ¤4,260.71 (User: , Inst: )
2025-12-23 22:37:24.424 +00:00 [INF] Updated depreciation for asset 23423423: current value ¤7,870.00 (User: , Inst: )
2025-12-23 22:37:24.425 +00:00 [INF] Updated depreciation for asset Hello string Asset: current value ¤23,000.00 (User: , Inst: )
2025-12-23 22:37:24.464 +00:00 [INF] [Redis] Published message to channel: notifications (User: , Inst: )
2025-12-23 22:37:24.509 +00:00 [ERR] Error processing asset "019b262c-023b-71ce-a8e7-62041917edd1" (User: , Inst: )
System.ArgumentNullException: Value cannot be null. (Parameter 'address')
   at MimeKit.MailboxAddress..ctor(Encoding encoding, String name, String address)
   at MimeKit.MailboxAddress..ctor(String name, String address)
   at AssetManagement.API.DAL.Services.EmailService.EmailService.SendEmailAsync(String to, String subject, String htmlBody) in C:\Users\sammi\PROJECTS\PERSONAL\JET_BRAINS\FAST_TRACK_SERVICES\Assets_Management\FrontEnd_and_BackEnd\assetmanagement_backend\AssetManagement.API\DAL\Services\EmailService\EmailService.cs:line 13
   at AssetManagement.API.DAL.Services.NotificationService.NotificationService.SendMaintenanceDueAsync(AssetsModel assetsModel) in C:\Users\sammi\PROJECTS\PERSONAL\JET_BRAINS\FAST_TRACK_SERVICES\Assets_Management\FrontEnd_and_BackEnd\assetmanagement_backend\AssetManagement.API\DAL\Services\NotificationService\NotificationService.cs:line 92
   at AssetManagement.API.DAL.Services.BackgroundServices.SubscriptionMaintenanceService.HandleAssetMaintenance(IAssetRepository assetRepo, INotificationService notificationService, IDepreciationService depreciationService) in C:\Users\sammi\PROJECTS\PERSONAL\JET_BRAINS\FAST_TRACK_SERVICES\Assets_Management\FrontEnd_and_BackEnd\assetmanagement_backend\AssetManagement.API\DAL\Services\BackgroundServices\SubscriptionMaintenanceService.cs:line 79
2025-12-23 22:37:24.544 +00:00 [INF] Updated depreciation for asset Fantastic Plastic Ball: current value ¤3,501.17 (User: , Inst: )
2025-12-23 22:37:25.922 +00:00 [WRN] Failed to determine the https port for redirect. (User: anonymous, Inst: none)
2025-12-23 22:37:53.006 +00:00 [INF] Querying AssetTypesModel service (User: anonymous, Inst: none)
2025-12-23 22:37:54.315 +00:00 [INF] 💤 Application shutting down... (User: , Inst: )
2025-12-23 22:38:07.944 +00:00 [INF] 🚀 Starting AssetManagement API... (User: , Inst: )
2025-12-23 22:38:08.064 +00:00 [INF] Subscription background service started at "2025-12-23T22:38:08.0634289Z" (User: , Inst: )
2025-12-23 22:38:09.867 +00:00 [INF] Subscription & Maintenance Background Service started. (User: , Inst: )
2025-12-23 22:38:10.370 +00:00 [INF] Subscription check completed at "2025-12-23T22:38:10.3701657Z" (User: , Inst: )
2025-12-23 22:38:10.592 +00:00 [INF] Updated depreciation for asset 23423423: current value ¤7,870.00 (User: , Inst: )
2025-12-23 22:38:10.596 +00:00 [INF] Updated depreciation for asset Hello string Asset: current value ¤23,000.00 (User: , Inst: )
2025-12-23 22:38:10.632 +00:00 [INF] [Redis] Published message to channel: notifications (User: , Inst: )
2025-12-23 22:38:10.689 +00:00 [ERR] Error processing asset "019b262c-023b-71ce-a8e7-62041917edd1" (User: , Inst: )
System.ArgumentNullException: Value cannot be null. (Parameter 'address')
   at MimeKit.MailboxAddress..ctor(Encoding encoding, String name, String address)
   at MimeKit.MailboxAddress..ctor(String name, String address)
   at AssetManagement.API.DAL.Services.EmailService.EmailService.SendEmailAsync(String to, String subject, String htmlBody) in C:\Users\sammi\PROJECTS\PERSONAL\JET_BRAINS\FAST_TRACK_SERVICES\Assets_Management\FrontEnd_and_BackEnd\assetmanagement_backend\AssetManagement.API\DAL\Services\EmailService\EmailService.cs:line 13
   at AssetManagement.API.DAL.Services.NotificationService.NotificationService.SendMaintenanceDueAsync(AssetsModel assetsModel) in C:\Users\sammi\PROJECTS\PERSONAL\JET_BRAINS\FAST_TRACK_SERVICES\Assets_Management\FrontEnd_and_BackEnd\assetmanagement_backend\AssetManagement.API\DAL\Services\NotificationService\NotificationService.cs:line 92
   at AssetManagement.API.DAL.Services.BackgroundServices.SubscriptionMaintenanceService.HandleAssetMaintenance(IAssetRepository assetRepo, INotificationService notificationService, IDepreciationService depreciationService) in C:\Users\sammi\PROJECTS\PERSONAL\JET_BRAINS\FAST_TRACK_SERVICES\Assets_Management\FrontEnd_and_BackEnd\assetmanagement_backend\AssetManagement.API\DAL\Services\BackgroundServices\SubscriptionMaintenanceService.cs:line 79
2025-12-23 22:38:10.691 +00:00 [INF] Updated depreciation for asset Fantastic Plastic Ball: current value ¤3,501.17 (User: , Inst: )
2025-12-23 22:38:10.693 +00:00 [INF] Updated depreciation for asset Awesome Steel Pants --update: current value ¤2,539.76 (User: , Inst: )
2025-12-23 22:38:10.695 +00:00 [INF] Updated depreciation for asset Practical Wooden Bike: current value ¤4,260.71 (User: , Inst: )
2025-12-23 22:38:11.057 +00:00 [WRN] Failed to determine the https port for redirect. (User: anonymous, Inst: none)
2025-12-23 22:38:11.258 +00:00 [INF] Querying AssetTypesModel service (User: anonymous, Inst: none)
2025-12-23 22:38:11.516 +00:00 [INF] Querying AssetTypesModel service (User: anonymous, Inst: none)
2025-12-23 22:39:39.573 +00:00 [INF] 💤 Application shutting down... (User: , Inst: )
2025-12-23 22:39:52.412 +00:00 [INF] 🚀 Starting AssetManagement API... (User: , Inst: )
2025-12-23 22:39:52.525 +00:00 [INF] Subscription background service started at "2025-12-23T22:39:52.5250997Z" (User: , Inst: )
2025-12-23 22:39:54.445 +00:00 [INF] Subscription & Maintenance Background Service started. (User: , Inst: )
2025-12-23 22:39:54.876 +00:00 [INF] Subscription check completed at "2025-12-23T22:39:54.8763037Z" (User: , Inst: )
2025-12-23 22:39:55.278 +00:00 [INF] Updated depreciation for asset 23423423: current value ¤7,870.00 (User: , Inst: )
2025-12-23 22:39:55.284 +00:00 [INF] Updated depreciation for asset Hello string Asset: current value ¤23,000.00 (User: , Inst: )
2025-12-23 22:39:55.334 +00:00 [INF] [Redis] Published message to channel: notifications (User: , Inst: )
2025-12-23 22:39:55.399 +00:00 [ERR] Error processing asset "019b262c-023b-71ce-a8e7-62041917edd1" (User: , Inst: )
System.ArgumentNullException: Value cannot be null. (Parameter 'address')
   at MimeKit.MailboxAddress..ctor(Encoding encoding, String name, String address)
   at MimeKit.MailboxAddress..ctor(String name, String address)
   at AssetManagement.API.DAL.Services.EmailService.EmailService.SendEmailAsync(String to, String subject, String htmlBody) in C:\Users\sammi\PROJECTS\PERSONAL\JET_BRAINS\FAST_TRACK_SERVICES\Assets_Management\FrontEnd_and_BackEnd\assetmanagement_backend\AssetManagement.API\DAL\Services\EmailService\EmailService.cs:line 13
   at AssetManagement.API.DAL.Services.NotificationService.NotificationService.SendMaintenanceDueAsync(AssetsModel assetsModel) in C:\Users\sammi\PROJECTS\PERSONAL\JET_BRAINS\FAST_TRACK_SERVICES\Assets_Management\FrontEnd_and_BackEnd\assetmanagement_backend\AssetManagement.API\DAL\Services\NotificationService\NotificationService.cs:line 92
   at AssetManagement.API.DAL.Services.BackgroundServices.SubscriptionMaintenanceService.HandleAssetMaintenance(IAssetRepository assetRepo, INotificationService notificationService, IDepreciationService depreciationService) in C:\Users\sammi\PROJECTS\PERSONAL\JET_BRAINS\FAST_TRACK_SERVICES\Assets_Management\FrontEnd_and_BackEnd\assetmanagement_backend\AssetManagement.API\DAL\Services\BackgroundServices\SubscriptionMaintenanceService.cs:line 79
2025-12-23 22:39:55.401 +00:00 [INF] Updated depreciation for asset Fantastic Plastic Ball: current value ¤3,501.17 (User: , Inst: )
2025-12-23 22:39:55.404 +00:00 [INF] Updated depreciation for asset Awesome Steel Pants --update: current value ¤2,539.76 (User: , Inst: )
2025-12-23 22:39:55.407 +00:00 [INF] Updated depreciation for asset Practical Wooden Bike: current value ¤4,260.71 (User: , Inst: )
2025-12-23 22:39:55.517 +00:00 [WRN] Failed to determine the https port for redirect. (User: anonymous, Inst: none)
2025-12-23 22:42:24.533 +00:00 [INF] 💤 Application shutting down... (User: , Inst: )
2025-12-23 22:42:54.588 +00:00 [INF] 🚀 Starting AssetManagement API... (User: , Inst: )
2025-12-23 22:42:54.712 +00:00 [INF] Subscription background service started at "2025-12-23T22:42:54.7113449Z" (User: , Inst: )
2025-12-23 22:42:56.703 +00:00 [INF] Subscription & Maintenance Background Service started. (User: , Inst: )
2025-12-23 22:42:57.180 +00:00 [INF] Subscription check completed at "2025-12-23T22:42:57.1805183Z" (User: , Inst: )
2025-12-23 22:42:57.551 +00:00 [INF] Updated depreciation for asset 23423423: current value ¤7,870.00 (User: , Inst: )
2025-12-23 22:42:57.559 +00:00 [INF] Updated depreciation for asset Hello string Asset: current value ¤23,000.00 (User: , Inst: )
2025-12-23 22:42:57.601 +00:00 [INF] [Redis] Published message to channel: notifications (User: , Inst: )
2025-12-23 22:42:57.652 +00:00 [ERR] Error processing asset "019b262c-023b-71ce-a8e7-62041917edd1" (User: , Inst: )
System.ArgumentNullException: Value cannot be null. (Parameter 'address')
   at MimeKit.MailboxAddress..ctor(Encoding encoding, String name, String address)
   at MimeKit.MailboxAddress..ctor(String name, String address)
   at AssetManagement.API.DAL.Services.EmailService.EmailService.SendEmailAsync(String to, String subject, String htmlBody) in C:\Users\sammi\PROJECTS\PERSONAL\JET_BRAINS\FAST_TRACK_SERVICES\Assets_Management\FrontEnd_and_BackEnd\assetmanagement_backend\AssetManagement.API\DAL\Services\EmailService\EmailService.cs:line 13
   at AssetManagement.API.DAL.Services.NotificationService.NotificationService.SendMaintenanceDueAsync(AssetsModel assetsModel) in C:\Users\sammi\PROJECTS\PERSONAL\JET_BRAINS\FAST_TRACK_SERVICES\Assets_Management\FrontEnd_and_BackEnd\assetmanagement_backend\AssetManagement.API\DAL\Services\NotificationService\NotificationService.cs:line 92
   at AssetManagement.API.DAL.Services.BackgroundServices.SubscriptionMaintenanceService.HandleAssetMaintenance(IAssetRepository assetRepo, INotificationService notificationService, IDepreciationService depreciationService) in C:\Users\sammi\PROJECTS\PERSONAL\JET_BRAINS\FAST_TRACK_SERVICES\Assets_Management\FrontEnd_and_BackEnd\assetmanagement_backend\AssetManagement.API\DAL\Services\BackgroundServices\SubscriptionMaintenanceService.cs:line 79
2025-12-23 22:42:57.654 +00:00 [INF] Updated depreciation for asset Fantastic Plastic Ball: current value ¤3,501.17 (User: , Inst: )
2025-12-23 22:42:57.657 +00:00 [INF] Updated depreciation for asset Awesome Steel Pants --update: current value ¤2,539.76 (User: , Inst: )
2025-12-23 22:42:57.659 +00:00 [INF] Updated depreciation for asset Practical Wooden Bike: current value ¤4,260.71 (User: , Inst: )
2025-12-23 22:43:00.730 +00:00 [WRN] Failed to determine the https port for redirect. (User: anonymous, Inst: none)
2025-12-23 22:43:01.048 +00:00 [INF] Querying AssetTypesModel service (User: anonymous, Inst: none)
2025-12-23 22:43:01.396 +00:00 [INF] Querying AssetTypesModel service (User: anonymous, Inst: none)
2025-12-23 22:43:18.016 +00:00 [INF] Querying InstitutionsModel service (User: anonymous, Inst: none)
2025-12-23 22:43:39.200 +00:00 [INF] 💤 Application shutting down... (User: , Inst: )
2025-12-23 22:43:54.595 +00:00 [INF] 🚀 Starting AssetManagement API... (User: , Inst: )
2025-12-23 22:43:54.715 +00:00 [INF] Subscription background service started at "2025-12-23T22:43:54.7140925Z" (User: , Inst: )
2025-12-23 22:43:56.547 +00:00 [INF] Subscription & Maintenance Background Service started. (User: , Inst: )
2025-12-23 22:43:57.011 +00:00 [INF] Subscription check completed at "2025-12-23T22:43:57.0114584Z" (User: , Inst: )
2025-12-23 22:43:57.246 +00:00 [INF] Updated depreciation for asset 23423423: current value ¤7,870.00 (User: , Inst: )
2025-12-23 22:43:57.250 +00:00 [INF] Updated depreciation for asset Hello string Asset: current value ¤23,000.00 (User: , Inst: )
2025-12-23 22:43:57.297 +00:00 [INF] [Redis] Published message to channel: notifications (User: , Inst: )
2025-12-23 22:43:57.350 +00:00 [ERR] Error processing asset "019b262c-023b-71ce-a8e7-62041917edd1" (User: , Inst: )
System.ArgumentNullException: Value cannot be null. (Parameter 'address')
   at MimeKit.MailboxAddress..ctor(Encoding encoding, String name, String address)
   at MimeKit.MailboxAddress..ctor(String name, String address)
   at AssetManagement.API.DAL.Services.EmailService.EmailService.SendEmailAsync(String to, String subject, String htmlBody) in C:\Users\sammi\PROJECTS\PERSONAL\JET_BRAINS\FAST_TRACK_SERVICES\Assets_Management\FrontEnd_and_BackEnd\assetmanagement_backend\AssetManagement.API\DAL\Services\EmailService\EmailService.cs:line 13
   at AssetManagement.API.DAL.Services.NotificationService.NotificationService.SendMaintenanceDueAsync(AssetsModel assetsModel) in C:\Users\sammi\PROJECTS\PERSONAL\JET_BRAINS\FAST_TRACK_SERVICES\Assets_Management\FrontEnd_and_BackEnd\assetmanagement_backend\AssetManagement.API\DAL\Services\NotificationService\NotificationService.cs:line 92
   at AssetManagement.API.DAL.Services.BackgroundServices.SubscriptionMaintenanceService.HandleAssetMaintenance(IAssetRepository assetRepo, INotificationService notificationService, IDepreciationService depreciationService) in C:\Users\sammi\PROJECTS\PERSONAL\JET_BRAINS\FAST_TRACK_SERVICES\Assets_Management\FrontEnd_and_BackEnd\assetmanagement_backend\AssetManagement.API\DAL\Services\BackgroundServices\SubscriptionMaintenanceService.cs:line 79
2025-12-23 22:43:57.378 +00:00 [INF] Updated depreciation for asset Fantastic Plastic Ball: current value ¤3,501.17 (User: , Inst: )
2025-12-23 22:43:57.380 +00:00 [INF] Updated depreciation for asset Awesome Steel Pants --update: current value ¤2,539.76 (User: , Inst: )
2025-12-23 22:43:57.382 +00:00 [INF] Updated depreciation for asset Practical Wooden Bike: current value ¤4,260.71 (User: , Inst: )
2025-12-23 22:43:58.831 +00:00 [WRN] Failed to determine the https port for redirect. (User: anonymous, Inst: none)
2025-12-23 22:43:59.052 +00:00 [INF] Querying InstitutionsModel service (User: anonymous, Inst: none)
2025-12-23 22:43:59.268 +00:00 [INF] Querying InstitutionsModel service (User: anonymous, Inst: none)
2025-12-23 22:46:42.103 +00:00 [INF] 💤 Application shutting down... (User: , Inst: )
2025-12-23 22:47:59.320 +00:00 [INF] 🚀 Starting AssetManagement API... (User: , Inst: )
2025-12-23 22:47:59.438 +00:00 [INF] Subscription background service started at "2025-12-23T22:47:59.4376307Z" (User: , Inst: )
2025-12-23 22:48:01.498 +00:00 [INF] Subscription & Maintenance Background Service started. (User: , Inst: )
2025-12-23 22:48:02.126 +00:00 [INF] Subscription check completed at "2025-12-23T22:48:02.1267297Z" (User: , Inst: )
2025-12-23 22:48:02.376 +00:00 [INF] Updated depreciation for asset Practical Wooden Bike: current value ¤4,260.71 (User: , Inst: )
2025-12-23 22:48:02.381 +00:00 [INF] Updated depreciation for asset 23423423: current value ¤7,870.00 (User: , Inst: )
2025-12-23 22:48:02.383 +00:00 [INF] Updated depreciation for asset Hello string Asset: current value ¤23,000.00 (User: , Inst: )
2025-12-23 22:48:02.420 +00:00 [INF] [Redis] Published message to channel: notifications (User: , Inst: )
2025-12-23 22:48:02.467 +00:00 [ERR] Error processing asset "019b262c-023b-71ce-a8e7-62041917edd1" (User: , Inst: )
System.ArgumentNullException: Value cannot be null. (Parameter 'address')
   at MimeKit.MailboxAddress..ctor(Encoding encoding, String name, String address)
   at MimeKit.MailboxAddress..ctor(String name, String address)
   at AssetManagement.API.DAL.Services.EmailService.EmailService.SendEmailAsync(String to, String subject, String htmlBody) in C:\Users\sammi\PROJECTS\PERSONAL\JET_BRAINS\FAST_TRACK_SERVICES\Assets_Management\FrontEnd_and_BackEnd\assetmanagement_backend\AssetManagement.API\DAL\Services\EmailService\EmailService.cs:line 13
   at AssetManagement.API.DAL.Services.NotificationService.NotificationService.SendMaintenanceDueAsync(AssetsModel assetsModel) in C:\Users\sammi\PROJECTS\PERSONAL\JET_BRAINS\FAST_TRACK_SERVICES\Assets_Management\FrontEnd_and_BackEnd\assetmanagement_backend\AssetManagement.API\DAL\Services\NotificationService\NotificationService.cs:line 92
   at AssetManagement.API.DAL.Services.BackgroundServices.SubscriptionMaintenanceService.HandleAssetMaintenance(IAssetRepository assetRepo, INotificationService notificationService, IDepreciationService depreciationService) in C:\Users\sammi\PROJECTS\PERSONAL\JET_BRAINS\FAST_TRACK_SERVICES\Assets_Management\FrontEnd_and_BackEnd\assetmanagement_backend\AssetManagement.API\DAL\Services\BackgroundServices\SubscriptionMaintenanceService.cs:line 79
2025-12-23 22:48:02.470 +00:00 [INF] Updated depreciation for asset Fantastic Plastic Ball: current value ¤3,501.17 (User: , Inst: )
2025-12-23 22:48:02.472 +00:00 [INF] Updated depreciation for asset Awesome Steel Pants --update: current value ¤2,539.76 (User: , Inst: )
2025-12-23 22:48:06.216 +00:00 [WRN] Failed to determine the https port for redirect. (User: anonymous, Inst: none)
2025-12-23 22:48:06.452 +00:00 [INF] Querying AssetCategoriesModel service (User: anonymous, Inst: none)
2025-12-23 22:48:07.075 +00:00 [INF] Querying AssetCategoriesModel service (User: anonymous, Inst: none)
2025-12-23 22:48:09.925 +00:00 [INF] Querying AssetTypesModel service (User: anonymous, Inst: none)
2025-12-23 22:48:09.930 +00:00 [INF] Querying InstitutionsModel service (User: anonymous, Inst: none)
2025-12-23 22:48:09.961 +00:00 [INF] Querying InstitutionsModel service (User: anonymous, Inst: none)
2025-12-23 22:48:09.976 +00:00 [INF] Querying AssetTypesModel service (User: anonymous, Inst: none)
2025-12-23 22:48:27.701 +00:00 [INF] Querying AssetTypesModel service (User: anonymous, Inst: none)
2025-12-23 22:48:27.701 +00:00 [INF] Querying InstitutionsModel service (User: anonymous, Inst: none)
2025-12-23 22:48:27.757 +00:00 [INF] Querying AssetTypesModel service (User: anonymous, Inst: none)
2025-12-23 22:48:27.765 +00:00 [INF] Querying InstitutionsModel service (User: anonymous, Inst: none)
2025-12-23 22:48:53.319 +00:00 [INF] Querying AssetTypesModel service (User: anonymous, Inst: none)
2025-12-23 22:48:53.320 +00:00 [INF] Querying InstitutionsModel service (User: anonymous, Inst: none)
2025-12-23 22:48:53.336 +00:00 [INF] Querying InstitutionsModel service (User: anonymous, Inst: none)
2025-12-23 22:48:53.341 +00:00 [INF] Querying AssetTypesModel service (User: anonymous, Inst: none)
2025-12-23 22:49:02.810 +00:00 [INF] Querying InstitutionsModel service (User: anonymous, Inst: none)
2025-12-23 22:49:02.823 +00:00 [INF] Querying InstitutionsModel service (User: anonymous, Inst: none)
2025-12-23 22:54:50.665 +00:00 [INF] Querying InstitutionsModel service (User: anonymous, Inst: none)
2025-12-23 22:54:50.682 +00:00 [INF] Querying InstitutionsModel service (User: anonymous, Inst: none)
2025-12-23 23:04:21.242 +00:00 [INF] Querying InstitutionsModel service (User: anonymous, Inst: none)
2025-12-23 23:04:21.272 +00:00 [INF] Querying InstitutionsModel service (User: anonymous, Inst: none)
2025-12-23 23:04:30.613 +00:00 [INF] Querying InstitutionsModel service (User: anonymous, Inst: none)
2025-12-23 23:04:30.697 +00:00 [INF] Querying InstitutionsModel service (User: anonymous, Inst: none)
2025-12-23 23:08:16.934 +00:00 [INF] Querying InstitutionsModel service (User: anonymous, Inst: none)
2025-12-23 23:18:13.824 +00:00 [INF] Querying InstitutionsModel service (User: anonymous, Inst: none)
2025-12-23 23:18:13.839 +00:00 [INF] Querying InstitutionsModel service (User: anonymous, Inst: none)
2025-12-23 23:18:32.155 +00:00 [INF] Querying InstitutionsModel service (User: anonymous, Inst: none)
2025-12-23 23:18:32.170 +00:00 [INF] Querying InstitutionsModel service (User: anonymous, Inst: none)
2025-12-23 23:19:52.744 +00:00 [INF] Querying InstitutionsModel service (User: anonymous, Inst: none)
2025-12-23 23:19:52.768 +00:00 [INF] Querying InstitutionsModel service (User: anonymous, Inst: none)
2025-12-23 23:19:56.008 +00:00 [INF] Querying InstitutionsModel service (User: anonymous, Inst: none)
2025-12-23 23:19:56.027 +00:00 [INF] Querying InstitutionsModel service (User: anonymous, Inst: none)
2025-12-23 23:20:05.006 +00:00 [INF] Querying InstitutionsModel service (User: anonymous, Inst: none)
2025-12-23 23:20:05.019 +00:00 [INF] Querying InstitutionsModel service (User: anonymous, Inst: none)
2025-12-23 23:28:42.346 +00:00 [INF] Querying InstitutionsModel service (User: anonymous, Inst: none)
2025-12-23 23:28:42.415 +00:00 [INF] Querying InstitutionsModel service (User: anonymous, Inst: none)
