2025-12-15 07:30:39.166 +00:00 [INF] 🚀 Starting AssetManagement API... (User: , Inst: )
2025-12-15 07:30:39.618 +00:00 [INF] Subscription background service started at "2025-12-15T07:30:39.6137466Z" (User: , Inst: )
2025-12-15 07:30:43.379 +00:00 [INF] Subscription & Maintenance Background Service started. (User: , Inst: )
2025-12-15 07:30:44.813 +00:00 [INF] Subscription check completed at "2025-12-15T07:30:44.8131519Z" (User: , Inst: )
2025-12-15 07:30:45.743 +00:00 [INF] Updated depreciation for asset Practical Wooden Bike: current value ¤4,260.71 (User: , Inst: )
2025-12-15 07:30:45.758 +00:00 [INF] Updated depreciation for asset Awesome Steel Pants: current value ¤2,539.76 (User: , Inst: )
2025-12-15 07:30:45.763 +00:00 [INF] Updated depreciation for asset Fantastic Plastic Ball: current value ¤3,501.17 (User: , Inst: )
2025-12-15 07:31:33.212 +00:00 [WRN] Failed to determine the https port for redirect. (User: anonymous, Inst: none)
2025-12-15 07:31:41.924 +00:00 [INF] Querying InstitutionsModel service (User: anonymous, Inst: none)
2025-12-15 07:32:18.392 +00:00 [INF] Querying AssetCategoriesModel service (User: anonymous, Inst: none)
2025-12-15 07:32:29.998 +00:00 [INF] Fetching AssetCategoriesModel by id "019abad9-fa85-7bf1-9d58-707a71109221" (User: anonymous, Inst: none)
2025-12-15 07:32:50.597 +00:00 [INF] Querying health. (User: anonymous, Inst: none)
2025-12-15 07:32:50.598 +00:00 [INF] Health action queried successfully. (User: anonymous, Inst: none)
2025-12-15 07:33:00.973 +00:00 [INF] Querying AssetCategoriesModel service (User: anonymous, Inst: none)
2025-12-15 07:36:19.046 +00:00 [INF] Fetching AssetCategoriesModel by id "019abad9-fa85-7bf1-9d58-707a71109221" (User: anonymous, Inst: none)
2025-12-15 07:38:04.955 +00:00 [INF] Fetching AssetCategoriesModel by id "019abad9-fa85-7bf1-9d58-707a71109221" (User: anonymous, Inst: none)
2025-12-15 07:38:37.316 +00:00 [INF] Fetching AssetCategoriesModel by id "019abad9-fa85-7bf1-9d58-707a71109221" (User: anonymous, Inst: none)
2025-12-15 07:38:49.046 +00:00 [INF] Fetching InstitutionsModel by id "019aeb9e-e859-769f-abd5-27cdeb31bb50" (User: anonymous, Inst: none)
2025-12-15 07:38:54.779 +00:00 [INF] Querying InstitutionsModel service (User: anonymous, Inst: none)
2025-12-15 07:38:56.090 +00:00 [INF] Fetching InstitutionsModel by id "019aebd2-52a5-7b36-8b75-a37c1fed8b8f" (User: anonymous, Inst: none)
2025-12-15 07:39:08.817 +00:00 [INF] Querying AssetTypesModel service (User: anonymous, Inst: none)
2025-12-15 07:39:12.833 +00:00 [INF] Fetching AssetTypesModel by id "79a8eb98-fd72-4fb6-bbbb-956d25b51fa8" (User: anonymous, Inst: none)
2025-12-15 07:39:43.654 +00:00 [INF] Fetching AssetTypesModel by id "79a8eb98-fd72-4fb6-bbbb-956d25b51fa8" (User: anonymous, Inst: none)
2025-12-15 07:59:39.051 +00:00 [INF] Querying AssetCategoriesModel service (User: anonymous, Inst: none)
2025-12-15 07:59:39.051 +00:00 [INF] Querying AssetCategoriesModel service (User: anonymous, Inst: none)
2025-12-15 08:03:59.070 +00:00 [INF] Fetching AssetCategoriesModel by id "ffab2082-5187-42ea-a3c6-114f717611a5" (User: anonymous, Inst: none)
2025-12-15 08:05:52.234 +00:00 [INF] Fetching AssetCategoriesModel by id "ffab2082-5187-42ea-a3c6-114f717611a5" (User: anonymous, Inst: none)
2025-12-15 08:06:24.687 +00:00 [INF] Querying AssetCategoriesModel service (User: anonymous, Inst: none)
2025-12-15 08:25:58.216 +00:00 [INF] Fetching AssetCategoriesModel by id "ffab2082-5187-42ea-a3c6-114f717611a5" (User: anonymous, Inst: none)
2025-12-15 21:29:26.373 +00:00 [INF] 🚀 Starting AssetManagement API... (User: , Inst: )
2025-12-15 21:29:26.610 +00:00 [INF] Subscription background service started at "2025-12-15T21:29:26.6088054Z" (User: , Inst: )
2025-12-15 21:29:29.775 +00:00 [INF] Subscription & Maintenance Background Service started. (User: , Inst: )
2025-12-15 21:29:30.646 +00:00 [INF] Subscription check completed at "2025-12-15T21:29:30.6460644Z" (User: , Inst: )
2025-12-15 21:29:30.957 +00:00 [INF] Updated depreciation for asset Awesome Steel Pants: current value ¤2,539.76 (User: , Inst: )
2025-12-15 21:29:30.963 +00:00 [INF] Updated depreciation for asset Fantastic Plastic Ball: current value ¤3,501.17 (User: , Inst: )
2025-12-15 21:29:30.965 +00:00 [INF] Updated depreciation for asset Practical Wooden Bike: current value ¤4,260.71 (User: , Inst: )
2025-12-15 21:32:53.537 +00:00 [WRN] Failed to determine the https port for redirect. (User: anonymous, Inst: none)
2025-12-15 21:32:53.827 +00:00 [INF] Querying AssetCategoriesModel service (User: anonymous, Inst: none)
2025-12-15 21:32:53.827 +00:00 [INF] Querying AssetCategoriesModel service (User: anonymous, Inst: none)
2025-12-15 21:34:04.565 +00:00 [INF] Fetching AssetCategoriesModel by id "ffab2082-5187-42ea-a3c6-114f717611a5" (User: anonymous, Inst: none)
