2025-12-17 07:33:34.607 +00:00 [INF] 🚀 Starting AssetManagement API... (User: , Inst: )
2025-12-17 07:33:34.798 +00:00 [INF] Subscription background service started at "2025-12-17T07:33:34.7969239Z" (User: , Inst: )
2025-12-17 07:33:37.366 +00:00 [INF] Subscription & Maintenance Background Service started. (User: , Inst: )
2025-12-17 07:33:38.558 +00:00 [INF] Subscription check completed at "2025-12-17T07:33:38.5588955Z" (User: , Inst: )
2025-12-17 07:33:39.364 +00:00 [INF] Updated depreciation for asset Awesome Steel Pants: current value ¤2,539.76 (User: , Inst: )
2025-12-17 07:33:39.371 +00:00 [INF] Updated depreciation for asset Fantastic Plastic Ball: current value ¤3,501.17 (User: , Inst: )
2025-12-17 07:33:39.374 +00:00 [INF] Updated depreciation for asset Practical Wooden Bike: current value ¤4,260.71 (User: , Inst: )
2025-12-17 07:33:39.377 +00:00 [INF] Updated depreciation for asset string: current value ¤0.00 (User: , Inst: )
2025-12-17 07:33:39.434 +00:00 [INF] [Redis] Published message to channel: notifications (User: , Inst: )
2025-12-17 07:33:39.532 +00:00 [ERR] Error processing asset "019b262c-023b-71ce-a8e7-62041917edd1" (User: , Inst: )
System.ArgumentNullException: Value cannot be null. (Parameter 'address')
   at MimeKit.MailboxAddress..ctor(Encoding encoding, String name, String address)
   at MimeKit.MailboxAddress..ctor(String name, String address)
   at AssetManagement.API.DAL.Services.EmailService.EmailService.SendEmailAsync(String to, String subject, String htmlBody) in C:\Users\sammi\PROJECTS\PERSONAL\JET_BRAINS\FAST_TRACK_SERVICES\Assets_Management\FrontEnd_and_BackEnd\assetmanagement_backend\AssetManagement.API\DAL\Services\EmailService\EmailService.cs:line 12
   at AssetManagement.API.DAL.Services.NotificationService.NotificationService.SendMaintenanceDueAsync(AssetsModel assetsModel) in C:\Users\sammi\PROJECTS\PERSONAL\JET_BRAINS\FAST_TRACK_SERVICES\Assets_Management\FrontEnd_and_BackEnd\assetmanagement_backend\AssetManagement.API\DAL\Services\NotificationService\NotificationService.cs:line 92
   at AssetManagement.API.DAL.Services.BackgroundServices.SubscriptionMaintenanceService.HandleAssetMaintenance(IAssetRepository assetRepo, INotificationService notificationService, IDepreciationService depreciationService) in C:\Users\sammi\PROJECTS\PERSONAL\JET_BRAINS\FAST_TRACK_SERVICES\Assets_Management\FrontEnd_and_BackEnd\assetmanagement_backend\AssetManagement.API\DAL\Services\BackgroundServices\SubscriptionMaintenanceService.cs:line 79
2025-12-17 07:33:39.535 +00:00 [INF] Updated depreciation for asset 23423423: current value ¤7,870.00 (User: , Inst: )
2025-12-17 07:35:14.088 +00:00 [WRN] Failed to determine the https port for redirect. (User: anonymous, Inst: none)
2025-12-17 07:35:51.779 +00:00 [INF] Querying AssetTypesModel service (User: anonymous, Inst: none)
2025-12-17 08:04:27.129 +00:00 [INF] Querying AssetTypesModel service (User: anonymous, Inst: none)
2025-12-17 08:04:27.224 +00:00 [INF] Querying AssetTypesModel service (User: anonymous, Inst: none)
2025-12-17 08:04:27.542 +00:00 [INF] Querying InstitutionsModel service (User: anonymous, Inst: none)
2025-12-17 08:04:27.767 +00:00 [INF] Querying AssetCategoriesModel service (User: anonymous, Inst: none)
2025-12-17 08:04:27.810 +00:00 [INF] Querying InstitutionsModel service (User: anonymous, Inst: none)
2025-12-17 08:04:27.936 +00:00 [INF] Querying AssetCategoriesModel service (User: anonymous, Inst: none)
2025-12-17 08:13:22.599 +00:00 [INF] Querying InstitutionsModel service (User: anonymous, Inst: none)
2025-12-17 08:13:22.639 +00:00 [INF] Querying AssetCategoriesModel service (User: anonymous, Inst: none)
2025-12-17 08:13:22.646 +00:00 [INF] Querying AssetTypesModel service (User: anonymous, Inst: none)
2025-12-17 08:23:09.304 +00:00 [INF] Querying InstitutionsModel service (User: anonymous, Inst: none)
2025-12-17 08:23:09.334 +00:00 [INF] Querying AssetCategoriesModel service (User: anonymous, Inst: none)
2025-12-17 08:23:09.334 +00:00 [INF] Querying AssetTypesModel service (User: anonymous, Inst: none)
2025-12-17 08:23:20.652 +00:00 [INF] Querying InstitutionsModel service (User: anonymous, Inst: none)
2025-12-17 08:23:20.715 +00:00 [INF] Querying AssetCategoriesModel service (User: anonymous, Inst: none)
2025-12-17 08:23:20.715 +00:00 [INF] Querying AssetTypesModel service (User: anonymous, Inst: none)
2025-12-17 08:23:45.630 +00:00 [INF] Querying InstitutionsModel service (User: anonymous, Inst: none)
2025-12-17 08:23:45.667 +00:00 [INF] Querying AssetCategoriesModel service (User: anonymous, Inst: none)
2025-12-17 08:23:45.699 +00:00 [INF] Querying AssetTypesModel service (User: anonymous, Inst: none)
2025-12-17 08:24:31.854 +00:00 [ERR] An unhandled exception has occurred while executing the request. (User: , Inst: )
System.NotSupportedException: Deserialization of interface or abstract types is not supported. Type 'AssetManagement.Entities.DTOs.Requests.AssetsUpdateRequest'. Path: $ | LineNumber: 0 | BytePositionInLine: 1.
 ---> System.NotSupportedException: Deserialization of interface or abstract types is not supported. Type 'AssetManagement.Entities.DTOs.Requests.AssetsUpdateRequest'.
   --- End of inner exception stack trace ---
   at System.Text.Json.ThrowHelper.ThrowNotSupportedException(ReadStack& state, Utf8JsonReader& reader, Exception innerException)
   at System.Text.Json.ThrowHelper.ThrowNotSupportedException_DeserializeNoConstructor(JsonTypeInfo typeInfo, Utf8JsonReader& reader, ReadStack& state)
   at System.Text.Json.Serialization.Converters.ObjectDefaultConverter`1.OnTryRead(Utf8JsonReader& reader, Type typeToConvert, JsonSerializerOptions options, ReadStack& state, T& value)
   at System.Text.Json.Serialization.JsonConverter`1.TryRead(Utf8JsonReader& reader, Type typeToConvert, JsonSerializerOptions options, ReadStack& state, T& value, Boolean& isPopulatedValue)
   at System.Text.Json.Serialization.JsonConverter`1.ReadCore(Utf8JsonReader& reader, T& value, JsonSerializerOptions options, ReadStack& state)
   at System.Text.Json.Serialization.Metadata.JsonTypeInfo`1.ContinueDeserialize(ReadBufferState& bufferState, JsonReaderState& jsonReaderState, ReadStack& readStack, T& value)
   at System.Text.Json.Serialization.Metadata.JsonTypeInfo`1.DeserializeAsync(Stream utf8Json, CancellationToken cancellationToken)
   at System.Text.Json.Serialization.Metadata.JsonTypeInfo`1.DeserializeAsObjectAsync(Stream utf8Json, CancellationToken cancellationToken)
   at Microsoft.AspNetCore.Mvc.Formatters.SystemTextJsonInputFormatter.ReadRequestBodyAsync(InputFormatterContext context, Encoding encoding)
   at Microsoft.AspNetCore.Mvc.Formatters.SystemTextJsonInputFormatter.ReadRequestBodyAsync(InputFormatterContext context, Encoding encoding)
   at Microsoft.AspNetCore.Mvc.ModelBinding.Binders.BodyModelBinder.BindModelAsync(ModelBindingContext bindingContext)
   at Microsoft.AspNetCore.Mvc.ModelBinding.ParameterBinder.BindModelAsync(ActionContext actionContext, IModelBinder modelBinder, IValueProvider valueProvider, ParameterDescriptor parameter, ModelMetadata metadata, Object value, Object container)
   at Microsoft.AspNetCore.Mvc.Controllers.ControllerBinderDelegateProvider.<>c__DisplayClass0_0.<<CreateBinderDelegate>g__Bind|0>d.MoveNext()
--- End of stack trace from previous location ---
   at Microsoft.AspNetCore.Mvc.Infrastructure.ControllerActionInvoker.<InvokeInnerFilterAsync>g__Awaited|13_0(ControllerActionInvoker invoker, Task lastTask, State next, Scope scope, Object state, Boolean isCompleted)
   at Microsoft.AspNetCore.Mvc.Infrastructure.ResourceInvoker.<InvokeFilterPipelineAsync>g__Awaited|20_0(ResourceInvoker invoker, Task lastTask, State next, Scope scope, Object state, Boolean isCompleted)
   at Microsoft.AspNetCore.Mvc.Infrastructure.ResourceInvoker.<InvokeAsync>g__Logged|17_1(ResourceInvoker invoker)
   at Microsoft.AspNetCore.Mvc.Infrastructure.ResourceInvoker.<InvokeAsync>g__Logged|17_1(ResourceInvoker invoker)
   at AssetManagement.API.Middleware.InstitutionContextMiddleware.InvokeAsync(HttpContext context) in C:\Users\sammi\PROJECTS\PERSONAL\JET_BRAINS\FAST_TRACK_SERVICES\Assets_Management\FrontEnd_and_BackEnd\assetmanagement_backend\AssetManagement.API\Middleware\InstitutionContextMiddleware.cs:line 17
   at Microsoft.AspNetCore.Authorization.AuthorizationMiddleware.Invoke(HttpContext context)
   at Microsoft.AspNetCore.Authentication.AuthenticationMiddleware.Invoke(HttpContext context)
   at Swashbuckle.AspNetCore.SwaggerUI.SwaggerUIMiddleware.Invoke(HttpContext httpContext)
   at Swashbuckle.AspNetCore.Swagger.SwaggerMiddleware.Invoke(HttpContext httpContext, ISwaggerProvider swaggerProvider)
   at AssetManagement.API.Middleware.LoggingContextMiddleware.InvokeAsync(HttpContext context) in C:\Users\sammi\PROJECTS\PERSONAL\JET_BRAINS\FAST_TRACK_SERVICES\Assets_Management\FrontEnd_and_BackEnd\assetmanagement_backend\AssetManagement.API\Middleware\LoggingContextMiddleware.cs:line 16
   at Microsoft.AspNetCore.Diagnostics.DeveloperExceptionPageMiddlewareImpl.Invoke(HttpContext context)
2025-12-17 08:25:08.572 +00:00 [ERR] An unhandled exception has occurred while executing the request. (User: , Inst: )
System.NotSupportedException: Deserialization of interface or abstract types is not supported. Type 'AssetManagement.Entities.DTOs.Requests.AssetsUpdateRequest'. Path: $ | LineNumber: 0 | BytePositionInLine: 1.
 ---> System.NotSupportedException: Deserialization of interface or abstract types is not supported. Type 'AssetManagement.Entities.DTOs.Requests.AssetsUpdateRequest'.
   --- End of inner exception stack trace ---
   at System.Text.Json.ThrowHelper.ThrowNotSupportedException(ReadStack& state, Utf8JsonReader& reader, Exception innerException)
   at System.Text.Json.ThrowHelper.ThrowNotSupportedException_DeserializeNoConstructor(JsonTypeInfo typeInfo, Utf8JsonReader& reader, ReadStack& state)
   at System.Text.Json.Serialization.Converters.ObjectDefaultConverter`1.OnTryRead(Utf8JsonReader& reader, Type typeToConvert, JsonSerializerOptions options, ReadStack& state, T& value)
   at System.Text.Json.Serialization.JsonConverter`1.TryRead(Utf8JsonReader& reader, Type typeToConvert, JsonSerializerOptions options, ReadStack& state, T& value, Boolean& isPopulatedValue)
   at System.Text.Json.Serialization.JsonConverter`1.ReadCore(Utf8JsonReader& reader, T& value, JsonSerializerOptions options, ReadStack& state)
   at System.Text.Json.Serialization.Metadata.JsonTypeInfo`1.ContinueDeserialize(ReadBufferState& bufferState, JsonReaderState& jsonReaderState, ReadStack& readStack, T& value)
   at System.Text.Json.Serialization.Metadata.JsonTypeInfo`1.DeserializeAsync(Stream utf8Json, CancellationToken cancellationToken)
   at System.Text.Json.Serialization.Metadata.JsonTypeInfo`1.DeserializeAsObjectAsync(Stream utf8Json, CancellationToken cancellationToken)
   at Microsoft.AspNetCore.Mvc.Formatters.SystemTextJsonInputFormatter.ReadRequestBodyAsync(InputFormatterContext context, Encoding encoding)
   at Microsoft.AspNetCore.Mvc.Formatters.SystemTextJsonInputFormatter.ReadRequestBodyAsync(InputFormatterContext context, Encoding encoding)
   at Microsoft.AspNetCore.Mvc.ModelBinding.Binders.BodyModelBinder.BindModelAsync(ModelBindingContext bindingContext)
   at Microsoft.AspNetCore.Mvc.ModelBinding.ParameterBinder.BindModelAsync(ActionContext actionContext, IModelBinder modelBinder, IValueProvider valueProvider, ParameterDescriptor parameter, ModelMetadata metadata, Object value, Object container)
   at Microsoft.AspNetCore.Mvc.Controllers.ControllerBinderDelegateProvider.<>c__DisplayClass0_0.<<CreateBinderDelegate>g__Bind|0>d.MoveNext()
--- End of stack trace from previous location ---
   at Microsoft.AspNetCore.Mvc.Infrastructure.ControllerActionInvoker.<InvokeInnerFilterAsync>g__Awaited|13_0(ControllerActionInvoker invoker, Task lastTask, State next, Scope scope, Object state, Boolean isCompleted)
   at Microsoft.AspNetCore.Mvc.Infrastructure.ResourceInvoker.<InvokeFilterPipelineAsync>g__Awaited|20_0(ResourceInvoker invoker, Task lastTask, State next, Scope scope, Object state, Boolean isCompleted)
   at Microsoft.AspNetCore.Mvc.Infrastructure.ResourceInvoker.<InvokeAsync>g__Logged|17_1(ResourceInvoker invoker)
   at Microsoft.AspNetCore.Mvc.Infrastructure.ResourceInvoker.<InvokeAsync>g__Logged|17_1(ResourceInvoker invoker)
   at AssetManagement.API.Middleware.InstitutionContextMiddleware.InvokeAsync(HttpContext context) in C:\Users\sammi\PROJECTS\PERSONAL\JET_BRAINS\FAST_TRACK_SERVICES\Assets_Management\FrontEnd_and_BackEnd\assetmanagement_backend\AssetManagement.API\Middleware\InstitutionContextMiddleware.cs:line 17
   at Microsoft.AspNetCore.Authorization.AuthorizationMiddleware.Invoke(HttpContext context)
   at Microsoft.AspNetCore.Authentication.AuthenticationMiddleware.Invoke(HttpContext context)
   at Swashbuckle.AspNetCore.SwaggerUI.SwaggerUIMiddleware.Invoke(HttpContext httpContext)
   at Swashbuckle.AspNetCore.Swagger.SwaggerMiddleware.Invoke(HttpContext httpContext, ISwaggerProvider swaggerProvider)
   at AssetManagement.API.Middleware.LoggingContextMiddleware.InvokeAsync(HttpContext context) in C:\Users\sammi\PROJECTS\PERSONAL\JET_BRAINS\FAST_TRACK_SERVICES\Assets_Management\FrontEnd_and_BackEnd\assetmanagement_backend\AssetManagement.API\Middleware\LoggingContextMiddleware.cs:line 16
   at Microsoft.AspNetCore.Diagnostics.DeveloperExceptionPageMiddlewareImpl.Invoke(HttpContext context)
2025-12-17 08:25:53.654 +00:00 [ERR] An unhandled exception has occurred while executing the request. (User: , Inst: )
System.NotSupportedException: Deserialization of interface or abstract types is not supported. Type 'AssetManagement.Entities.DTOs.Requests.AssetsUpdateRequest'. Path: $ | LineNumber: 0 | BytePositionInLine: 1.
 ---> System.NotSupportedException: Deserialization of interface or abstract types is not supported. Type 'AssetManagement.Entities.DTOs.Requests.AssetsUpdateRequest'.
   --- End of inner exception stack trace ---
   at System.Text.Json.ThrowHelper.ThrowNotSupportedException(ReadStack& state, Utf8JsonReader& reader, Exception innerException)
   at System.Text.Json.ThrowHelper.ThrowNotSupportedException_DeserializeNoConstructor(JsonTypeInfo typeInfo, Utf8JsonReader& reader, ReadStack& state)
   at System.Text.Json.Serialization.Converters.ObjectDefaultConverter`1.OnTryRead(Utf8JsonReader& reader, Type typeToConvert, JsonSerializerOptions options, ReadStack& state, T& value)
   at System.Text.Json.Serialization.JsonConverter`1.TryRead(Utf8JsonReader& reader, Type typeToConvert, JsonSerializerOptions options, ReadStack& state, T& value, Boolean& isPopulatedValue)
   at System.Text.Json.Serialization.JsonConverter`1.ReadCore(Utf8JsonReader& reader, T& value, JsonSerializerOptions options, ReadStack& state)
   at System.Text.Json.Serialization.Metadata.JsonTypeInfo`1.ContinueDeserialize(ReadBufferState& bufferState, JsonReaderState& jsonReaderState, ReadStack& readStack, T& value)
   at System.Text.Json.Serialization.Metadata.JsonTypeInfo`1.DeserializeAsync(Stream utf8Json, CancellationToken cancellationToken)
   at System.Text.Json.Serialization.Metadata.JsonTypeInfo`1.DeserializeAsObjectAsync(Stream utf8Json, CancellationToken cancellationToken)
   at Microsoft.AspNetCore.Mvc.Formatters.SystemTextJsonInputFormatter.ReadRequestBodyAsync(InputFormatterContext context, Encoding encoding)
   at Microsoft.AspNetCore.Mvc.Formatters.SystemTextJsonInputFormatter.ReadRequestBodyAsync(InputFormatterContext context, Encoding encoding)
   at Microsoft.AspNetCore.Mvc.ModelBinding.Binders.BodyModelBinder.BindModelAsync(ModelBindingContext bindingContext)
   at Microsoft.AspNetCore.Mvc.ModelBinding.ParameterBinder.BindModelAsync(ActionContext actionContext, IModelBinder modelBinder, IValueProvider valueProvider, ParameterDescriptor parameter, ModelMetadata metadata, Object value, Object container)
   at Microsoft.AspNetCore.Mvc.Controllers.ControllerBinderDelegateProvider.<>c__DisplayClass0_0.<<CreateBinderDelegate>g__Bind|0>d.MoveNext()
--- End of stack trace from previous location ---
   at Microsoft.AspNetCore.Mvc.Infrastructure.ControllerActionInvoker.<InvokeInnerFilterAsync>g__Awaited|13_0(ControllerActionInvoker invoker, Task lastTask, State next, Scope scope, Object state, Boolean isCompleted)
   at Microsoft.AspNetCore.Mvc.Infrastructure.ResourceInvoker.<InvokeFilterPipelineAsync>g__Awaited|20_0(ResourceInvoker invoker, Task lastTask, State next, Scope scope, Object state, Boolean isCompleted)
   at Microsoft.AspNetCore.Mvc.Infrastructure.ResourceInvoker.<InvokeAsync>g__Logged|17_1(ResourceInvoker invoker)
   at Microsoft.AspNetCore.Mvc.Infrastructure.ResourceInvoker.<InvokeAsync>g__Logged|17_1(ResourceInvoker invoker)
   at AssetManagement.API.Middleware.InstitutionContextMiddleware.InvokeAsync(HttpContext context) in C:\Users\sammi\PROJECTS\PERSONAL\JET_BRAINS\FAST_TRACK_SERVICES\Assets_Management\FrontEnd_and_BackEnd\assetmanagement_backend\AssetManagement.API\Middleware\InstitutionContextMiddleware.cs:line 17
   at Microsoft.AspNetCore.Authorization.AuthorizationMiddleware.Invoke(HttpContext context)
   at Microsoft.AspNetCore.Authentication.AuthenticationMiddleware.Invoke(HttpContext context)
   at Swashbuckle.AspNetCore.SwaggerUI.SwaggerUIMiddleware.Invoke(HttpContext httpContext)
   at Swashbuckle.AspNetCore.Swagger.SwaggerMiddleware.Invoke(HttpContext httpContext, ISwaggerProvider swaggerProvider)
   at AssetManagement.API.Middleware.LoggingContextMiddleware.InvokeAsync(HttpContext context) in C:\Users\sammi\PROJECTS\PERSONAL\JET_BRAINS\FAST_TRACK_SERVICES\Assets_Management\FrontEnd_and_BackEnd\assetmanagement_backend\AssetManagement.API\Middleware\LoggingContextMiddleware.cs:line 16
   at Microsoft.AspNetCore.Diagnostics.DeveloperExceptionPageMiddlewareImpl.Invoke(HttpContext context)
2025-12-17 08:26:29.525 +00:00 [ERR] An unhandled exception has occurred while executing the request. (User: , Inst: )
System.NotSupportedException: Deserialization of interface or abstract types is not supported. Type 'AssetManagement.Entities.DTOs.Requests.AssetsUpdateRequest'. Path: $ | LineNumber: 0 | BytePositionInLine: 1.
 ---> System.NotSupportedException: Deserialization of interface or abstract types is not supported. Type 'AssetManagement.Entities.DTOs.Requests.AssetsUpdateRequest'.
   --- End of inner exception stack trace ---
   at System.Text.Json.ThrowHelper.ThrowNotSupportedException(ReadStack& state, Utf8JsonReader& reader, Exception innerException)
   at System.Text.Json.ThrowHelper.ThrowNotSupportedException_DeserializeNoConstructor(JsonTypeInfo typeInfo, Utf8JsonReader& reader, ReadStack& state)
   at System.Text.Json.Serialization.Converters.ObjectDefaultConverter`1.OnTryRead(Utf8JsonReader& reader, Type typeToConvert, JsonSerializerOptions options, ReadStack& state, T& value)
   at System.Text.Json.Serialization.JsonConverter`1.TryRead(Utf8JsonReader& reader, Type typeToConvert, JsonSerializerOptions options, ReadStack& state, T& value, Boolean& isPopulatedValue)
   at System.Text.Json.Serialization.JsonConverter`1.ReadCore(Utf8JsonReader& reader, T& value, JsonSerializerOptions options, ReadStack& state)
   at System.Text.Json.Serialization.Metadata.JsonTypeInfo`1.ContinueDeserialize(ReadBufferState& bufferState, JsonReaderState& jsonReaderState, ReadStack& readStack, T& value)
   at System.Text.Json.Serialization.Metadata.JsonTypeInfo`1.DeserializeAsync(Stream utf8Json, CancellationToken cancellationToken)
   at System.Text.Json.Serialization.Metadata.JsonTypeInfo`1.DeserializeAsObjectAsync(Stream utf8Json, CancellationToken cancellationToken)
   at Microsoft.AspNetCore.Mvc.Formatters.SystemTextJsonInputFormatter.ReadRequestBodyAsync(InputFormatterContext context, Encoding encoding)
   at Microsoft.AspNetCore.Mvc.Formatters.SystemTextJsonInputFormatter.ReadRequestBodyAsync(InputFormatterContext context, Encoding encoding)
   at Microsoft.AspNetCore.Mvc.ModelBinding.Binders.BodyModelBinder.BindModelAsync(ModelBindingContext bindingContext)
   at Microsoft.AspNetCore.Mvc.ModelBinding.ParameterBinder.BindModelAsync(ActionContext actionContext, IModelBinder modelBinder, IValueProvider valueProvider, ParameterDescriptor parameter, ModelMetadata metadata, Object value, Object container)
   at Microsoft.AspNetCore.Mvc.Controllers.ControllerBinderDelegateProvider.<>c__DisplayClass0_0.<<CreateBinderDelegate>g__Bind|0>d.MoveNext()
--- End of stack trace from previous location ---
   at Microsoft.AspNetCore.Mvc.Infrastructure.ControllerActionInvoker.<InvokeInnerFilterAsync>g__Awaited|13_0(ControllerActionInvoker invoker, Task lastTask, State next, Scope scope, Object state, Boolean isCompleted)
   at Microsoft.AspNetCore.Mvc.Infrastructure.ResourceInvoker.<InvokeFilterPipelineAsync>g__Awaited|20_0(ResourceInvoker invoker, Task lastTask, State next, Scope scope, Object state, Boolean isCompleted)
   at Microsoft.AspNetCore.Mvc.Infrastructure.ResourceInvoker.<InvokeAsync>g__Logged|17_1(ResourceInvoker invoker)
   at Microsoft.AspNetCore.Mvc.Infrastructure.ResourceInvoker.<InvokeAsync>g__Logged|17_1(ResourceInvoker invoker)
   at AssetManagement.API.Middleware.InstitutionContextMiddleware.InvokeAsync(HttpContext context) in C:\Users\sammi\PROJECTS\PERSONAL\JET_BRAINS\FAST_TRACK_SERVICES\Assets_Management\FrontEnd_and_BackEnd\assetmanagement_backend\AssetManagement.API\Middleware\InstitutionContextMiddleware.cs:line 17
   at Microsoft.AspNetCore.Authorization.AuthorizationMiddleware.Invoke(HttpContext context)
   at Microsoft.AspNetCore.Authentication.AuthenticationMiddleware.Invoke(HttpContext context)
   at Swashbuckle.AspNetCore.SwaggerUI.SwaggerUIMiddleware.Invoke(HttpContext httpContext)
   at Swashbuckle.AspNetCore.Swagger.SwaggerMiddleware.Invoke(HttpContext httpContext, ISwaggerProvider swaggerProvider)
   at AssetManagement.API.Middleware.LoggingContextMiddleware.InvokeAsync(HttpContext context) in C:\Users\sammi\PROJECTS\PERSONAL\JET_BRAINS\FAST_TRACK_SERVICES\Assets_Management\FrontEnd_and_BackEnd\assetmanagement_backend\AssetManagement.API\Middleware\LoggingContextMiddleware.cs:line 16
   at Microsoft.AspNetCore.Diagnostics.DeveloperExceptionPageMiddlewareImpl.Invoke(HttpContext context)
2025-12-17 08:27:44.778 +00:00 [ERR] An unhandled exception has occurred while executing the request. (User: , Inst: )
System.NotSupportedException: Deserialization of interface or abstract types is not supported. Type 'AssetManagement.Entities.DTOs.Requests.AssetsUpdateRequest'. Path: $ | LineNumber: 0 | BytePositionInLine: 1.
 ---> System.NotSupportedException: Deserialization of interface or abstract types is not supported. Type 'AssetManagement.Entities.DTOs.Requests.AssetsUpdateRequest'.
   --- End of inner exception stack trace ---
   at System.Text.Json.ThrowHelper.ThrowNotSupportedException(ReadStack& state, Utf8JsonReader& reader, Exception innerException)
   at System.Text.Json.ThrowHelper.ThrowNotSupportedException_DeserializeNoConstructor(JsonTypeInfo typeInfo, Utf8JsonReader& reader, ReadStack& state)
   at System.Text.Json.Serialization.Converters.ObjectDefaultConverter`1.OnTryRead(Utf8JsonReader& reader, Type typeToConvert, JsonSerializerOptions options, ReadStack& state, T& value)
   at System.Text.Json.Serialization.JsonConverter`1.TryRead(Utf8JsonReader& reader, Type typeToConvert, JsonSerializerOptions options, ReadStack& state, T& value, Boolean& isPopulatedValue)
   at System.Text.Json.Serialization.JsonConverter`1.ReadCore(Utf8JsonReader& reader, T& value, JsonSerializerOptions options, ReadStack& state)
   at System.Text.Json.Serialization.Metadata.JsonTypeInfo`1.ContinueDeserialize(ReadBufferState& bufferState, JsonReaderState& jsonReaderState, ReadStack& readStack, T& value)
   at System.Text.Json.Serialization.Metadata.JsonTypeInfo`1.DeserializeAsync(Stream utf8Json, CancellationToken cancellationToken)
   at System.Text.Json.Serialization.Metadata.JsonTypeInfo`1.DeserializeAsObjectAsync(Stream utf8Json, CancellationToken cancellationToken)
   at Microsoft.AspNetCore.Mvc.Formatters.SystemTextJsonInputFormatter.ReadRequestBodyAsync(InputFormatterContext context, Encoding encoding)
   at Microsoft.AspNetCore.Mvc.Formatters.SystemTextJsonInputFormatter.ReadRequestBodyAsync(InputFormatterContext context, Encoding encoding)
   at Microsoft.AspNetCore.Mvc.ModelBinding.Binders.BodyModelBinder.BindModelAsync(ModelBindingContext bindingContext)
   at Microsoft.AspNetCore.Mvc.ModelBinding.ParameterBinder.BindModelAsync(ActionContext actionContext, IModelBinder modelBinder, IValueProvider valueProvider, ParameterDescriptor parameter, ModelMetadata metadata, Object value, Object container)
   at Microsoft.AspNetCore.Mvc.Controllers.ControllerBinderDelegateProvider.<>c__DisplayClass0_0.<<CreateBinderDelegate>g__Bind|0>d.MoveNext()
--- End of stack trace from previous location ---
   at Microsoft.AspNetCore.Mvc.Infrastructure.ControllerActionInvoker.<InvokeInnerFilterAsync>g__Awaited|13_0(ControllerActionInvoker invoker, Task lastTask, State next, Scope scope, Object state, Boolean isCompleted)
   at Microsoft.AspNetCore.Mvc.Infrastructure.ResourceInvoker.<InvokeFilterPipelineAsync>g__Awaited|20_0(ResourceInvoker invoker, Task lastTask, State next, Scope scope, Object state, Boolean isCompleted)
   at Microsoft.AspNetCore.Mvc.Infrastructure.ResourceInvoker.<InvokeAsync>g__Logged|17_1(ResourceInvoker invoker)
   at Microsoft.AspNetCore.Mvc.Infrastructure.ResourceInvoker.<InvokeAsync>g__Logged|17_1(ResourceInvoker invoker)
   at AssetManagement.API.Middleware.InstitutionContextMiddleware.InvokeAsync(HttpContext context) in C:\Users\sammi\PROJECTS\PERSONAL\JET_BRAINS\FAST_TRACK_SERVICES\Assets_Management\FrontEnd_and_BackEnd\assetmanagement_backend\AssetManagement.API\Middleware\InstitutionContextMiddleware.cs:line 17
   at Microsoft.AspNetCore.Authorization.AuthorizationMiddleware.Invoke(HttpContext context)
   at Microsoft.AspNetCore.Authentication.AuthenticationMiddleware.Invoke(HttpContext context)
   at Swashbuckle.AspNetCore.SwaggerUI.SwaggerUIMiddleware.Invoke(HttpContext httpContext)
   at Swashbuckle.AspNetCore.Swagger.SwaggerMiddleware.Invoke(HttpContext httpContext, ISwaggerProvider swaggerProvider)
   at AssetManagement.API.Middleware.LoggingContextMiddleware.InvokeAsync(HttpContext context) in C:\Users\sammi\PROJECTS\PERSONAL\JET_BRAINS\FAST_TRACK_SERVICES\Assets_Management\FrontEnd_and_BackEnd\assetmanagement_backend\AssetManagement.API\Middleware\LoggingContextMiddleware.cs:line 16
   at Microsoft.AspNetCore.Diagnostics.DeveloperExceptionPageMiddlewareImpl.Invoke(HttpContext context)
2025-12-17 08:27:58.927 +00:00 [ERR] An unhandled exception has occurred while executing the request. (User: , Inst: )
System.NotSupportedException: Deserialization of interface or abstract types is not supported. Type 'AssetManagement.Entities.DTOs.Requests.AssetsUpdateRequest'. Path: $ | LineNumber: 0 | BytePositionInLine: 1.
 ---> System.NotSupportedException: Deserialization of interface or abstract types is not supported. Type 'AssetManagement.Entities.DTOs.Requests.AssetsUpdateRequest'.
   --- End of inner exception stack trace ---
   at System.Text.Json.ThrowHelper.ThrowNotSupportedException(ReadStack& state, Utf8JsonReader& reader, Exception innerException)
   at System.Text.Json.ThrowHelper.ThrowNotSupportedException_DeserializeNoConstructor(JsonTypeInfo typeInfo, Utf8JsonReader& reader, ReadStack& state)
   at System.Text.Json.Serialization.Converters.ObjectDefaultConverter`1.OnTryRead(Utf8JsonReader& reader, Type typeToConvert, JsonSerializerOptions options, ReadStack& state, T& value)
   at System.Text.Json.Serialization.JsonConverter`1.TryRead(Utf8JsonReader& reader, Type typeToConvert, JsonSerializerOptions options, ReadStack& state, T& value, Boolean& isPopulatedValue)
   at System.Text.Json.Serialization.JsonConverter`1.ReadCore(Utf8JsonReader& reader, T& value, JsonSerializerOptions options, ReadStack& state)
   at System.Text.Json.Serialization.Metadata.JsonTypeInfo`1.ContinueDeserialize(ReadBufferState& bufferState, JsonReaderState& jsonReaderState, ReadStack& readStack, T& value)
   at System.Text.Json.Serialization.Metadata.JsonTypeInfo`1.DeserializeAsync(Stream utf8Json, CancellationToken cancellationToken)
   at System.Text.Json.Serialization.Metadata.JsonTypeInfo`1.DeserializeAsObjectAsync(Stream utf8Json, CancellationToken cancellationToken)
   at Microsoft.AspNetCore.Mvc.Formatters.SystemTextJsonInputFormatter.ReadRequestBodyAsync(InputFormatterContext context, Encoding encoding)
   at Microsoft.AspNetCore.Mvc.Formatters.SystemTextJsonInputFormatter.ReadRequestBodyAsync(InputFormatterContext context, Encoding encoding)
   at Microsoft.AspNetCore.Mvc.ModelBinding.Binders.BodyModelBinder.BindModelAsync(ModelBindingContext bindingContext)
   at Microsoft.AspNetCore.Mvc.ModelBinding.ParameterBinder.BindModelAsync(ActionContext actionContext, IModelBinder modelBinder, IValueProvider valueProvider, ParameterDescriptor parameter, ModelMetadata metadata, Object value, Object container)
   at Microsoft.AspNetCore.Mvc.Controllers.ControllerBinderDelegateProvider.<>c__DisplayClass0_0.<<CreateBinderDelegate>g__Bind|0>d.MoveNext()
--- End of stack trace from previous location ---
   at Microsoft.AspNetCore.Mvc.Infrastructure.ControllerActionInvoker.<InvokeInnerFilterAsync>g__Awaited|13_0(ControllerActionInvoker invoker, Task lastTask, State next, Scope scope, Object state, Boolean isCompleted)
   at Microsoft.AspNetCore.Mvc.Infrastructure.ResourceInvoker.<InvokeFilterPipelineAsync>g__Awaited|20_0(ResourceInvoker invoker, Task lastTask, State next, Scope scope, Object state, Boolean isCompleted)
   at Microsoft.AspNetCore.Mvc.Infrastructure.ResourceInvoker.<InvokeAsync>g__Logged|17_1(ResourceInvoker invoker)
   at Microsoft.AspNetCore.Mvc.Infrastructure.ResourceInvoker.<InvokeAsync>g__Logged|17_1(ResourceInvoker invoker)
   at AssetManagement.API.Middleware.InstitutionContextMiddleware.InvokeAsync(HttpContext context) in C:\Users\sammi\PROJECTS\PERSONAL\JET_BRAINS\FAST_TRACK_SERVICES\Assets_Management\FrontEnd_and_BackEnd\assetmanagement_backend\AssetManagement.API\Middleware\InstitutionContextMiddleware.cs:line 17
   at Microsoft.AspNetCore.Authorization.AuthorizationMiddleware.Invoke(HttpContext context)
   at Microsoft.AspNetCore.Authentication.AuthenticationMiddleware.Invoke(HttpContext context)
   at Swashbuckle.AspNetCore.SwaggerUI.SwaggerUIMiddleware.Invoke(HttpContext httpContext)
   at Swashbuckle.AspNetCore.Swagger.SwaggerMiddleware.Invoke(HttpContext httpContext, ISwaggerProvider swaggerProvider)
   at AssetManagement.API.Middleware.LoggingContextMiddleware.InvokeAsync(HttpContext context) in C:\Users\sammi\PROJECTS\PERSONAL\JET_BRAINS\FAST_TRACK_SERVICES\Assets_Management\FrontEnd_and_BackEnd\assetmanagement_backend\AssetManagement.API\Middleware\LoggingContextMiddleware.cs:line 16
   at Microsoft.AspNetCore.Diagnostics.DeveloperExceptionPageMiddlewareImpl.Invoke(HttpContext context)
2025-12-17 08:28:21.691 +00:00 [ERR] An unhandled exception has occurred while executing the request. (User: , Inst: )
System.NotSupportedException: Deserialization of interface or abstract types is not supported. Type 'AssetManagement.Entities.DTOs.Requests.AssetsUpdateRequest'. Path: $ | LineNumber: 0 | BytePositionInLine: 1.
 ---> System.NotSupportedException: Deserialization of interface or abstract types is not supported. Type 'AssetManagement.Entities.DTOs.Requests.AssetsUpdateRequest'.
   --- End of inner exception stack trace ---
   at System.Text.Json.ThrowHelper.ThrowNotSupportedException(ReadStack& state, Utf8JsonReader& reader, Exception innerException)
   at System.Text.Json.ThrowHelper.ThrowNotSupportedException_DeserializeNoConstructor(JsonTypeInfo typeInfo, Utf8JsonReader& reader, ReadStack& state)
   at System.Text.Json.Serialization.Converters.ObjectDefaultConverter`1.OnTryRead(Utf8JsonReader& reader, Type typeToConvert, JsonSerializerOptions options, ReadStack& state, T& value)
   at System.Text.Json.Serialization.JsonConverter`1.TryRead(Utf8JsonReader& reader, Type typeToConvert, JsonSerializerOptions options, ReadStack& state, T& value, Boolean& isPopulatedValue)
   at System.Text.Json.Serialization.JsonConverter`1.ReadCore(Utf8JsonReader& reader, T& value, JsonSerializerOptions options, ReadStack& state)
   at System.Text.Json.Serialization.Metadata.JsonTypeInfo`1.ContinueDeserialize(ReadBufferState& bufferState, JsonReaderState& jsonReaderState, ReadStack& readStack, T& value)
   at System.Text.Json.Serialization.Metadata.JsonTypeInfo`1.DeserializeAsync(Stream utf8Json, CancellationToken cancellationToken)
   at System.Text.Json.Serialization.Metadata.JsonTypeInfo`1.DeserializeAsObjectAsync(Stream utf8Json, CancellationToken cancellationToken)
   at Microsoft.AspNetCore.Mvc.Formatters.SystemTextJsonInputFormatter.ReadRequestBodyAsync(InputFormatterContext context, Encoding encoding)
   at Microsoft.AspNetCore.Mvc.Formatters.SystemTextJsonInputFormatter.ReadRequestBodyAsync(InputFormatterContext context, Encoding encoding)
   at Microsoft.AspNetCore.Mvc.ModelBinding.Binders.BodyModelBinder.BindModelAsync(ModelBindingContext bindingContext)
   at Microsoft.AspNetCore.Mvc.ModelBinding.ParameterBinder.BindModelAsync(ActionContext actionContext, IModelBinder modelBinder, IValueProvider valueProvider, ParameterDescriptor parameter, ModelMetadata metadata, Object value, Object container)
   at Microsoft.AspNetCore.Mvc.Controllers.ControllerBinderDelegateProvider.<>c__DisplayClass0_0.<<CreateBinderDelegate>g__Bind|0>d.MoveNext()
--- End of stack trace from previous location ---
   at Microsoft.AspNetCore.Mvc.Infrastructure.ControllerActionInvoker.<InvokeInnerFilterAsync>g__Awaited|13_0(ControllerActionInvoker invoker, Task lastTask, State next, Scope scope, Object state, Boolean isCompleted)
   at Microsoft.AspNetCore.Mvc.Infrastructure.ResourceInvoker.<InvokeFilterPipelineAsync>g__Awaited|20_0(ResourceInvoker invoker, Task lastTask, State next, Scope scope, Object state, Boolean isCompleted)
   at Microsoft.AspNetCore.Mvc.Infrastructure.ResourceInvoker.<InvokeAsync>g__Logged|17_1(ResourceInvoker invoker)
   at Microsoft.AspNetCore.Mvc.Infrastructure.ResourceInvoker.<InvokeAsync>g__Logged|17_1(ResourceInvoker invoker)
   at AssetManagement.API.Middleware.InstitutionContextMiddleware.InvokeAsync(HttpContext context) in C:\Users\sammi\PROJECTS\PERSONAL\JET_BRAINS\FAST_TRACK_SERVICES\Assets_Management\FrontEnd_and_BackEnd\assetmanagement_backend\AssetManagement.API\Middleware\InstitutionContextMiddleware.cs:line 17
   at Microsoft.AspNetCore.Authorization.AuthorizationMiddleware.Invoke(HttpContext context)
   at Microsoft.AspNetCore.Authentication.AuthenticationMiddleware.Invoke(HttpContext context)
   at Swashbuckle.AspNetCore.SwaggerUI.SwaggerUIMiddleware.Invoke(HttpContext httpContext)
   at Swashbuckle.AspNetCore.Swagger.SwaggerMiddleware.Invoke(HttpContext httpContext, ISwaggerProvider swaggerProvider)
   at AssetManagement.API.Middleware.LoggingContextMiddleware.InvokeAsync(HttpContext context) in C:\Users\sammi\PROJECTS\PERSONAL\JET_BRAINS\FAST_TRACK_SERVICES\Assets_Management\FrontEnd_and_BackEnd\assetmanagement_backend\AssetManagement.API\Middleware\LoggingContextMiddleware.cs:line 16
   at Microsoft.AspNetCore.Diagnostics.DeveloperExceptionPageMiddlewareImpl.Invoke(HttpContext context)
2025-12-17 08:28:30.611 +00:00 [ERR] An unhandled exception has occurred while executing the request. (User: , Inst: )
System.NotSupportedException: Deserialization of interface or abstract types is not supported. Type 'AssetManagement.Entities.DTOs.Requests.AssetsUpdateRequest'. Path: $ | LineNumber: 0 | BytePositionInLine: 1.
 ---> System.NotSupportedException: Deserialization of interface or abstract types is not supported. Type 'AssetManagement.Entities.DTOs.Requests.AssetsUpdateRequest'.
   --- End of inner exception stack trace ---
   at System.Text.Json.ThrowHelper.ThrowNotSupportedException(ReadStack& state, Utf8JsonReader& reader, Exception innerException)
   at System.Text.Json.ThrowHelper.ThrowNotSupportedException_DeserializeNoConstructor(JsonTypeInfo typeInfo, Utf8JsonReader& reader, ReadStack& state)
   at System.Text.Json.Serialization.Converters.ObjectDefaultConverter`1.OnTryRead(Utf8JsonReader& reader, Type typeToConvert, JsonSerializerOptions options, ReadStack& state, T& value)
   at System.Text.Json.Serialization.JsonConverter`1.TryRead(Utf8JsonReader& reader, Type typeToConvert, JsonSerializerOptions options, ReadStack& state, T& value, Boolean& isPopulatedValue)
   at System.Text.Json.Serialization.JsonConverter`1.ReadCore(Utf8JsonReader& reader, T& value, JsonSerializerOptions options, ReadStack& state)
   at System.Text.Json.Serialization.Metadata.JsonTypeInfo`1.ContinueDeserialize(ReadBufferState& bufferState, JsonReaderState& jsonReaderState, ReadStack& readStack, T& value)
   at System.Text.Json.Serialization.Metadata.JsonTypeInfo`1.DeserializeAsync(Stream utf8Json, CancellationToken cancellationToken)
   at System.Text.Json.Serialization.Metadata.JsonTypeInfo`1.DeserializeAsObjectAsync(Stream utf8Json, CancellationToken cancellationToken)
   at Microsoft.AspNetCore.Mvc.Formatters.SystemTextJsonInputFormatter.ReadRequestBodyAsync(InputFormatterContext context, Encoding encoding)
   at Microsoft.AspNetCore.Mvc.Formatters.SystemTextJsonInputFormatter.ReadRequestBodyAsync(InputFormatterContext context, Encoding encoding)
   at Microsoft.AspNetCore.Mvc.ModelBinding.Binders.BodyModelBinder.BindModelAsync(ModelBindingContext bindingContext)
   at Microsoft.AspNetCore.Mvc.ModelBinding.ParameterBinder.BindModelAsync(ActionContext actionContext, IModelBinder modelBinder, IValueProvider valueProvider, ParameterDescriptor parameter, ModelMetadata metadata, Object value, Object container)
   at Microsoft.AspNetCore.Mvc.Controllers.ControllerBinderDelegateProvider.<>c__DisplayClass0_0.<<CreateBinderDelegate>g__Bind|0>d.MoveNext()
--- End of stack trace from previous location ---
   at Microsoft.AspNetCore.Mvc.Infrastructure.ControllerActionInvoker.<InvokeInnerFilterAsync>g__Awaited|13_0(ControllerActionInvoker invoker, Task lastTask, State next, Scope scope, Object state, Boolean isCompleted)
   at Microsoft.AspNetCore.Mvc.Infrastructure.ResourceInvoker.<InvokeFilterPipelineAsync>g__Awaited|20_0(ResourceInvoker invoker, Task lastTask, State next, Scope scope, Object state, Boolean isCompleted)
   at Microsoft.AspNetCore.Mvc.Infrastructure.ResourceInvoker.<InvokeAsync>g__Logged|17_1(ResourceInvoker invoker)
   at Microsoft.AspNetCore.Mvc.Infrastructure.ResourceInvoker.<InvokeAsync>g__Logged|17_1(ResourceInvoker invoker)
   at AssetManagement.API.Middleware.InstitutionContextMiddleware.InvokeAsync(HttpContext context) in C:\Users\sammi\PROJECTS\PERSONAL\JET_BRAINS\FAST_TRACK_SERVICES\Assets_Management\FrontEnd_and_BackEnd\assetmanagement_backend\AssetManagement.API\Middleware\InstitutionContextMiddleware.cs:line 17
   at Microsoft.AspNetCore.Authorization.AuthorizationMiddleware.Invoke(HttpContext context)
   at Microsoft.AspNetCore.Authentication.AuthenticationMiddleware.Invoke(HttpContext context)
   at Swashbuckle.AspNetCore.SwaggerUI.SwaggerUIMiddleware.Invoke(HttpContext httpContext)
   at Swashbuckle.AspNetCore.Swagger.SwaggerMiddleware.Invoke(HttpContext httpContext, ISwaggerProvider swaggerProvider)
   at AssetManagement.API.Middleware.LoggingContextMiddleware.InvokeAsync(HttpContext context) in C:\Users\sammi\PROJECTS\PERSONAL\JET_BRAINS\FAST_TRACK_SERVICES\Assets_Management\FrontEnd_and_BackEnd\assetmanagement_backend\AssetManagement.API\Middleware\LoggingContextMiddleware.cs:line 16
   at Microsoft.AspNetCore.Diagnostics.DeveloperExceptionPageMiddlewareImpl.Invoke(HttpContext context)
2025-12-17 08:29:08.114 +00:00 [ERR] An unhandled exception has occurred while executing the request. (User: , Inst: )
System.NotSupportedException: Deserialization of interface or abstract types is not supported. Type 'AssetManagement.Entities.DTOs.Requests.AssetsUpdateRequest'. Path: $ | LineNumber: 0 | BytePositionInLine: 1.
 ---> System.NotSupportedException: Deserialization of interface or abstract types is not supported. Type 'AssetManagement.Entities.DTOs.Requests.AssetsUpdateRequest'.
   --- End of inner exception stack trace ---
   at System.Text.Json.ThrowHelper.ThrowNotSupportedException(ReadStack& state, Utf8JsonReader& reader, Exception innerException)
   at System.Text.Json.ThrowHelper.ThrowNotSupportedException_DeserializeNoConstructor(JsonTypeInfo typeInfo, Utf8JsonReader& reader, ReadStack& state)
   at System.Text.Json.Serialization.Converters.ObjectDefaultConverter`1.OnTryRead(Utf8JsonReader& reader, Type typeToConvert, JsonSerializerOptions options, ReadStack& state, T& value)
   at System.Text.Json.Serialization.JsonConverter`1.TryRead(Utf8JsonReader& reader, Type typeToConvert, JsonSerializerOptions options, ReadStack& state, T& value, Boolean& isPopulatedValue)
   at System.Text.Json.Serialization.JsonConverter`1.ReadCore(Utf8JsonReader& reader, T& value, JsonSerializerOptions options, ReadStack& state)
   at System.Text.Json.Serialization.Metadata.JsonTypeInfo`1.ContinueDeserialize(ReadBufferState& bufferState, JsonReaderState& jsonReaderState, ReadStack& readStack, T& value)
   at System.Text.Json.Serialization.Metadata.JsonTypeInfo`1.DeserializeAsync(Stream utf8Json, CancellationToken cancellationToken)
   at System.Text.Json.Serialization.Metadata.JsonTypeInfo`1.DeserializeAsObjectAsync(Stream utf8Json, CancellationToken cancellationToken)
   at Microsoft.AspNetCore.Mvc.Formatters.SystemTextJsonInputFormatter.ReadRequestBodyAsync(InputFormatterContext context, Encoding encoding)
   at Microsoft.AspNetCore.Mvc.Formatters.SystemTextJsonInputFormatter.ReadRequestBodyAsync(InputFormatterContext context, Encoding encoding)
   at Microsoft.AspNetCore.Mvc.ModelBinding.Binders.BodyModelBinder.BindModelAsync(ModelBindingContext bindingContext)
   at Microsoft.AspNetCore.Mvc.ModelBinding.ParameterBinder.BindModelAsync(ActionContext actionContext, IModelBinder modelBinder, IValueProvider valueProvider, ParameterDescriptor parameter, ModelMetadata metadata, Object value, Object container)
   at Microsoft.AspNetCore.Mvc.Controllers.ControllerBinderDelegateProvider.<>c__DisplayClass0_0.<<CreateBinderDelegate>g__Bind|0>d.MoveNext()
--- End of stack trace from previous location ---
   at Microsoft.AspNetCore.Mvc.Infrastructure.ControllerActionInvoker.<InvokeInnerFilterAsync>g__Awaited|13_0(ControllerActionInvoker invoker, Task lastTask, State next, Scope scope, Object state, Boolean isCompleted)
   at Microsoft.AspNetCore.Mvc.Infrastructure.ResourceInvoker.<InvokeFilterPipelineAsync>g__Awaited|20_0(ResourceInvoker invoker, Task lastTask, State next, Scope scope, Object state, Boolean isCompleted)
   at Microsoft.AspNetCore.Mvc.Infrastructure.ResourceInvoker.<InvokeAsync>g__Logged|17_1(ResourceInvoker invoker)
   at Microsoft.AspNetCore.Mvc.Infrastructure.ResourceInvoker.<InvokeAsync>g__Logged|17_1(ResourceInvoker invoker)
   at AssetManagement.API.Middleware.InstitutionContextMiddleware.InvokeAsync(HttpContext context) in C:\Users\sammi\PROJECTS\PERSONAL\JET_BRAINS\FAST_TRACK_SERVICES\Assets_Management\FrontEnd_and_BackEnd\assetmanagement_backend\AssetManagement.API\Middleware\InstitutionContextMiddleware.cs:line 17
   at Microsoft.AspNetCore.Authorization.AuthorizationMiddleware.Invoke(HttpContext context)
   at Microsoft.AspNetCore.Authentication.AuthenticationMiddleware.Invoke(HttpContext context)
   at Swashbuckle.AspNetCore.SwaggerUI.SwaggerUIMiddleware.Invoke(HttpContext httpContext)
   at Swashbuckle.AspNetCore.Swagger.SwaggerMiddleware.Invoke(HttpContext httpContext, ISwaggerProvider swaggerProvider)
   at AssetManagement.API.Middleware.LoggingContextMiddleware.InvokeAsync(HttpContext context) in C:\Users\sammi\PROJECTS\PERSONAL\JET_BRAINS\FAST_TRACK_SERVICES\Assets_Management\FrontEnd_and_BackEnd\assetmanagement_backend\AssetManagement.API\Middleware\LoggingContextMiddleware.cs:line 16
   at Microsoft.AspNetCore.Diagnostics.DeveloperExceptionPageMiddlewareImpl.Invoke(HttpContext context)
2025-12-17 08:29:22.003 +00:00 [ERR] An unhandled exception has occurred while executing the request. (User: , Inst: )
System.NotSupportedException: Deserialization of interface or abstract types is not supported. Type 'AssetManagement.Entities.DTOs.Requests.AssetsUpdateRequest'. Path: $ | LineNumber: 0 | BytePositionInLine: 1.
 ---> System.NotSupportedException: Deserialization of interface or abstract types is not supported. Type 'AssetManagement.Entities.DTOs.Requests.AssetsUpdateRequest'.
   --- End of inner exception stack trace ---
   at System.Text.Json.ThrowHelper.ThrowNotSupportedException(ReadStack& state, Utf8JsonReader& reader, Exception innerException)
   at System.Text.Json.ThrowHelper.ThrowNotSupportedException_DeserializeNoConstructor(JsonTypeInfo typeInfo, Utf8JsonReader& reader, ReadStack& state)
   at System.Text.Json.Serialization.Converters.ObjectDefaultConverter`1.OnTryRead(Utf8JsonReader& reader, Type typeToConvert, JsonSerializerOptions options, ReadStack& state, T& value)
   at System.Text.Json.Serialization.JsonConverter`1.TryRead(Utf8JsonReader& reader, Type typeToConvert, JsonSerializerOptions options, ReadStack& state, T& value, Boolean& isPopulatedValue)
   at System.Text.Json.Serialization.JsonConverter`1.ReadCore(Utf8JsonReader& reader, T& value, JsonSerializerOptions options, ReadStack& state)
   at System.Text.Json.Serialization.Metadata.JsonTypeInfo`1.ContinueDeserialize(ReadBufferState& bufferState, JsonReaderState& jsonReaderState, ReadStack& readStack, T& value)
   at System.Text.Json.Serialization.Metadata.JsonTypeInfo`1.DeserializeAsync(Stream utf8Json, CancellationToken cancellationToken)
   at System.Text.Json.Serialization.Metadata.JsonTypeInfo`1.DeserializeAsObjectAsync(Stream utf8Json, CancellationToken cancellationToken)
   at Microsoft.AspNetCore.Mvc.Formatters.SystemTextJsonInputFormatter.ReadRequestBodyAsync(InputFormatterContext context, Encoding encoding)
   at Microsoft.AspNetCore.Mvc.Formatters.SystemTextJsonInputFormatter.ReadRequestBodyAsync(InputFormatterContext context, Encoding encoding)
   at Microsoft.AspNetCore.Mvc.ModelBinding.Binders.BodyModelBinder.BindModelAsync(ModelBindingContext bindingContext)
   at Microsoft.AspNetCore.Mvc.ModelBinding.ParameterBinder.BindModelAsync(ActionContext actionContext, IModelBinder modelBinder, IValueProvider valueProvider, ParameterDescriptor parameter, ModelMetadata metadata, Object value, Object container)
   at Microsoft.AspNetCore.Mvc.Controllers.ControllerBinderDelegateProvider.<>c__DisplayClass0_0.<<CreateBinderDelegate>g__Bind|0>d.MoveNext()
--- End of stack trace from previous location ---
   at Microsoft.AspNetCore.Mvc.Infrastructure.ControllerActionInvoker.<InvokeInnerFilterAsync>g__Awaited|13_0(ControllerActionInvoker invoker, Task lastTask, State next, Scope scope, Object state, Boolean isCompleted)
   at Microsoft.AspNetCore.Mvc.Infrastructure.ResourceInvoker.<InvokeFilterPipelineAsync>g__Awaited|20_0(ResourceInvoker invoker, Task lastTask, State next, Scope scope, Object state, Boolean isCompleted)
   at Microsoft.AspNetCore.Mvc.Infrastructure.ResourceInvoker.<InvokeAsync>g__Logged|17_1(ResourceInvoker invoker)
   at Microsoft.AspNetCore.Mvc.Infrastructure.ResourceInvoker.<InvokeAsync>g__Logged|17_1(ResourceInvoker invoker)
   at AssetManagement.API.Middleware.InstitutionContextMiddleware.InvokeAsync(HttpContext context) in C:\Users\sammi\PROJECTS\PERSONAL\JET_BRAINS\FAST_TRACK_SERVICES\Assets_Management\FrontEnd_and_BackEnd\assetmanagement_backend\AssetManagement.API\Middleware\InstitutionContextMiddleware.cs:line 17
   at Microsoft.AspNetCore.Authorization.AuthorizationMiddleware.Invoke(HttpContext context)
   at Microsoft.AspNetCore.Authentication.AuthenticationMiddleware.Invoke(HttpContext context)
   at Swashbuckle.AspNetCore.SwaggerUI.SwaggerUIMiddleware.Invoke(HttpContext httpContext)
   at Swashbuckle.AspNetCore.Swagger.SwaggerMiddleware.Invoke(HttpContext httpContext, ISwaggerProvider swaggerProvider)
   at AssetManagement.API.Middleware.LoggingContextMiddleware.InvokeAsync(HttpContext context) in C:\Users\sammi\PROJECTS\PERSONAL\JET_BRAINS\FAST_TRACK_SERVICES\Assets_Management\FrontEnd_and_BackEnd\assetmanagement_backend\AssetManagement.API\Middleware\LoggingContextMiddleware.cs:line 16
   at Microsoft.AspNetCore.Diagnostics.DeveloperExceptionPageMiddlewareImpl.Invoke(HttpContext context)
2025-12-17 08:29:31.535 +00:00 [INF] 💤 Application shutting down... (User: , Inst: )
2025-12-17 08:29:43.348 +00:00 [INF] 🚀 Starting AssetManagement API... (User: , Inst: )
2025-12-17 08:29:43.549 +00:00 [INF] Subscription background service started at "2025-12-17T08:29:43.5478640Z" (User: , Inst: )
2025-12-17 08:29:46.623 +00:00 [INF] Subscription & Maintenance Background Service started. (User: , Inst: )
2025-12-17 08:29:47.486 +00:00 [INF] Subscription check completed at "2025-12-17T08:29:47.4860516Z" (User: , Inst: )
2025-12-17 08:29:47.852 +00:00 [INF] Updated depreciation for asset Awesome Steel Pants: current value ¤2,539.76 (User: , Inst: )
2025-12-17 08:29:47.858 +00:00 [INF] Updated depreciation for asset Fantastic Plastic Ball: current value ¤3,501.17 (User: , Inst: )
2025-12-17 08:29:47.860 +00:00 [INF] Updated depreciation for asset Practical Wooden Bike: current value ¤4,260.71 (User: , Inst: )
2025-12-17 08:29:47.863 +00:00 [INF] Updated depreciation for asset string: current value ¤0.00 (User: , Inst: )
2025-12-17 08:29:47.921 +00:00 [INF] [Redis] Published message to channel: notifications (User: , Inst: )
2025-12-17 08:29:48.271 +00:00 [ERR] Error processing asset "019b262c-023b-71ce-a8e7-62041917edd1" (User: , Inst: )
System.ArgumentNullException: Value cannot be null. (Parameter 'address')
   at MimeKit.MailboxAddress..ctor(Encoding encoding, String name, String address)
   at MimeKit.MailboxAddress..ctor(String name, String address)
   at AssetManagement.API.DAL.Services.EmailService.EmailService.SendEmailAsync(String to, String subject, String htmlBody) in C:\Users\sammi\PROJECTS\PERSONAL\JET_BRAINS\FAST_TRACK_SERVICES\Assets_Management\FrontEnd_and_BackEnd\assetmanagement_backend\AssetManagement.API\DAL\Services\EmailService\EmailService.cs:line 12
   at AssetManagement.API.DAL.Services.NotificationService.NotificationService.SendMaintenanceDueAsync(AssetsModel assetsModel) in C:\Users\sammi\PROJECTS\PERSONAL\JET_BRAINS\FAST_TRACK_SERVICES\Assets_Management\FrontEnd_and_BackEnd\assetmanagement_backend\AssetManagement.API\DAL\Services\NotificationService\NotificationService.cs:line 92
   at AssetManagement.API.DAL.Services.BackgroundServices.SubscriptionMaintenanceService.HandleAssetMaintenance(IAssetRepository assetRepo, INotificationService notificationService, IDepreciationService depreciationService) in C:\Users\sammi\PROJECTS\PERSONAL\JET_BRAINS\FAST_TRACK_SERVICES\Assets_Management\FrontEnd_and_BackEnd\assetmanagement_backend\AssetManagement.API\DAL\Services\BackgroundServices\SubscriptionMaintenanceService.cs:line 79
2025-12-17 08:29:48.312 +00:00 [INF] Updated depreciation for asset 23423423: current value ¤7,870.00 (User: , Inst: )
2025-12-17 08:30:33.217 +00:00 [WRN] Failed to determine the https port for redirect. (User: anonymous, Inst: none)
2025-12-17 08:30:33.590 +00:00 [ERR] An unhandled exception has occurred while executing the request. (User: , Inst: )
System.NotSupportedException: Deserialization of interface or abstract types is not supported. Type 'AssetManagement.Entities.DTOs.Requests.AssetsUpdateRequest'. Path: $ | LineNumber: 0 | BytePositionInLine: 1.
 ---> System.NotSupportedException: Deserialization of interface or abstract types is not supported. Type 'AssetManagement.Entities.DTOs.Requests.AssetsUpdateRequest'.
   --- End of inner exception stack trace ---
   at System.Text.Json.ThrowHelper.ThrowNotSupportedException(ReadStack& state, Utf8JsonReader& reader, Exception innerException)
   at System.Text.Json.ThrowHelper.ThrowNotSupportedException_DeserializeNoConstructor(JsonTypeInfo typeInfo, Utf8JsonReader& reader, ReadStack& state)
   at System.Text.Json.Serialization.Converters.ObjectDefaultConverter`1.OnTryRead(Utf8JsonReader& reader, Type typeToConvert, JsonSerializerOptions options, ReadStack& state, T& value)
   at System.Text.Json.Serialization.JsonConverter`1.TryRead(Utf8JsonReader& reader, Type typeToConvert, JsonSerializerOptions options, ReadStack& state, T& value, Boolean& isPopulatedValue)
   at System.Text.Json.Serialization.JsonConverter`1.ReadCore(Utf8JsonReader& reader, T& value, JsonSerializerOptions options, ReadStack& state)
   at System.Text.Json.Serialization.Metadata.JsonTypeInfo`1.ContinueDeserialize(ReadBufferState& bufferState, JsonReaderState& jsonReaderState, ReadStack& readStack, T& value)
   at System.Text.Json.Serialization.Metadata.JsonTypeInfo`1.DeserializeAsync(Stream utf8Json, CancellationToken cancellationToken)
   at System.Text.Json.Serialization.Metadata.JsonTypeInfo`1.DeserializeAsObjectAsync(Stream utf8Json, CancellationToken cancellationToken)
   at Microsoft.AspNetCore.Mvc.Formatters.SystemTextJsonInputFormatter.ReadRequestBodyAsync(InputFormatterContext context, Encoding encoding)
   at Microsoft.AspNetCore.Mvc.Formatters.SystemTextJsonInputFormatter.ReadRequestBodyAsync(InputFormatterContext context, Encoding encoding)
   at Microsoft.AspNetCore.Mvc.ModelBinding.Binders.BodyModelBinder.BindModelAsync(ModelBindingContext bindingContext)
   at Microsoft.AspNetCore.Mvc.ModelBinding.ParameterBinder.BindModelAsync(ActionContext actionContext, IModelBinder modelBinder, IValueProvider valueProvider, ParameterDescriptor parameter, ModelMetadata metadata, Object value, Object container)
   at Microsoft.AspNetCore.Mvc.Controllers.ControllerBinderDelegateProvider.<>c__DisplayClass0_0.<<CreateBinderDelegate>g__Bind|0>d.MoveNext()
--- End of stack trace from previous location ---
   at Microsoft.AspNetCore.Mvc.Infrastructure.ControllerActionInvoker.<InvokeInnerFilterAsync>g__Awaited|13_0(ControllerActionInvoker invoker, Task lastTask, State next, Scope scope, Object state, Boolean isCompleted)
   at Microsoft.AspNetCore.Mvc.Infrastructure.ResourceInvoker.<InvokeFilterPipelineAsync>g__Awaited|20_0(ResourceInvoker invoker, Task lastTask, State next, Scope scope, Object state, Boolean isCompleted)
   at Microsoft.AspNetCore.Mvc.Infrastructure.ResourceInvoker.<InvokeAsync>g__Logged|17_1(ResourceInvoker invoker)
   at Microsoft.AspNetCore.Mvc.Infrastructure.ResourceInvoker.<InvokeAsync>g__Logged|17_1(ResourceInvoker invoker)
   at AssetManagement.API.Middleware.InstitutionContextMiddleware.InvokeAsync(HttpContext context) in C:\Users\sammi\PROJECTS\PERSONAL\JET_BRAINS\FAST_TRACK_SERVICES\Assets_Management\FrontEnd_and_BackEnd\assetmanagement_backend\AssetManagement.API\Middleware\InstitutionContextMiddleware.cs:line 17
   at Microsoft.AspNetCore.Authorization.AuthorizationMiddleware.Invoke(HttpContext context)
   at Microsoft.AspNetCore.Authentication.AuthenticationMiddleware.Invoke(HttpContext context)
   at Swashbuckle.AspNetCore.SwaggerUI.SwaggerUIMiddleware.Invoke(HttpContext httpContext)
   at Swashbuckle.AspNetCore.Swagger.SwaggerMiddleware.Invoke(HttpContext httpContext, ISwaggerProvider swaggerProvider)
   at AssetManagement.API.Middleware.LoggingContextMiddleware.InvokeAsync(HttpContext context) in C:\Users\sammi\PROJECTS\PERSONAL\JET_BRAINS\FAST_TRACK_SERVICES\Assets_Management\FrontEnd_and_BackEnd\assetmanagement_backend\AssetManagement.API\Middleware\LoggingContextMiddleware.cs:line 16
   at Microsoft.AspNetCore.Diagnostics.DeveloperExceptionPageMiddlewareImpl.Invoke(HttpContext context)
2025-12-17 08:34:29.463 +00:00 [ERR] An unhandled exception has occurred while executing the request. (User: , Inst: )
System.NotSupportedException: Deserialization of interface or abstract types is not supported. Type 'AssetManagement.Entities.DTOs.Requests.AssetsUpdateRequest'. Path: $ | LineNumber: 0 | BytePositionInLine: 1.
 ---> System.NotSupportedException: Deserialization of interface or abstract types is not supported. Type 'AssetManagement.Entities.DTOs.Requests.AssetsUpdateRequest'.
   --- End of inner exception stack trace ---
   at System.Text.Json.ThrowHelper.ThrowNotSupportedException(ReadStack& state, Utf8JsonReader& reader, Exception innerException)
   at System.Text.Json.ThrowHelper.ThrowNotSupportedException_DeserializeNoConstructor(JsonTypeInfo typeInfo, Utf8JsonReader& reader, ReadStack& state)
   at System.Text.Json.Serialization.Converters.ObjectDefaultConverter`1.OnTryRead(Utf8JsonReader& reader, Type typeToConvert, JsonSerializerOptions options, ReadStack& state, T& value)
   at System.Text.Json.Serialization.JsonConverter`1.TryRead(Utf8JsonReader& reader, Type typeToConvert, JsonSerializerOptions options, ReadStack& state, T& value, Boolean& isPopulatedValue)
   at System.Text.Json.Serialization.JsonConverter`1.ReadCore(Utf8JsonReader& reader, T& value, JsonSerializerOptions options, ReadStack& state)
   at System.Text.Json.Serialization.Metadata.JsonTypeInfo`1.ContinueDeserialize(ReadBufferState& bufferState, JsonReaderState& jsonReaderState, ReadStack& readStack, T& value)
   at System.Text.Json.Serialization.Metadata.JsonTypeInfo`1.DeserializeAsync(Stream utf8Json, CancellationToken cancellationToken)
   at System.Text.Json.Serialization.Metadata.JsonTypeInfo`1.DeserializeAsObjectAsync(Stream utf8Json, CancellationToken cancellationToken)
   at Microsoft.AspNetCore.Mvc.Formatters.SystemTextJsonInputFormatter.ReadRequestBodyAsync(InputFormatterContext context, Encoding encoding)
   at Microsoft.AspNetCore.Mvc.Formatters.SystemTextJsonInputFormatter.ReadRequestBodyAsync(InputFormatterContext context, Encoding encoding)
   at Microsoft.AspNetCore.Mvc.ModelBinding.Binders.BodyModelBinder.BindModelAsync(ModelBindingContext bindingContext)
   at Microsoft.AspNetCore.Mvc.ModelBinding.ParameterBinder.BindModelAsync(ActionContext actionContext, IModelBinder modelBinder, IValueProvider valueProvider, ParameterDescriptor parameter, ModelMetadata metadata, Object value, Object container)
   at Microsoft.AspNetCore.Mvc.Controllers.ControllerBinderDelegateProvider.<>c__DisplayClass0_0.<<CreateBinderDelegate>g__Bind|0>d.MoveNext()
--- End of stack trace from previous location ---
   at Microsoft.AspNetCore.Mvc.Infrastructure.ControllerActionInvoker.<InvokeInnerFilterAsync>g__Awaited|13_0(ControllerActionInvoker invoker, Task lastTask, State next, Scope scope, Object state, Boolean isCompleted)
   at Microsoft.AspNetCore.Mvc.Infrastructure.ResourceInvoker.<InvokeFilterPipelineAsync>g__Awaited|20_0(ResourceInvoker invoker, Task lastTask, State next, Scope scope, Object state, Boolean isCompleted)
   at Microsoft.AspNetCore.Mvc.Infrastructure.ResourceInvoker.<InvokeAsync>g__Logged|17_1(ResourceInvoker invoker)
   at Microsoft.AspNetCore.Mvc.Infrastructure.ResourceInvoker.<InvokeAsync>g__Logged|17_1(ResourceInvoker invoker)
   at AssetManagement.API.Middleware.InstitutionContextMiddleware.InvokeAsync(HttpContext context) in C:\Users\sammi\PROJECTS\PERSONAL\JET_BRAINS\FAST_TRACK_SERVICES\Assets_Management\FrontEnd_and_BackEnd\assetmanagement_backend\AssetManagement.API\Middleware\InstitutionContextMiddleware.cs:line 17
   at Microsoft.AspNetCore.Authorization.AuthorizationMiddleware.Invoke(HttpContext context)
   at Microsoft.AspNetCore.Authentication.AuthenticationMiddleware.Invoke(HttpContext context)
   at Swashbuckle.AspNetCore.SwaggerUI.SwaggerUIMiddleware.Invoke(HttpContext httpContext)
   at Swashbuckle.AspNetCore.Swagger.SwaggerMiddleware.Invoke(HttpContext httpContext, ISwaggerProvider swaggerProvider)
   at AssetManagement.API.Middleware.LoggingContextMiddleware.InvokeAsync(HttpContext context) in C:\Users\sammi\PROJECTS\PERSONAL\JET_BRAINS\FAST_TRACK_SERVICES\Assets_Management\FrontEnd_and_BackEnd\assetmanagement_backend\AssetManagement.API\Middleware\LoggingContextMiddleware.cs:line 16
   at Microsoft.AspNetCore.Diagnostics.DeveloperExceptionPageMiddlewareImpl.Invoke(HttpContext context)
2025-12-17 08:34:48.061 +00:00 [ERR] An unhandled exception has occurred while executing the request. (User: , Inst: )
System.NotSupportedException: Deserialization of interface or abstract types is not supported. Type 'AssetManagement.Entities.DTOs.Requests.AssetsUpdateRequest'. Path: $ | LineNumber: 0 | BytePositionInLine: 1.
 ---> System.NotSupportedException: Deserialization of interface or abstract types is not supported. Type 'AssetManagement.Entities.DTOs.Requests.AssetsUpdateRequest'.
   --- End of inner exception stack trace ---
   at System.Text.Json.ThrowHelper.ThrowNotSupportedException(ReadStack& state, Utf8JsonReader& reader, Exception innerException)
   at System.Text.Json.ThrowHelper.ThrowNotSupportedException_DeserializeNoConstructor(JsonTypeInfo typeInfo, Utf8JsonReader& reader, ReadStack& state)
   at System.Text.Json.Serialization.Converters.ObjectDefaultConverter`1.OnTryRead(Utf8JsonReader& reader, Type typeToConvert, JsonSerializerOptions options, ReadStack& state, T& value)
   at System.Text.Json.Serialization.JsonConverter`1.TryRead(Utf8JsonReader& reader, Type typeToConvert, JsonSerializerOptions options, ReadStack& state, T& value, Boolean& isPopulatedValue)
   at System.Text.Json.Serialization.JsonConverter`1.ReadCore(Utf8JsonReader& reader, T& value, JsonSerializerOptions options, ReadStack& state)
   at System.Text.Json.Serialization.Metadata.JsonTypeInfo`1.ContinueDeserialize(ReadBufferState& bufferState, JsonReaderState& jsonReaderState, ReadStack& readStack, T& value)
   at System.Text.Json.Serialization.Metadata.JsonTypeInfo`1.DeserializeAsync(Stream utf8Json, CancellationToken cancellationToken)
   at System.Text.Json.Serialization.Metadata.JsonTypeInfo`1.DeserializeAsObjectAsync(Stream utf8Json, CancellationToken cancellationToken)
   at Microsoft.AspNetCore.Mvc.Formatters.SystemTextJsonInputFormatter.ReadRequestBodyAsync(InputFormatterContext context, Encoding encoding)
   at Microsoft.AspNetCore.Mvc.Formatters.SystemTextJsonInputFormatter.ReadRequestBodyAsync(InputFormatterContext context, Encoding encoding)
   at Microsoft.AspNetCore.Mvc.ModelBinding.Binders.BodyModelBinder.BindModelAsync(ModelBindingContext bindingContext)
   at Microsoft.AspNetCore.Mvc.ModelBinding.ParameterBinder.BindModelAsync(ActionContext actionContext, IModelBinder modelBinder, IValueProvider valueProvider, ParameterDescriptor parameter, ModelMetadata metadata, Object value, Object container)
   at Microsoft.AspNetCore.Mvc.Controllers.ControllerBinderDelegateProvider.<>c__DisplayClass0_0.<<CreateBinderDelegate>g__Bind|0>d.MoveNext()
--- End of stack trace from previous location ---
   at Microsoft.AspNetCore.Mvc.Infrastructure.ControllerActionInvoker.<InvokeInnerFilterAsync>g__Awaited|13_0(ControllerActionInvoker invoker, Task lastTask, State next, Scope scope, Object state, Boolean isCompleted)
   at Microsoft.AspNetCore.Mvc.Infrastructure.ResourceInvoker.<InvokeFilterPipelineAsync>g__Awaited|20_0(ResourceInvoker invoker, Task lastTask, State next, Scope scope, Object state, Boolean isCompleted)
   at Microsoft.AspNetCore.Mvc.Infrastructure.ResourceInvoker.<InvokeAsync>g__Logged|17_1(ResourceInvoker invoker)
   at Microsoft.AspNetCore.Mvc.Infrastructure.ResourceInvoker.<InvokeAsync>g__Logged|17_1(ResourceInvoker invoker)
   at AssetManagement.API.Middleware.InstitutionContextMiddleware.InvokeAsync(HttpContext context) in C:\Users\sammi\PROJECTS\PERSONAL\JET_BRAINS\FAST_TRACK_SERVICES\Assets_Management\FrontEnd_and_BackEnd\assetmanagement_backend\AssetManagement.API\Middleware\InstitutionContextMiddleware.cs:line 17
   at Microsoft.AspNetCore.Authorization.AuthorizationMiddleware.Invoke(HttpContext context)
   at Microsoft.AspNetCore.Authentication.AuthenticationMiddleware.Invoke(HttpContext context)
   at Swashbuckle.AspNetCore.SwaggerUI.SwaggerUIMiddleware.Invoke(HttpContext httpContext)
   at Swashbuckle.AspNetCore.Swagger.SwaggerMiddleware.Invoke(HttpContext httpContext, ISwaggerProvider swaggerProvider)
   at AssetManagement.API.Middleware.LoggingContextMiddleware.InvokeAsync(HttpContext context) in C:\Users\sammi\PROJECTS\PERSONAL\JET_BRAINS\FAST_TRACK_SERVICES\Assets_Management\FrontEnd_and_BackEnd\assetmanagement_backend\AssetManagement.API\Middleware\LoggingContextMiddleware.cs:line 16
   at Microsoft.AspNetCore.Diagnostics.DeveloperExceptionPageMiddlewareImpl.Invoke(HttpContext context)
2025-12-17 08:35:46.560 +00:00 [ERR] An unhandled exception has occurred while executing the request. (User: , Inst: )
System.NotSupportedException: Deserialization of interface or abstract types is not supported. Type 'AssetManagement.Entities.DTOs.Requests.AssetsUpdateRequest'. Path: $ | LineNumber: 0 | BytePositionInLine: 1.
 ---> System.NotSupportedException: Deserialization of interface or abstract types is not supported. Type 'AssetManagement.Entities.DTOs.Requests.AssetsUpdateRequest'.
   --- End of inner exception stack trace ---
   at System.Text.Json.ThrowHelper.ThrowNotSupportedException(ReadStack& state, Utf8JsonReader& reader, Exception innerException)
   at System.Text.Json.ThrowHelper.ThrowNotSupportedException_DeserializeNoConstructor(JsonTypeInfo typeInfo, Utf8JsonReader& reader, ReadStack& state)
   at System.Text.Json.Serialization.Converters.ObjectDefaultConverter`1.OnTryRead(Utf8JsonReader& reader, Type typeToConvert, JsonSerializerOptions options, ReadStack& state, T& value)
   at System.Text.Json.Serialization.JsonConverter`1.TryRead(Utf8JsonReader& reader, Type typeToConvert, JsonSerializerOptions options, ReadStack& state, T& value, Boolean& isPopulatedValue)
   at System.Text.Json.Serialization.JsonConverter`1.ReadCore(Utf8JsonReader& reader, T& value, JsonSerializerOptions options, ReadStack& state)
   at System.Text.Json.Serialization.Metadata.JsonTypeInfo`1.ContinueDeserialize(ReadBufferState& bufferState, JsonReaderState& jsonReaderState, ReadStack& readStack, T& value)
   at System.Text.Json.Serialization.Metadata.JsonTypeInfo`1.DeserializeAsync(Stream utf8Json, CancellationToken cancellationToken)
   at System.Text.Json.Serialization.Metadata.JsonTypeInfo`1.DeserializeAsObjectAsync(Stream utf8Json, CancellationToken cancellationToken)
   at Microsoft.AspNetCore.Mvc.Formatters.SystemTextJsonInputFormatter.ReadRequestBodyAsync(InputFormatterContext context, Encoding encoding)
   at Microsoft.AspNetCore.Mvc.Formatters.SystemTextJsonInputFormatter.ReadRequestBodyAsync(InputFormatterContext context, Encoding encoding)
   at Microsoft.AspNetCore.Mvc.ModelBinding.Binders.BodyModelBinder.BindModelAsync(ModelBindingContext bindingContext)
   at Microsoft.AspNetCore.Mvc.ModelBinding.ParameterBinder.BindModelAsync(ActionContext actionContext, IModelBinder modelBinder, IValueProvider valueProvider, ParameterDescriptor parameter, ModelMetadata metadata, Object value, Object container)
   at Microsoft.AspNetCore.Mvc.Controllers.ControllerBinderDelegateProvider.<>c__DisplayClass0_0.<<CreateBinderDelegate>g__Bind|0>d.MoveNext()
--- End of stack trace from previous location ---
   at Microsoft.AspNetCore.Mvc.Infrastructure.ControllerActionInvoker.<InvokeInnerFilterAsync>g__Awaited|13_0(ControllerActionInvoker invoker, Task lastTask, State next, Scope scope, Object state, Boolean isCompleted)
   at Microsoft.AspNetCore.Mvc.Infrastructure.ResourceInvoker.<InvokeFilterPipelineAsync>g__Awaited|20_0(ResourceInvoker invoker, Task lastTask, State next, Scope scope, Object state, Boolean isCompleted)
   at Microsoft.AspNetCore.Mvc.Infrastructure.ResourceInvoker.<InvokeAsync>g__Logged|17_1(ResourceInvoker invoker)
   at Microsoft.AspNetCore.Mvc.Infrastructure.ResourceInvoker.<InvokeAsync>g__Logged|17_1(ResourceInvoker invoker)
   at AssetManagement.API.Middleware.InstitutionContextMiddleware.InvokeAsync(HttpContext context) in C:\Users\sammi\PROJECTS\PERSONAL\JET_BRAINS\FAST_TRACK_SERVICES\Assets_Management\FrontEnd_and_BackEnd\assetmanagement_backend\AssetManagement.API\Middleware\InstitutionContextMiddleware.cs:line 17
   at Microsoft.AspNetCore.Authorization.AuthorizationMiddleware.Invoke(HttpContext context)
   at Microsoft.AspNetCore.Authentication.AuthenticationMiddleware.Invoke(HttpContext context)
   at Swashbuckle.AspNetCore.SwaggerUI.SwaggerUIMiddleware.Invoke(HttpContext httpContext)
   at Swashbuckle.AspNetCore.Swagger.SwaggerMiddleware.Invoke(HttpContext httpContext, ISwaggerProvider swaggerProvider)
   at AssetManagement.API.Middleware.LoggingContextMiddleware.InvokeAsync(HttpContext context) in C:\Users\sammi\PROJECTS\PERSONAL\JET_BRAINS\FAST_TRACK_SERVICES\Assets_Management\FrontEnd_and_BackEnd\assetmanagement_backend\AssetManagement.API\Middleware\LoggingContextMiddleware.cs:line 16
   at Microsoft.AspNetCore.Diagnostics.DeveloperExceptionPageMiddlewareImpl.Invoke(HttpContext context)
2025-12-17 12:37:06.828 +00:00 [INF] 🚀 Starting AssetManagement API... (User: , Inst: )
2025-12-17 12:37:07.387 +00:00 [INF] Subscription background service started at "2025-12-17T12:37:07.3850962Z" (User: , Inst: )
2025-12-17 12:37:13.375 +00:00 [INF] Subscription & Maintenance Background Service started. (User: , Inst: )
2025-12-17 12:37:14.710 +00:00 [INF] Subscription check completed at "2025-12-17T12:37:14.7109171Z" (User: , Inst: )
2025-12-17 12:37:15.315 +00:00 [INF] Updated depreciation for asset Practical Wooden Bike: current value ¤4,260.71 (User: , Inst: )
2025-12-17 12:37:15.329 +00:00 [INF] Updated depreciation for asset string: current value ¤0.00 (User: , Inst: )
2025-12-17 12:37:15.432 +00:00 [INF] [Redis] Published message to channel: notifications (User: , Inst: )
2025-12-17 12:37:15.587 +00:00 [ERR] Error processing asset "019b262c-023b-71ce-a8e7-62041917edd1" (User: , Inst: )
System.ArgumentNullException: Value cannot be null. (Parameter 'address')
   at MimeKit.MailboxAddress..ctor(Encoding encoding, String name, String address)
   at MimeKit.MailboxAddress..ctor(String name, String address)
   at AssetManagement.API.DAL.Services.EmailService.EmailService.SendEmailAsync(String to, String subject, String htmlBody) in C:\Users\sammi\PROJECTS\PERSONAL\JET_BRAINS\FAST_TRACK_SERVICES\Assets_Management\FrontEnd_and_BackEnd\assetmanagement_backend\AssetManagement.API\DAL\Services\EmailService\EmailService.cs:line 12
   at AssetManagement.API.DAL.Services.NotificationService.NotificationService.SendMaintenanceDueAsync(AssetsModel assetsModel) in C:\Users\sammi\PROJECTS\PERSONAL\JET_BRAINS\FAST_TRACK_SERVICES\Assets_Management\FrontEnd_and_BackEnd\assetmanagement_backend\AssetManagement.API\DAL\Services\NotificationService\NotificationService.cs:line 92
   at AssetManagement.API.DAL.Services.BackgroundServices.SubscriptionMaintenanceService.HandleAssetMaintenance(IAssetRepository assetRepo, INotificationService notificationService, IDepreciationService depreciationService) in C:\Users\sammi\PROJECTS\PERSONAL\JET_BRAINS\FAST_TRACK_SERVICES\Assets_Management\FrontEnd_and_BackEnd\assetmanagement_backend\AssetManagement.API\DAL\Services\BackgroundServices\SubscriptionMaintenanceService.cs:line 79
2025-12-17 12:37:15.594 +00:00 [INF] Updated depreciation for asset 23423423: current value ¤7,870.00 (User: , Inst: )
2025-12-17 12:37:15.601 +00:00 [INF] Updated depreciation for asset Awesome Steel Pants: current value ¤2,539.76 (User: , Inst: )
2025-12-17 12:37:15.606 +00:00 [INF] Updated depreciation for asset Fantastic Plastic Ball: current value ¤3,501.17 (User: , Inst: )
2025-12-17 12:38:50.041 +00:00 [WRN] Failed to determine the https port for redirect. (User: anonymous, Inst: none)
2025-12-17 12:38:51.706 +00:00 [INF] Querying InstitutionsModel service (User: anonymous, Inst: none)
2025-12-17 12:38:51.937 +00:00 [INF] Querying AssetTypesModel service (User: anonymous, Inst: none)
2025-12-17 12:38:51.937 +00:00 [INF] Querying AssetCategoriesModel service (User: anonymous, Inst: none)
2025-12-17 13:31:17.289 +00:00 [INF] Querying InstitutionsModel service (User: anonymous, Inst: none)
2025-12-17 13:31:17.365 +00:00 [INF] Querying AssetTypesModel service (User: anonymous, Inst: none)
2025-12-17 13:31:17.402 +00:00 [INF] Querying AssetCategoriesModel service (User: anonymous, Inst: none)
2025-12-17 13:31:25.022 +00:00 [ERR] An unhandled exception has occurred while executing the request. (User: , Inst: )
System.NotSupportedException: Deserialization of interface or abstract types is not supported. Type 'AssetManagement.Entities.DTOs.Requests.AssetsUpdateRequest'. Path: $ | LineNumber: 0 | BytePositionInLine: 1.
 ---> System.NotSupportedException: Deserialization of interface or abstract types is not supported. Type 'AssetManagement.Entities.DTOs.Requests.AssetsUpdateRequest'.
   --- End of inner exception stack trace ---
   at System.Text.Json.ThrowHelper.ThrowNotSupportedException(ReadStack& state, Utf8JsonReader& reader, Exception innerException)
   at System.Text.Json.ThrowHelper.ThrowNotSupportedException_DeserializeNoConstructor(JsonTypeInfo typeInfo, Utf8JsonReader& reader, ReadStack& state)
   at System.Text.Json.Serialization.Converters.ObjectDefaultConverter`1.OnTryRead(Utf8JsonReader& reader, Type typeToConvert, JsonSerializerOptions options, ReadStack& state, T& value)
   at System.Text.Json.Serialization.JsonConverter`1.TryRead(Utf8JsonReader& reader, Type typeToConvert, JsonSerializerOptions options, ReadStack& state, T& value, Boolean& isPopulatedValue)
   at System.Text.Json.Serialization.JsonConverter`1.ReadCore(Utf8JsonReader& reader, T& value, JsonSerializerOptions options, ReadStack& state)
   at System.Text.Json.Serialization.Metadata.JsonTypeInfo`1.ContinueDeserialize(ReadBufferState& bufferState, JsonReaderState& jsonReaderState, ReadStack& readStack, T& value)
   at System.Text.Json.Serialization.Metadata.JsonTypeInfo`1.DeserializeAsync(Stream utf8Json, CancellationToken cancellationToken)
   at System.Text.Json.Serialization.Metadata.JsonTypeInfo`1.DeserializeAsObjectAsync(Stream utf8Json, CancellationToken cancellationToken)
   at Microsoft.AspNetCore.Mvc.Formatters.SystemTextJsonInputFormatter.ReadRequestBodyAsync(InputFormatterContext context, Encoding encoding)
   at Microsoft.AspNetCore.Mvc.Formatters.SystemTextJsonInputFormatter.ReadRequestBodyAsync(InputFormatterContext context, Encoding encoding)
   at Microsoft.AspNetCore.Mvc.ModelBinding.Binders.BodyModelBinder.BindModelAsync(ModelBindingContext bindingContext)
   at Microsoft.AspNetCore.Mvc.ModelBinding.ParameterBinder.BindModelAsync(ActionContext actionContext, IModelBinder modelBinder, IValueProvider valueProvider, ParameterDescriptor parameter, ModelMetadata metadata, Object value, Object container)
   at Microsoft.AspNetCore.Mvc.Controllers.ControllerBinderDelegateProvider.<>c__DisplayClass0_0.<<CreateBinderDelegate>g__Bind|0>d.MoveNext()
--- End of stack trace from previous location ---
   at Microsoft.AspNetCore.Mvc.Infrastructure.ControllerActionInvoker.<InvokeInnerFilterAsync>g__Awaited|13_0(ControllerActionInvoker invoker, Task lastTask, State next, Scope scope, Object state, Boolean isCompleted)
   at Microsoft.AspNetCore.Mvc.Infrastructure.ResourceInvoker.<InvokeFilterPipelineAsync>g__Awaited|20_0(ResourceInvoker invoker, Task lastTask, State next, Scope scope, Object state, Boolean isCompleted)
   at Microsoft.AspNetCore.Mvc.Infrastructure.ResourceInvoker.<InvokeAsync>g__Logged|17_1(ResourceInvoker invoker)
   at Microsoft.AspNetCore.Mvc.Infrastructure.ResourceInvoker.<InvokeAsync>g__Logged|17_1(ResourceInvoker invoker)
   at AssetManagement.API.Middleware.InstitutionContextMiddleware.InvokeAsync(HttpContext context) in C:\Users\sammi\PROJECTS\PERSONAL\JET_BRAINS\FAST_TRACK_SERVICES\Assets_Management\FrontEnd_and_BackEnd\assetmanagement_backend\AssetManagement.API\Middleware\InstitutionContextMiddleware.cs:line 17
   at Microsoft.AspNetCore.Authorization.AuthorizationMiddleware.Invoke(HttpContext context)
   at Microsoft.AspNetCore.Authentication.AuthenticationMiddleware.Invoke(HttpContext context)
   at Swashbuckle.AspNetCore.SwaggerUI.SwaggerUIMiddleware.Invoke(HttpContext httpContext)
   at Swashbuckle.AspNetCore.Swagger.SwaggerMiddleware.Invoke(HttpContext httpContext, ISwaggerProvider swaggerProvider)
   at AssetManagement.API.Middleware.LoggingContextMiddleware.InvokeAsync(HttpContext context) in C:\Users\sammi\PROJECTS\PERSONAL\JET_BRAINS\FAST_TRACK_SERVICES\Assets_Management\FrontEnd_and_BackEnd\assetmanagement_backend\AssetManagement.API\Middleware\LoggingContextMiddleware.cs:line 16
   at Microsoft.AspNetCore.Diagnostics.DeveloperExceptionPageMiddlewareImpl.Invoke(HttpContext context)
2025-12-17 13:32:43.957 +00:00 [ERR] An unhandled exception has occurred while executing the request. (User: , Inst: )
System.NotSupportedException: Deserialization of interface or abstract types is not supported. Type 'AssetManagement.Entities.DTOs.Requests.AssetsUpdateRequest'. Path: $ | LineNumber: 0 | BytePositionInLine: 1.
 ---> System.NotSupportedException: Deserialization of interface or abstract types is not supported. Type 'AssetManagement.Entities.DTOs.Requests.AssetsUpdateRequest'.
   --- End of inner exception stack trace ---
   at System.Text.Json.ThrowHelper.ThrowNotSupportedException(ReadStack& state, Utf8JsonReader& reader, Exception innerException)
   at System.Text.Json.ThrowHelper.ThrowNotSupportedException_DeserializeNoConstructor(JsonTypeInfo typeInfo, Utf8JsonReader& reader, ReadStack& state)
   at System.Text.Json.Serialization.Converters.ObjectDefaultConverter`1.OnTryRead(Utf8JsonReader& reader, Type typeToConvert, JsonSerializerOptions options, ReadStack& state, T& value)
   at System.Text.Json.Serialization.JsonConverter`1.TryRead(Utf8JsonReader& reader, Type typeToConvert, JsonSerializerOptions options, ReadStack& state, T& value, Boolean& isPopulatedValue)
   at System.Text.Json.Serialization.JsonConverter`1.ReadCore(Utf8JsonReader& reader, T& value, JsonSerializerOptions options, ReadStack& state)
   at System.Text.Json.Serialization.Metadata.JsonTypeInfo`1.ContinueDeserialize(ReadBufferState& bufferState, JsonReaderState& jsonReaderState, ReadStack& readStack, T& value)
   at System.Text.Json.Serialization.Metadata.JsonTypeInfo`1.DeserializeAsync(Stream utf8Json, CancellationToken cancellationToken)
   at System.Text.Json.Serialization.Metadata.JsonTypeInfo`1.DeserializeAsObjectAsync(Stream utf8Json, CancellationToken cancellationToken)
   at Microsoft.AspNetCore.Mvc.Formatters.SystemTextJsonInputFormatter.ReadRequestBodyAsync(InputFormatterContext context, Encoding encoding)
   at Microsoft.AspNetCore.Mvc.Formatters.SystemTextJsonInputFormatter.ReadRequestBodyAsync(InputFormatterContext context, Encoding encoding)
   at Microsoft.AspNetCore.Mvc.ModelBinding.Binders.BodyModelBinder.BindModelAsync(ModelBindingContext bindingContext)
   at Microsoft.AspNetCore.Mvc.ModelBinding.ParameterBinder.BindModelAsync(ActionContext actionContext, IModelBinder modelBinder, IValueProvider valueProvider, ParameterDescriptor parameter, ModelMetadata metadata, Object value, Object container)
   at Microsoft.AspNetCore.Mvc.Controllers.ControllerBinderDelegateProvider.<>c__DisplayClass0_0.<<CreateBinderDelegate>g__Bind|0>d.MoveNext()
--- End of stack trace from previous location ---
   at Microsoft.AspNetCore.Mvc.Infrastructure.ControllerActionInvoker.<InvokeInnerFilterAsync>g__Awaited|13_0(ControllerActionInvoker invoker, Task lastTask, State next, Scope scope, Object state, Boolean isCompleted)
   at Microsoft.AspNetCore.Mvc.Infrastructure.ResourceInvoker.<InvokeFilterPipelineAsync>g__Awaited|20_0(ResourceInvoker invoker, Task lastTask, State next, Scope scope, Object state, Boolean isCompleted)
   at Microsoft.AspNetCore.Mvc.Infrastructure.ResourceInvoker.<InvokeAsync>g__Logged|17_1(ResourceInvoker invoker)
   at Microsoft.AspNetCore.Mvc.Infrastructure.ResourceInvoker.<InvokeAsync>g__Logged|17_1(ResourceInvoker invoker)
   at AssetManagement.API.Middleware.InstitutionContextMiddleware.InvokeAsync(HttpContext context) in C:\Users\sammi\PROJECTS\PERSONAL\JET_BRAINS\FAST_TRACK_SERVICES\Assets_Management\FrontEnd_and_BackEnd\assetmanagement_backend\AssetManagement.API\Middleware\InstitutionContextMiddleware.cs:line 17
   at Microsoft.AspNetCore.Authorization.AuthorizationMiddleware.Invoke(HttpContext context)
   at Microsoft.AspNetCore.Authentication.AuthenticationMiddleware.Invoke(HttpContext context)
   at Swashbuckle.AspNetCore.SwaggerUI.SwaggerUIMiddleware.Invoke(HttpContext httpContext)
   at Swashbuckle.AspNetCore.Swagger.SwaggerMiddleware.Invoke(HttpContext httpContext, ISwaggerProvider swaggerProvider)
   at AssetManagement.API.Middleware.LoggingContextMiddleware.InvokeAsync(HttpContext context) in C:\Users\sammi\PROJECTS\PERSONAL\JET_BRAINS\FAST_TRACK_SERVICES\Assets_Management\FrontEnd_and_BackEnd\assetmanagement_backend\AssetManagement.API\Middleware\LoggingContextMiddleware.cs:line 16
   at Microsoft.AspNetCore.Diagnostics.DeveloperExceptionPageMiddlewareImpl.Invoke(HttpContext context)
2025-12-17 13:35:23.325 +00:00 [INF] 💤 Application shutting down... (User: , Inst: )
2025-12-17 13:35:36.989 +00:00 [INF] 🚀 Starting AssetManagement API... (User: , Inst: )
2025-12-17 13:35:37.143 +00:00 [INF] Subscription background service started at "2025-12-17T13:35:37.1429498Z" (User: , Inst: )
2025-12-17 13:35:39.241 +00:00 [INF] Subscription & Maintenance Background Service started. (User: , Inst: )
2025-12-17 13:35:39.936 +00:00 [INF] Subscription check completed at "2025-12-17T13:35:39.9364648Z" (User: , Inst: )
2025-12-17 13:35:40.253 +00:00 [INF] Updated depreciation for asset Practical Wooden Bike: current value ¤4,260.71 (User: , Inst: )
2025-12-17 13:35:40.260 +00:00 [INF] Updated depreciation for asset string: current value ¤0.00 (User: , Inst: )
2025-12-17 13:35:40.316 +00:00 [INF] [Redis] Published message to channel: notifications (User: , Inst: )
2025-12-17 13:35:40.393 +00:00 [ERR] Error processing asset "019b262c-023b-71ce-a8e7-62041917edd1" (User: , Inst: )
System.ArgumentNullException: Value cannot be null. (Parameter 'address')
   at MimeKit.MailboxAddress..ctor(Encoding encoding, String name, String address)
   at MimeKit.MailboxAddress..ctor(String name, String address)
   at AssetManagement.API.DAL.Services.EmailService.EmailService.SendEmailAsync(String to, String subject, String htmlBody) in C:\Users\sammi\PROJECTS\PERSONAL\JET_BRAINS\FAST_TRACK_SERVICES\Assets_Management\FrontEnd_and_BackEnd\assetmanagement_backend\AssetManagement.API\DAL\Services\EmailService\EmailService.cs:line 12
   at AssetManagement.API.DAL.Services.NotificationService.NotificationService.SendMaintenanceDueAsync(AssetsModel assetsModel) in C:\Users\sammi\PROJECTS\PERSONAL\JET_BRAINS\FAST_TRACK_SERVICES\Assets_Management\FrontEnd_and_BackEnd\assetmanagement_backend\AssetManagement.API\DAL\Services\NotificationService\NotificationService.cs:line 92
   at AssetManagement.API.DAL.Services.BackgroundServices.SubscriptionMaintenanceService.HandleAssetMaintenance(IAssetRepository assetRepo, INotificationService notificationService, IDepreciationService depreciationService) in C:\Users\sammi\PROJECTS\PERSONAL\JET_BRAINS\FAST_TRACK_SERVICES\Assets_Management\FrontEnd_and_BackEnd\assetmanagement_backend\AssetManagement.API\DAL\Services\BackgroundServices\SubscriptionMaintenanceService.cs:line 79
2025-12-17 13:35:40.396 +00:00 [INF] Updated depreciation for asset 23423423: current value ¤7,870.00 (User: , Inst: )
2025-12-17 13:35:40.398 +00:00 [INF] Updated depreciation for asset Awesome Steel Pants: current value ¤2,539.76 (User: , Inst: )
2025-12-17 13:35:40.401 +00:00 [INF] Updated depreciation for asset Fantastic Plastic Ball: current value ¤3,501.17 (User: , Inst: )
2025-12-17 13:36:08.732 +00:00 [INF] 💤 Application shutting down... (User: , Inst: )
2025-12-17 13:36:15.958 +00:00 [INF] 🚀 Starting AssetManagement API... (User: , Inst: )
2025-12-17 13:36:16.100 +00:00 [INF] Subscription background service started at "2025-12-17T13:36:16.0991689Z" (User: , Inst: )
2025-12-17 13:36:18.503 +00:00 [INF] Subscription & Maintenance Background Service started. (User: , Inst: )
2025-12-17 13:36:19.091 +00:00 [INF] Subscription check completed at "2025-12-17T13:36:19.0913195Z" (User: , Inst: )
2025-12-17 13:36:19.353 +00:00 [INF] Updated depreciation for asset Practical Wooden Bike: current value ¤4,260.71 (User: , Inst: )
2025-12-17 13:36:19.360 +00:00 [INF] Updated depreciation for asset string: current value ¤0.00 (User: , Inst: )
2025-12-17 13:36:19.357 +00:00 [WRN] Failed to determine the https port for redirect. (User: anonymous, Inst: none)
2025-12-17 13:36:19.414 +00:00 [INF] [Redis] Published message to channel: notifications (User: , Inst: )
2025-12-17 13:36:19.490 +00:00 [ERR] Error processing asset "019b262c-023b-71ce-a8e7-62041917edd1" (User: , Inst: )
System.ArgumentNullException: Value cannot be null. (Parameter 'address')
   at MimeKit.MailboxAddress..ctor(Encoding encoding, String name, String address)
   at MimeKit.MailboxAddress..ctor(String name, String address)
   at AssetManagement.API.DAL.Services.EmailService.EmailService.SendEmailAsync(String to, String subject, String htmlBody) in C:\Users\sammi\PROJECTS\PERSONAL\JET_BRAINS\FAST_TRACK_SERVICES\Assets_Management\FrontEnd_and_BackEnd\assetmanagement_backend\AssetManagement.API\DAL\Services\EmailService\EmailService.cs:line 12
   at AssetManagement.API.DAL.Services.NotificationService.NotificationService.SendMaintenanceDueAsync(AssetsModel assetsModel) in C:\Users\sammi\PROJECTS\PERSONAL\JET_BRAINS\FAST_TRACK_SERVICES\Assets_Management\FrontEnd_and_BackEnd\assetmanagement_backend\AssetManagement.API\DAL\Services\NotificationService\NotificationService.cs:line 92
   at AssetManagement.API.DAL.Services.BackgroundServices.SubscriptionMaintenanceService.HandleAssetMaintenance(IAssetRepository assetRepo, INotificationService notificationService, IDepreciationService depreciationService) in C:\Users\sammi\PROJECTS\PERSONAL\JET_BRAINS\FAST_TRACK_SERVICES\Assets_Management\FrontEnd_and_BackEnd\assetmanagement_backend\AssetManagement.API\DAL\Services\BackgroundServices\SubscriptionMaintenanceService.cs:line 79
2025-12-17 13:36:19.494 +00:00 [INF] Updated depreciation for asset 23423423: current value ¤7,870.00 (User: , Inst: )
2025-12-17 13:36:19.497 +00:00 [INF] Updated depreciation for asset Awesome Steel Pants: current value ¤2,539.76 (User: , Inst: )
2025-12-17 13:36:19.500 +00:00 [INF] Updated depreciation for asset Fantastic Plastic Ball: current value ¤3,501.17 (User: , Inst: )
2025-12-17 13:52:05.556 +00:00 [INF] Querying InstitutionsModel service (User: anonymous, Inst: none)
2025-12-17 13:52:05.597 +00:00 [INF] Querying AssetCategoriesModel service (User: anonymous, Inst: none)
2025-12-17 13:52:05.597 +00:00 [INF] Querying AssetTypesModel service (User: anonymous, Inst: none)
2025-12-17 13:52:05.678 +00:00 [INF] Querying InstitutionsModel service (User: anonymous, Inst: none)
2025-12-17 13:52:05.689 +00:00 [INF] Querying AssetCategoriesModel service (User: anonymous, Inst: none)
2025-12-17 13:52:05.732 +00:00 [INF] Querying AssetTypesModel service (User: anonymous, Inst: none)
2025-12-17 13:52:19.880 +00:00 [INF] Querying InstitutionsModel service (User: anonymous, Inst: none)
2025-12-17 13:52:19.926 +00:00 [INF] Querying AssetTypesModel service (User: anonymous, Inst: none)
2025-12-17 13:52:19.961 +00:00 [INF] Querying AssetCategoriesModel service (User: anonymous, Inst: none)
2025-12-17 13:52:19.976 +00:00 [INF] Querying InstitutionsModel service (User: anonymous, Inst: none)
2025-12-17 13:52:20.014 +00:00 [INF] Querying AssetTypesModel service (User: anonymous, Inst: none)
2025-12-17 13:52:20.083 +00:00 [INF] Querying AssetCategoriesModel service (User: anonymous, Inst: none)
2025-12-17 16:08:01.413 +00:00 [INF] Querying AssetTypesModel service (User: anonymous, Inst: none)
2025-12-17 16:08:11.219 +00:00 [INF] Fetching AssetTypesModel by id "79a8eb98-fd72-4fb6-bbbb-956d25b51fa8" (User: anonymous, Inst: none)
2025-12-17 19:27:05.664 +00:00 [INF] 🚀 Starting AssetManagement API... (User: , Inst: )
2025-12-17 19:27:05.846 +00:00 [INF] Subscription background service started at "2025-12-17T19:27:05.8449240Z" (User: , Inst: )
2025-12-17 19:27:08.134 +00:00 [INF] Subscription & Maintenance Background Service started. (User: , Inst: )
2025-12-17 19:27:08.704 +00:00 [INF] Subscription check completed at "2025-12-17T19:27:08.7045957Z" (User: , Inst: )
2025-12-17 19:27:08.996 +00:00 [INF] Updated depreciation for asset Practical Wooden Bike: current value ¤4,260.71 (User: , Inst: )
2025-12-17 19:27:09.001 +00:00 [INF] Updated depreciation for asset 23423423: current value ¤7,870.00 (User: , Inst: )
2025-12-17 19:27:09.003 +00:00 [INF] Updated depreciation for asset Fantastic Plastic Ball: current value ¤3,501.17 (User: , Inst: )
2025-12-17 19:27:09.005 +00:00 [INF] Updated depreciation for asset Awesome Steel Pants --update: current value ¤2,539.76 (User: , Inst: )
2025-12-17 19:27:09.007 +00:00 [INF] Updated depreciation for asset Hello string Asset: current value ¤23,000.00 (User: , Inst: )
2025-12-17 19:27:09.058 +00:00 [INF] [Redis] Published message to channel: notifications (User: , Inst: )
2025-12-17 19:27:09.131 +00:00 [ERR] Error processing asset "019b262c-023b-71ce-a8e7-62041917edd1" (User: , Inst: )
System.ArgumentNullException: Value cannot be null. (Parameter 'address')
   at MimeKit.MailboxAddress..ctor(Encoding encoding, String name, String address)
   at MimeKit.MailboxAddress..ctor(String name, String address)
   at AssetManagement.API.DAL.Services.EmailService.EmailService.SendEmailAsync(String to, String subject, String htmlBody) in C:\Users\sammi\PROJECTS\PERSONAL\JET_BRAINS\FAST_TRACK_SERVICES\Assets_Management\FrontEnd_and_BackEnd\assetmanagement_backend\AssetManagement.API\DAL\Services\EmailService\EmailService.cs:line 12
   at AssetManagement.API.DAL.Services.NotificationService.NotificationService.SendMaintenanceDueAsync(AssetsModel assetsModel) in C:\Users\sammi\PROJECTS\PERSONAL\JET_BRAINS\FAST_TRACK_SERVICES\Assets_Management\FrontEnd_and_BackEnd\assetmanagement_backend\AssetManagement.API\DAL\Services\NotificationService\NotificationService.cs:line 92
   at AssetManagement.API.DAL.Services.BackgroundServices.SubscriptionMaintenanceService.HandleAssetMaintenance(IAssetRepository assetRepo, INotificationService notificationService, IDepreciationService depreciationService) in C:\Users\sammi\PROJECTS\PERSONAL\JET_BRAINS\FAST_TRACK_SERVICES\Assets_Management\FrontEnd_and_BackEnd\assetmanagement_backend\AssetManagement.API\DAL\Services\BackgroundServices\SubscriptionMaintenanceService.cs:line 79
2025-12-17 19:33:51.001 +00:00 [WRN] Failed to determine the https port for redirect. (User: anonymous, Inst: none)
2025-12-17 19:33:51.218 +00:00 [INF] Querying AssetTypesModel service (User: anonymous, Inst: none)
2025-12-17 19:34:07.692 +00:00 [INF] Querying AssetTypesModel service (User: anonymous, Inst: none)
2025-12-17 19:59:40.152 +00:00 [INF] Querying AssetCategoriesModel service (User: anonymous, Inst: none)
2025-12-17 19:59:40.152 +00:00 [INF] Querying InstitutionsModel service (User: anonymous, Inst: none)
2025-12-17 19:59:40.157 +00:00 [INF] Querying AssetTypesModel service (User: anonymous, Inst: none)
2025-12-17 19:59:40.180 +00:00 [INF] Querying AssetTypesModel service (User: anonymous, Inst: none)
2025-12-17 19:59:40.215 +00:00 [INF] Querying InstitutionsModel service (User: anonymous, Inst: none)
2025-12-17 19:59:40.277 +00:00 [INF] Querying AssetCategoriesModel service (User: anonymous, Inst: none)
