2025-12-11 00:12:23.444 +00:00 [INF] 🚀 Starting AssetManagement API... (User: , Inst: )
2025-12-11 00:12:23.979 +00:00 [INF] Subscription background service started at "2025-12-11T00:12:23.9780278Z" (User: , Inst: )
2025-12-11 00:12:28.702 +00:00 [INF] Subscription & Maintenance Background Service started. (User: , Inst: )
2025-12-11 00:12:30.037 +00:00 [INF] Subscription check completed at "2025-12-11T00:12:30.0371097Z" (User: , Inst: )
2025-12-11 00:12:30.724 +00:00 [INF] Updated depreciation for asset Practical Wooden Bike: current value ¤4,260.71 (User: , Inst: )
2025-12-11 00:12:30.731 +00:00 [INF] Updated depreciation for asset Awesome Steel Pants: current value ¤2,539.76 (User: , Inst: )
2025-12-11 00:12:30.734 +00:00 [INF] Updated depreciation for asset Fantastic Plastic Ball: current value ¤3,501.17 (User: , Inst: )
2025-12-11 00:13:06.242 +00:00 [WRN] Failed to determine the https port for redirect. (User: anonymous, Inst: none)
2025-12-11 00:13:13.539 +00:00 [INF] Querying InstitutionsModel service (User: anonymous, Inst: none)
2025-12-11 00:13:59.287 +00:00 [INF] Querying InstitutionsModel service (User: anonymous, Inst: none)
2025-12-11 00:18:07.025 +00:00 [INF] Querying InstitutionsModel service (User: anonymous, Inst: none)
2025-12-11 00:18:07.049 +00:00 [INF] Querying InstitutionsModel service (User: anonymous, Inst: none)
2025-12-11 22:16:30.772 +00:00 [INF] 🚀 Starting AssetManagement API... (User: , Inst: )
2025-12-11 22:16:31.000 +00:00 [INF] Subscription background service started at "2025-12-11T22:16:30.9988045Z" (User: , Inst: )
2025-12-11 22:16:33.904 +00:00 [INF] Subscription & Maintenance Background Service started. (User: , Inst: )
2025-12-11 22:16:34.642 +00:00 [INF] Subscription check completed at "2025-12-11T22:16:34.6427660Z" (User: , Inst: )
2025-12-11 22:16:35.048 +00:00 [INF] Updated depreciation for asset Practical Wooden Bike: current value ¤4,260.71 (User: , Inst: )
2025-12-11 22:16:35.053 +00:00 [INF] Updated depreciation for asset Awesome Steel Pants: current value ¤2,539.76 (User: , Inst: )
2025-12-11 22:16:35.056 +00:00 [INF] Updated depreciation for asset Fantastic Plastic Ball: current value ¤3,501.17 (User: , Inst: )
2025-12-11 22:38:17.648 +00:00 [WRN] Failed to determine the https port for redirect. (User: anonymous, Inst: none)
2025-12-11 23:10:37.850 +00:00 [INF] Querying AssetCategoriesModel service (User: anonymous, Inst: none)
