2025-12-13 18:53:58.787 +00:00 [INF] 🚀 Starting AssetManagement API... (User: , Inst: )
2025-12-13 18:53:59.021 +00:00 [INF] Subscription background service started at "2025-12-13T18:53:59.0205078Z" (User: , Inst: )
2025-12-13 18:54:01.789 +00:00 [INF] Subscription & Maintenance Background Service started. (User: , Inst: )
2025-12-13 18:54:02.757 +00:00 [INF] Subscription check completed at "2025-12-13T18:54:02.7578813Z" (User: , Inst: )
2025-12-13 18:54:03.340 +00:00 [INF] Updated depreciation for asset Practical Wooden Bike: current value ¤4,260.71 (User: , Inst: )
2025-12-13 18:54:03.348 +00:00 [INF] Updated depreciation for asset Awesome Steel Pants: current value ¤2,539.76 (User: , Inst: )
2025-12-13 18:54:03.351 +00:00 [INF] Updated depreciation for asset Fantastic Plastic Ball: current value ¤3,501.17 (User: , Inst: )
2025-12-13 18:55:49.312 +00:00 [WRN] Failed to determine the https port for redirect. (User: anonymous, Inst: none)
2025-12-13 19:01:25.510 +00:00 [INF] 💤 Application shutting down... (User: , Inst: )
2025-12-13 19:01:31.024 +00:00 [INF] 🚀 Starting AssetManagement API... (User: , Inst: )
2025-12-13 19:01:31.162 +00:00 [INF] Subscription background service started at "2025-12-13T19:01:31.1613474Z" (User: , Inst: )
2025-12-13 19:01:32.958 +00:00 [INF] Subscription & Maintenance Background Service started. (User: , Inst: )
2025-12-13 19:01:33.432 +00:00 [INF] Subscription check completed at "2025-12-13T19:01:33.4328378Z" (User: , Inst: )
2025-12-13 19:01:33.665 +00:00 [INF] Updated depreciation for asset Practical Wooden Bike: current value ¤4,260.71 (User: , Inst: )
2025-12-13 19:01:33.698 +00:00 [INF] Updated depreciation for asset Awesome Steel Pants: current value ¤2,539.76 (User: , Inst: )
2025-12-13 19:01:33.701 +00:00 [INF] Updated depreciation for asset Fantastic Plastic Ball: current value ¤3,501.17 (User: , Inst: )
2025-12-13 19:22:03.850 +00:00 [INF] 💤 Application shutting down... (User: , Inst: )
2025-12-13 19:23:09.502 +00:00 [INF] 🚀 Starting AssetManagement API... (User: , Inst: )
2025-12-13 19:23:09.688 +00:00 [INF] Subscription background service started at "2025-12-13T19:23:09.6870658Z" (User: , Inst: )
2025-12-13 19:23:11.789 +00:00 [INF] Subscription & Maintenance Background Service started. (User: , Inst: )
2025-12-13 19:23:12.356 +00:00 [INF] Subscription check completed at "2025-12-13T19:23:12.3564440Z" (User: , Inst: )
2025-12-13 19:23:12.674 +00:00 [INF] Updated depreciation for asset Practical Wooden Bike: current value ¤4,260.71 (User: , Inst: )
2025-12-13 19:23:12.684 +00:00 [INF] Updated depreciation for asset Awesome Steel Pants: current value ¤2,539.76 (User: , Inst: )
2025-12-13 19:23:12.687 +00:00 [INF] Updated depreciation for asset Fantastic Plastic Ball: current value ¤3,501.17 (User: , Inst: )
2025-12-13 19:29:57.338 +00:00 [WRN] Failed to determine the https port for redirect. (User: anonymous, Inst: none)
2025-12-13 20:31:08.934 +00:00 [INF] 💤 Application shutting down... (User: , Inst: )
2025-12-13 20:31:21.041 +00:00 [INF] 🚀 Starting AssetManagement API... (User: , Inst: )
2025-12-13 20:31:21.246 +00:00 [INF] Subscription background service started at "2025-12-13T20:31:21.2451333Z" (User: , Inst: )
2025-12-13 20:31:23.671 +00:00 [INF] Subscription & Maintenance Background Service started. (User: , Inst: )
2025-12-13 20:31:24.381 +00:00 [INF] Subscription check completed at "2025-12-13T20:31:24.3814799Z" (User: , Inst: )
2025-12-13 20:31:24.611 +00:00 [INF] Updated depreciation for asset Practical Wooden Bike: current value ¤4,260.71 (User: , Inst: )
2025-12-13 20:31:24.617 +00:00 [INF] Updated depreciation for asset Awesome Steel Pants: current value ¤2,539.76 (User: , Inst: )
2025-12-13 20:31:24.619 +00:00 [INF] Updated depreciation for asset Fantastic Plastic Ball: current value ¤3,501.17 (User: , Inst: )
2025-12-13 20:34:16.648 +00:00 [INF] 💤 Application shutting down... (User: , Inst: )
2025-12-13 20:34:23.366 +00:00 [INF] 🚀 Starting AssetManagement API... (User: , Inst: )
2025-12-13 20:34:23.544 +00:00 [INF] Subscription background service started at "2025-12-13T20:34:23.5437637Z" (User: , Inst: )
2025-12-13 20:34:25.833 +00:00 [INF] Subscription & Maintenance Background Service started. (User: , Inst: )
2025-12-13 20:34:26.417 +00:00 [INF] Subscription check completed at "2025-12-13T20:34:26.4173201Z" (User: , Inst: )
2025-12-13 20:34:26.709 +00:00 [INF] Updated depreciation for asset Practical Wooden Bike: current value ¤4,260.71 (User: , Inst: )
2025-12-13 20:34:26.715 +00:00 [INF] Updated depreciation for asset Awesome Steel Pants: current value ¤2,539.76 (User: , Inst: )
2025-12-13 20:34:26.719 +00:00 [INF] Updated depreciation for asset Fantastic Plastic Ball: current value ¤3,501.17 (User: , Inst: )
2025-12-13 20:34:50.576 +00:00 [WRN] Failed to determine the https port for redirect. (User: anonymous, Inst: none)
2025-12-13 20:34:51.007 +00:00 [ERR] An unhandled exception has occurred while executing the request. (User: , Inst: )
AutoMapper.AutoMapperMappingException: Error mapping types.

Mapping types:
List`1 -> IEnumerable`1
System.Collections.Generic.List`1[[AssetManagement.Entities.Models.VendorsModel, AssetManagement.Entities, Version=1.0.0.0, Culture=neutral, PublicKeyToken=null]] -> System.Collections.Generic.IEnumerable`1[[AssetManagement.Entities.DTOs.Responses.VendorsResponse, AssetManagement.Entities, Version=1.0.0.0, Culture=neutral, PublicKeyToken=null]]
 ---> AutoMapper.AutoMapperMappingException: Error mapping types.

Mapping types:
VendorsModel -> VendorsResponse
AssetManagement.Entities.Models.VendorsModel -> AssetManagement.Entities.DTOs.Responses.VendorsResponse

Type Map configuration:
VendorsModel -> VendorsResponse
AssetManagement.Entities.Models.VendorsModel -> AssetManagement.Entities.DTOs.Responses.VendorsResponse

Destination Member:
Institutions

 ---> AutoMapper.AutoMapperMappingException: Missing type map configuration or unsupported mapping.

Mapping types:
String -> InstitutionsResponse
System.String -> AssetManagement.Entities.DTOs.Responses.InstitutionsResponse

Destination Member:
Institutions

   at lambda_method682(Closure, String, InstitutionsResponse, ResolutionContext)
   at lambda_method681(Closure, Object, IEnumerable`1, ResolutionContext)
   --- End of inner exception stack trace ---
   at lambda_method681(Closure, Object, IEnumerable`1, ResolutionContext)
   --- End of inner exception stack trace ---
   at lambda_method681(Closure, Object, IEnumerable`1, ResolutionContext)
   at AssetManagement.API.DAL.Services.VendorsService.VendorsService.GetAllAsync() in C:\Users\sammi\PROJECTS\PERSONAL\JET_BRAINS\FAST_TRACK_SERVICES\Assets_Management\FrontEnd_and_BackEnd\assetmanagement_backend\AssetManagement.API\DAL\Services\VendorsService\VendorsService.cs:line 17
   at AssetManagement.API.Controllers.VendorsController.GetAll(CancellationToken cancellationToken) in C:\Users\sammi\PROJECTS\PERSONAL\JET_BRAINS\FAST_TRACK_SERVICES\Assets_Management\FrontEnd_and_BackEnd\assetmanagement_backend\AssetManagement.API\Controllers\VendorsController.cs:line 27
   at lambda_method610(Closure, Object)
   at Microsoft.AspNetCore.Mvc.Infrastructure.ActionMethodExecutor.AwaitableObjectResultExecutor.Execute(ActionContext actionContext, IActionResultTypeMapper mapper, ObjectMethodExecutor executor, Object controller, Object[] arguments)
   at Microsoft.AspNetCore.Mvc.Infrastructure.ControllerActionInvoker.<InvokeActionMethodAsync>g__Logged|12_1(ControllerActionInvoker invoker)
   at Microsoft.AspNetCore.Mvc.Infrastructure.ControllerActionInvoker.<InvokeNextActionFilterAsync>g__Awaited|10_0(ControllerActionInvoker invoker, Task lastTask, State next, Scope scope, Object state, Boolean isCompleted)
   at Microsoft.AspNetCore.Mvc.Infrastructure.ControllerActionInvoker.Rethrow(ActionExecutedContextSealed context)
   at Microsoft.AspNetCore.Mvc.Infrastructure.ControllerActionInvoker.Next(State& next, Scope& scope, Object& state, Boolean& isCompleted)
   at Microsoft.AspNetCore.Mvc.Infrastructure.ControllerActionInvoker.<InvokeInnerFilterAsync>g__Awaited|13_0(ControllerActionInvoker invoker, Task lastTask, State next, Scope scope, Object state, Boolean isCompleted)
   at Microsoft.AspNetCore.Mvc.Infrastructure.ResourceInvoker.<InvokeFilterPipelineAsync>g__Awaited|20_0(ResourceInvoker invoker, Task lastTask, State next, Scope scope, Object state, Boolean isCompleted)
   at Microsoft.AspNetCore.Mvc.Infrastructure.ResourceInvoker.<InvokeAsync>g__Logged|17_1(ResourceInvoker invoker)
   at Microsoft.AspNetCore.Mvc.Infrastructure.ResourceInvoker.<InvokeAsync>g__Logged|17_1(ResourceInvoker invoker)
   at AssetManagement.API.Middleware.InstitutionContextMiddleware.InvokeAsync(HttpContext context) in C:\Users\sammi\PROJECTS\PERSONAL\JET_BRAINS\FAST_TRACK_SERVICES\Assets_Management\FrontEnd_and_BackEnd\assetmanagement_backend\AssetManagement.API\Middleware\InstitutionContextMiddleware.cs:line 17
   at Microsoft.AspNetCore.Authorization.AuthorizationMiddleware.Invoke(HttpContext context)
   at Microsoft.AspNetCore.Authentication.AuthenticationMiddleware.Invoke(HttpContext context)
   at Swashbuckle.AspNetCore.SwaggerUI.SwaggerUIMiddleware.Invoke(HttpContext httpContext)
   at Swashbuckle.AspNetCore.Swagger.SwaggerMiddleware.Invoke(HttpContext httpContext, ISwaggerProvider swaggerProvider)
   at AssetManagement.API.Middleware.LoggingContextMiddleware.InvokeAsync(HttpContext context) in C:\Users\sammi\PROJECTS\PERSONAL\JET_BRAINS\FAST_TRACK_SERVICES\Assets_Management\FrontEnd_and_BackEnd\assetmanagement_backend\AssetManagement.API\Middleware\LoggingContextMiddleware.cs:line 16
   at Microsoft.AspNetCore.Diagnostics.DeveloperExceptionPageMiddlewareImpl.Invoke(HttpContext context)
2025-12-13 20:36:59.279 +00:00 [INF] 💤 Application shutting down... (User: , Inst: )
2025-12-13 20:37:05.621 +00:00 [INF] 🚀 Starting AssetManagement API... (User: , Inst: )
2025-12-13 20:37:05.768 +00:00 [INF] Subscription background service started at "2025-12-13T20:37:05.7669440Z" (User: , Inst: )
2025-12-13 20:37:07.726 +00:00 [INF] Subscription & Maintenance Background Service started. (User: , Inst: )
2025-12-13 20:37:08.221 +00:00 [INF] Subscription check completed at "2025-12-13T20:37:08.2212587Z" (User: , Inst: )
2025-12-13 20:37:08.434 +00:00 [INF] Updated depreciation for asset Practical Wooden Bike: current value ¤4,260.71 (User: , Inst: )
2025-12-13 20:37:08.438 +00:00 [INF] Updated depreciation for asset Awesome Steel Pants: current value ¤2,539.76 (User: , Inst: )
2025-12-13 20:37:08.440 +00:00 [INF] Updated depreciation for asset Fantastic Plastic Ball: current value ¤3,501.17 (User: , Inst: )
2025-12-13 20:37:15.543 +00:00 [WRN] Failed to determine the https port for redirect. (User: anonymous, Inst: none)
2025-12-13 20:37:30.882 +00:00 [INF] Querying InstitutionsModel service (User: anonymous, Inst: none)
2025-12-13 20:38:51.661 +00:00 [INF] Fetching AssetCategoriesModel by id "0c285c43-a68e-4f32-b3ac-119a8ffbcf1f" (User: anonymous, Inst: none)
2025-12-13 20:41:11.059 +00:00 [INF] Fetching AssetCategoriesModel by id "0c285c43-a68e-4f32-b3ac-119a8ffbcf1f" (User: anonymous, Inst: none)
2025-12-13 20:43:11.124 +00:00 [INF] Fetching AssetCategoriesModel by id "0c285c43-a68e-4f32-b3ac-119a8ffbcf1f" (User: anonymous, Inst: none)
2025-12-13 20:46:06.867 +00:00 [INF] Fetching AssetCategoriesModel by id "0c285c43-a68e-4f32-b3ac-119a8ffbcf1f" (User: anonymous, Inst: none)
2025-12-13 21:41:16.413 +00:00 [INF] Querying InstitutionsModel service (User: anonymous, Inst: none)
2025-12-13 21:55:52.866 +00:00 [INF] 💤 Application shutting down... (User: , Inst: )
2025-12-13 21:56:04.264 +00:00 [INF] 🚀 Starting AssetManagement API... (User: , Inst: )
2025-12-13 21:56:04.410 +00:00 [INF] Subscription background service started at "2025-12-13T21:56:04.4091671Z" (User: , Inst: )
2025-12-13 21:56:06.776 +00:00 [INF] Subscription & Maintenance Background Service started. (User: , Inst: )
2025-12-13 21:56:07.427 +00:00 [INF] Subscription check completed at "2025-12-13T21:56:07.4278451Z" (User: , Inst: )
2025-12-13 21:56:07.716 +00:00 [INF] Updated depreciation for asset Practical Wooden Bike: current value ¤4,260.71 (User: , Inst: )
2025-12-13 21:56:07.722 +00:00 [INF] Updated depreciation for asset Awesome Steel Pants: current value ¤2,539.76 (User: , Inst: )
2025-12-13 21:56:07.724 +00:00 [INF] Updated depreciation for asset Fantastic Plastic Ball: current value ¤3,501.17 (User: , Inst: )
2025-12-13 21:56:20.049 +00:00 [WRN] Failed to determine the https port for redirect. (User: anonymous, Inst: none)
2025-12-13 21:56:48.984 +00:00 [INF] Querying InstitutionsModel service (User: anonymous, Inst: none)
2025-12-13 21:57:05.344 +00:00 [INF] Querying InstitutionsModel service (User: anonymous, Inst: none)
2025-12-13 21:57:05.367 +00:00 [INF] Querying InstitutionsModel service (User: anonymous, Inst: none)
2025-12-13 21:57:13.752 +00:00 [INF] Querying InstitutionsModel service (User: anonymous, Inst: none)
2025-12-13 21:57:13.786 +00:00 [INF] Querying InstitutionsModel service (User: anonymous, Inst: none)
2025-12-13 21:57:14.071 +00:00 [INF] Querying AssetTypesModel service (User: anonymous, Inst: none)
2025-12-13 21:57:14.184 +00:00 [INF] Querying AssetTypesModel service (User: anonymous, Inst: none)
2025-12-13 21:59:42.145 +00:00 [INF] Querying InstitutionsModel service (User: anonymous, Inst: none)
2025-12-13 21:59:42.176 +00:00 [INF] Querying InstitutionsModel service (User: anonymous, Inst: none)
2025-12-13 22:00:21.454 +00:00 [INF] Querying InstitutionsModel service (User: anonymous, Inst: none)
2025-12-13 22:00:21.471 +00:00 [INF] Querying InstitutionsModel service (User: anonymous, Inst: none)
2025-12-13 22:00:34.016 +00:00 [INF] Querying InstitutionsModel service (User: anonymous, Inst: none)
2025-12-13 22:00:34.042 +00:00 [INF] Querying InstitutionsModel service (User: anonymous, Inst: none)
2025-12-13 22:13:29.354 +00:00 [INF] 💤 Application shutting down... (User: , Inst: )
2025-12-13 22:18:54.558 +00:00 [INF] 🚀 Starting AssetManagement API... (User: , Inst: )
2025-12-13 22:18:54.689 +00:00 [INF] Subscription background service started at "2025-12-13T22:18:54.6883995Z" (User: , Inst: )
2025-12-13 22:18:56.684 +00:00 [INF] Subscription & Maintenance Background Service started. (User: , Inst: )
2025-12-13 22:18:57.228 +00:00 [INF] Subscription check completed at "2025-12-13T22:18:57.2280942Z" (User: , Inst: )
2025-12-13 22:18:57.495 +00:00 [INF] Updated depreciation for asset Practical Wooden Bike: current value ¤4,260.71 (User: , Inst: )
2025-12-13 22:18:57.504 +00:00 [INF] Updated depreciation for asset Awesome Steel Pants: current value ¤2,539.76 (User: , Inst: )
2025-12-13 22:18:57.506 +00:00 [INF] Updated depreciation for asset Fantastic Plastic Ball: current value ¤3,501.17 (User: , Inst: )
2025-12-13 22:19:30.583 +00:00 [WRN] Failed to determine the https port for redirect. (User: anonymous, Inst: none)
2025-12-13 22:21:36.927 +00:00 [INF] 💤 Application shutting down... (User: , Inst: )
