2025-12-18 08:04:38.371 +00:00 [INF] 🚀 Starting AssetManagement API... (User: , Inst: )
2025-12-18 08:04:38.566 +00:00 [INF] Subscription background service started at "2025-12-18T08:04:38.5653546Z" (User: , Inst: )
2025-12-18 08:04:40.923 +00:00 [INF] Subscription & Maintenance Background Service started. (User: , Inst: )
2025-12-18 08:04:41.530 +00:00 [INF] Subscription check completed at "2025-12-18T08:04:41.5308910Z" (User: , Inst: )
2025-12-18 08:04:41.905 +00:00 [INF] Updated depreciation for asset Practical Wooden Bike: current value ¤4,260.71 (User: , Inst: )
2025-12-18 08:04:41.911 +00:00 [INF] Updated depreciation for asset 23423423: current value ¤7,870.00 (User: , Inst: )
2025-12-18 08:04:41.913 +00:00 [INF] Updated depreciation for asset Fantastic Plastic Ball: current value ¤3,501.17 (User: , Inst: )
2025-12-18 08:04:41.916 +00:00 [INF] Updated depreciation for asset Awesome Steel Pants --update: current value ¤2,539.76 (User: , Inst: )
2025-12-18 08:04:41.918 +00:00 [INF] Updated depreciation for asset Hello string Asset: current value ¤23,000.00 (User: , Inst: )
2025-12-18 08:04:41.958 +00:00 [INF] [Redis] Published message to channel: notifications (User: , Inst: )
2025-12-18 08:04:42.032 +00:00 [ERR] Error processing asset "019b262c-023b-71ce-a8e7-62041917edd1" (User: , Inst: )
System.ArgumentNullException: Value cannot be null. (Parameter 'address')
   at MimeKit.MailboxAddress..ctor(Encoding encoding, String name, String address)
   at MimeKit.MailboxAddress..ctor(String name, String address)
   at AssetManagement.API.DAL.Services.EmailService.EmailService.SendEmailAsync(String to, String subject, String htmlBody) in C:\Users\sammi\PROJECTS\PERSONAL\JET_BRAINS\FAST_TRACK_SERVICES\Assets_Management\FrontEnd_and_BackEnd\assetmanagement_backend\AssetManagement.API\DAL\Services\EmailService\EmailService.cs:line 12
   at AssetManagement.API.DAL.Services.NotificationService.NotificationService.SendMaintenanceDueAsync(AssetsModel assetsModel) in C:\Users\sammi\PROJECTS\PERSONAL\JET_BRAINS\FAST_TRACK_SERVICES\Assets_Management\FrontEnd_and_BackEnd\assetmanagement_backend\AssetManagement.API\DAL\Services\NotificationService\NotificationService.cs:line 92
   at AssetManagement.API.DAL.Services.BackgroundServices.SubscriptionMaintenanceService.HandleAssetMaintenance(IAssetRepository assetRepo, INotificationService notificationService, IDepreciationService depreciationService) in C:\Users\sammi\PROJECTS\PERSONAL\JET_BRAINS\FAST_TRACK_SERVICES\Assets_Management\FrontEnd_and_BackEnd\assetmanagement_backend\AssetManagement.API\DAL\Services\BackgroundServices\SubscriptionMaintenanceService.cs:line 79
2025-12-18 08:05:34.795 +00:00 [WRN] Failed to determine the https port for redirect. (User: anonymous, Inst: none)
2025-12-18 08:05:35.348 +00:00 [INF] Querying AssetTypesModel service (User: anonymous, Inst: none)
2025-12-18 08:05:35.348 +00:00 [INF] Querying InstitutionsModel service (User: anonymous, Inst: none)
2025-12-18 08:05:35.348 +00:00 [INF] Querying AssetCategoriesModel service (User: anonymous, Inst: none)
2025-12-18 08:31:42.186 +00:00 [INF] Querying InstitutionsModel service (User: anonymous, Inst: none)
2025-12-18 08:31:42.186 +00:00 [INF] Querying AssetCategoriesModel service (User: anonymous, Inst: none)
2025-12-18 08:31:42.186 +00:00 [INF] Querying AssetTypesModel service (User: anonymous, Inst: none)
2025-12-18 08:31:58.886 +00:00 [INF] Querying AssetCategoriesModel service (User: anonymous, Inst: none)
2025-12-18 08:31:58.886 +00:00 [INF] Querying AssetTypesModel service (User: anonymous, Inst: none)
2025-12-18 08:31:58.886 +00:00 [INF] Querying InstitutionsModel service (User: anonymous, Inst: none)
2025-12-18 08:33:51.705 +00:00 [INF] Querying AssetTypesModel service (User: anonymous, Inst: none)
2025-12-18 08:33:51.705 +00:00 [INF] Querying AssetCategoriesModel service (User: anonymous, Inst: none)
2025-12-18 08:33:51.706 +00:00 [INF] Querying InstitutionsModel service (User: anonymous, Inst: none)
2025-12-18 08:34:52.913 +00:00 [INF] Querying AssetTypesModel service (User: anonymous, Inst: none)
2025-12-18 08:35:12.664 +00:00 [INF] Querying AssetCategoriesModel service (User: anonymous, Inst: none)
2025-12-18 08:35:21.325 +00:00 [INF] Fetching AssetCategoriesModel by id "019abad9-fa85-7bf1-9d58-707a71109221" (User: anonymous, Inst: none)
2025-12-18 08:35:29.189 +00:00 [INF] Fetching AssetCategoriesModel by id "019abf11-a007-7468-8473-9353b213dd1b" (User: anonymous, Inst: none)
2025-12-18 08:35:31.739 +00:00 [INF] Fetching AssetCategoriesModel by id "019abf12-b33e-76b4-ae71-623bc70df633" (User: anonymous, Inst: none)
2025-12-18 08:35:34.825 +00:00 [INF] Fetching AssetCategoriesModel by id "019ade01-9dfc-73a6-98ab-b34897099238" (User: anonymous, Inst: none)
2025-12-18 08:35:37.757 +00:00 [INF] Fetching AssetCategoriesModel by id "019ade02-9104-797e-b04b-aed1683d368d" (User: anonymous, Inst: none)
2025-12-18 08:35:40.205 +00:00 [INF] Fetching AssetCategoriesModel by id "019ade02-9104-797e-b04b-aed1683d368d" (User: anonymous, Inst: none)
2025-12-18 08:35:42.810 +00:00 [INF] Fetching AssetCategoriesModel by id "019ade02-9104-797e-b04b-aed1683d368d" (User: anonymous, Inst: none)
2025-12-18 08:35:42.963 +00:00 [INF] Querying AssetTypesModel service (User: anonymous, Inst: none)
2025-12-18 08:35:42.978 +00:00 [INF] Querying InstitutionsModel service (User: anonymous, Inst: none)
2025-12-18 08:35:42.993 +00:00 [INF] Querying AssetTypesModel service (User: anonymous, Inst: none)
2025-12-18 08:35:43.020 +00:00 [INF] Querying InstitutionsModel service (User: anonymous, Inst: none)
2025-12-18 08:35:49.160 +00:00 [INF] AssetCategoriesModel updated in database. (User: anonymous, Inst: none)
2025-12-18 08:35:49.182 +00:00 [ERR] An unhandled exception has occurred while executing the request. (User: , Inst: )
AutoMapper.AutoMapperMappingException: Missing type map configuration or unsupported mapping.

Mapping types:
AssetCategoriesUpdateRequest -> AssetCategoriesModel
AssetManagement.Entities.DTOs.Requests.AssetCategoriesUpdateRequest -> AssetManagement.Entities.Models.AssetCategoriesModel
   at lambda_method971(Closure, AssetCategoriesUpdateRequest, AssetCategoriesModel, ResolutionContext)
   at AssetManagement.API.DAL.Services.AssetCategoryService.AssetCategoriesService.UpdateAsync(Guid id, AssetCategoriesUpdateRequest request) in C:\Users\sammi\PROJECTS\PERSONAL\JET_BRAINS\FAST_TRACK_SERVICES\Assets_Management\FrontEnd_and_BackEnd\assetmanagement_backend\AssetManagement.API\DAL\Services\AssetCategoryService\AssetCategoriesService.cs:line 58
   at AssetManagement.API.Controllers.BaseApiController`4.UpdateAsync(Guid id, TUpdateRequest request) in C:\Users\sammi\PROJECTS\PERSONAL\JET_BRAINS\FAST_TRACK_SERVICES\Assets_Management\FrontEnd_and_BackEnd\assetmanagement_backend\AssetManagement.API\Controllers\BaseApiController.cs:line 38
   at Microsoft.AspNetCore.Mvc.Infrastructure.ActionMethodExecutor.TaskOfIActionResultExecutor.Execute(ActionContext actionContext, IActionResultTypeMapper mapper, ObjectMethodExecutor executor, Object controller, Object[] arguments)
   at Microsoft.AspNetCore.Mvc.Infrastructure.ControllerActionInvoker.<InvokeActionMethodAsync>g__Logged|12_1(ControllerActionInvoker invoker)
   at Microsoft.AspNetCore.Mvc.Infrastructure.ControllerActionInvoker.<InvokeNextActionFilterAsync>g__Awaited|10_0(ControllerActionInvoker invoker, Task lastTask, State next, Scope scope, Object state, Boolean isCompleted)
   at Microsoft.AspNetCore.Mvc.Infrastructure.ControllerActionInvoker.Rethrow(ActionExecutedContextSealed context)
   at Microsoft.AspNetCore.Mvc.Infrastructure.ControllerActionInvoker.Next(State& next, Scope& scope, Object& state, Boolean& isCompleted)
   at Microsoft.AspNetCore.Mvc.Infrastructure.ControllerActionInvoker.<InvokeInnerFilterAsync>g__Awaited|13_0(ControllerActionInvoker invoker, Task lastTask, State next, Scope scope, Object state, Boolean isCompleted)
   at Microsoft.AspNetCore.Mvc.Infrastructure.ResourceInvoker.<InvokeFilterPipelineAsync>g__Awaited|20_0(ResourceInvoker invoker, Task lastTask, State next, Scope scope, Object state, Boolean isCompleted)
   at Microsoft.AspNetCore.Mvc.Infrastructure.ResourceInvoker.<InvokeAsync>g__Logged|17_1(ResourceInvoker invoker)
   at Microsoft.AspNetCore.Mvc.Infrastructure.ResourceInvoker.<InvokeAsync>g__Logged|17_1(ResourceInvoker invoker)
   at AssetManagement.API.Middleware.InstitutionContextMiddleware.InvokeAsync(HttpContext context) in C:\Users\sammi\PROJECTS\PERSONAL\JET_BRAINS\FAST_TRACK_SERVICES\Assets_Management\FrontEnd_and_BackEnd\assetmanagement_backend\AssetManagement.API\Middleware\InstitutionContextMiddleware.cs:line 17
   at Microsoft.AspNetCore.Authorization.AuthorizationMiddleware.Invoke(HttpContext context)
   at Microsoft.AspNetCore.Authentication.AuthenticationMiddleware.Invoke(HttpContext context)
   at Swashbuckle.AspNetCore.SwaggerUI.SwaggerUIMiddleware.Invoke(HttpContext httpContext)
   at Swashbuckle.AspNetCore.Swagger.SwaggerMiddleware.Invoke(HttpContext httpContext, ISwaggerProvider swaggerProvider)
   at AssetManagement.API.Middleware.LoggingContextMiddleware.InvokeAsync(HttpContext context) in C:\Users\sammi\PROJECTS\PERSONAL\JET_BRAINS\FAST_TRACK_SERVICES\Assets_Management\FrontEnd_and_BackEnd\assetmanagement_backend\AssetManagement.API\Middleware\LoggingContextMiddleware.cs:line 16
   at Microsoft.AspNetCore.Diagnostics.DeveloperExceptionPageMiddlewareImpl.Invoke(HttpContext context)
2025-12-18 08:36:36.475 +00:00 [INF] AssetCategoriesModel updated in database. (User: anonymous, Inst: none)
2025-12-18 08:36:36.479 +00:00 [ERR] An unhandled exception has occurred while executing the request. (User: , Inst: )
AutoMapper.AutoMapperMappingException: Missing type map configuration or unsupported mapping.

Mapping types:
AssetCategoriesUpdateRequest -> AssetCategoriesModel
AssetManagement.Entities.DTOs.Requests.AssetCategoriesUpdateRequest -> AssetManagement.Entities.Models.AssetCategoriesModel
   at lambda_method971(Closure, AssetCategoriesUpdateRequest, AssetCategoriesModel, ResolutionContext)
   at AssetManagement.API.DAL.Services.AssetCategoryService.AssetCategoriesService.UpdateAsync(Guid id, AssetCategoriesUpdateRequest request) in C:\Users\sammi\PROJECTS\PERSONAL\JET_BRAINS\FAST_TRACK_SERVICES\Assets_Management\FrontEnd_and_BackEnd\assetmanagement_backend\AssetManagement.API\DAL\Services\AssetCategoryService\AssetCategoriesService.cs:line 58
   at AssetManagement.API.Controllers.BaseApiController`4.UpdateAsync(Guid id, TUpdateRequest request) in C:\Users\sammi\PROJECTS\PERSONAL\JET_BRAINS\FAST_TRACK_SERVICES\Assets_Management\FrontEnd_and_BackEnd\assetmanagement_backend\AssetManagement.API\Controllers\BaseApiController.cs:line 38
   at Microsoft.AspNetCore.Mvc.Infrastructure.ActionMethodExecutor.TaskOfIActionResultExecutor.Execute(ActionContext actionContext, IActionResultTypeMapper mapper, ObjectMethodExecutor executor, Object controller, Object[] arguments)
   at Microsoft.AspNetCore.Mvc.Infrastructure.ControllerActionInvoker.<InvokeActionMethodAsync>g__Logged|12_1(ControllerActionInvoker invoker)
   at Microsoft.AspNetCore.Mvc.Infrastructure.ControllerActionInvoker.<InvokeNextActionFilterAsync>g__Awaited|10_0(ControllerActionInvoker invoker, Task lastTask, State next, Scope scope, Object state, Boolean isCompleted)
   at Microsoft.AspNetCore.Mvc.Infrastructure.ControllerActionInvoker.Rethrow(ActionExecutedContextSealed context)
   at Microsoft.AspNetCore.Mvc.Infrastructure.ControllerActionInvoker.Next(State& next, Scope& scope, Object& state, Boolean& isCompleted)
   at Microsoft.AspNetCore.Mvc.Infrastructure.ControllerActionInvoker.<InvokeInnerFilterAsync>g__Awaited|13_0(ControllerActionInvoker invoker, Task lastTask, State next, Scope scope, Object state, Boolean isCompleted)
   at Microsoft.AspNetCore.Mvc.Infrastructure.ResourceInvoker.<InvokeFilterPipelineAsync>g__Awaited|20_0(ResourceInvoker invoker, Task lastTask, State next, Scope scope, Object state, Boolean isCompleted)
   at Microsoft.AspNetCore.Mvc.Infrastructure.ResourceInvoker.<InvokeAsync>g__Logged|17_1(ResourceInvoker invoker)
   at Microsoft.AspNetCore.Mvc.Infrastructure.ResourceInvoker.<InvokeAsync>g__Logged|17_1(ResourceInvoker invoker)
   at AssetManagement.API.Middleware.InstitutionContextMiddleware.InvokeAsync(HttpContext context) in C:\Users\sammi\PROJECTS\PERSONAL\JET_BRAINS\FAST_TRACK_SERVICES\Assets_Management\FrontEnd_and_BackEnd\assetmanagement_backend\AssetManagement.API\Middleware\InstitutionContextMiddleware.cs:line 17
   at Microsoft.AspNetCore.Authorization.AuthorizationMiddleware.Invoke(HttpContext context)
   at Microsoft.AspNetCore.Authentication.AuthenticationMiddleware.Invoke(HttpContext context)
   at Swashbuckle.AspNetCore.SwaggerUI.SwaggerUIMiddleware.Invoke(HttpContext httpContext)
   at Swashbuckle.AspNetCore.Swagger.SwaggerMiddleware.Invoke(HttpContext httpContext, ISwaggerProvider swaggerProvider)
   at AssetManagement.API.Middleware.LoggingContextMiddleware.InvokeAsync(HttpContext context) in C:\Users\sammi\PROJECTS\PERSONAL\JET_BRAINS\FAST_TRACK_SERVICES\Assets_Management\FrontEnd_and_BackEnd\assetmanagement_backend\AssetManagement.API\Middleware\LoggingContextMiddleware.cs:line 16
   at Microsoft.AspNetCore.Diagnostics.DeveloperExceptionPageMiddlewareImpl.Invoke(HttpContext context)
2025-12-18 08:36:37.644 +00:00 [INF] AssetCategoriesModel updated in database. (User: anonymous, Inst: none)
2025-12-18 08:36:37.646 +00:00 [ERR] An unhandled exception has occurred while executing the request. (User: , Inst: )
AutoMapper.AutoMapperMappingException: Missing type map configuration or unsupported mapping.

Mapping types:
AssetCategoriesUpdateRequest -> AssetCategoriesModel
AssetManagement.Entities.DTOs.Requests.AssetCategoriesUpdateRequest -> AssetManagement.Entities.Models.AssetCategoriesModel
   at lambda_method971(Closure, AssetCategoriesUpdateRequest, AssetCategoriesModel, ResolutionContext)
   at AssetManagement.API.DAL.Services.AssetCategoryService.AssetCategoriesService.UpdateAsync(Guid id, AssetCategoriesUpdateRequest request) in C:\Users\sammi\PROJECTS\PERSONAL\JET_BRAINS\FAST_TRACK_SERVICES\Assets_Management\FrontEnd_and_BackEnd\assetmanagement_backend\AssetManagement.API\DAL\Services\AssetCategoryService\AssetCategoriesService.cs:line 58
   at AssetManagement.API.Controllers.BaseApiController`4.UpdateAsync(Guid id, TUpdateRequest request) in C:\Users\sammi\PROJECTS\PERSONAL\JET_BRAINS\FAST_TRACK_SERVICES\Assets_Management\FrontEnd_and_BackEnd\assetmanagement_backend\AssetManagement.API\Controllers\BaseApiController.cs:line 38
   at Microsoft.AspNetCore.Mvc.Infrastructure.ActionMethodExecutor.TaskOfIActionResultExecutor.Execute(ActionContext actionContext, IActionResultTypeMapper mapper, ObjectMethodExecutor executor, Object controller, Object[] arguments)
   at Microsoft.AspNetCore.Mvc.Infrastructure.ControllerActionInvoker.<InvokeActionMethodAsync>g__Logged|12_1(ControllerActionInvoker invoker)
   at Microsoft.AspNetCore.Mvc.Infrastructure.ControllerActionInvoker.<InvokeNextActionFilterAsync>g__Awaited|10_0(ControllerActionInvoker invoker, Task lastTask, State next, Scope scope, Object state, Boolean isCompleted)
   at Microsoft.AspNetCore.Mvc.Infrastructure.ControllerActionInvoker.Rethrow(ActionExecutedContextSealed context)
   at Microsoft.AspNetCore.Mvc.Infrastructure.ControllerActionInvoker.Next(State& next, Scope& scope, Object& state, Boolean& isCompleted)
   at Microsoft.AspNetCore.Mvc.Infrastructure.ControllerActionInvoker.<InvokeInnerFilterAsync>g__Awaited|13_0(ControllerActionInvoker invoker, Task lastTask, State next, Scope scope, Object state, Boolean isCompleted)
   at Microsoft.AspNetCore.Mvc.Infrastructure.ResourceInvoker.<InvokeFilterPipelineAsync>g__Awaited|20_0(ResourceInvoker invoker, Task lastTask, State next, Scope scope, Object state, Boolean isCompleted)
   at Microsoft.AspNetCore.Mvc.Infrastructure.ResourceInvoker.<InvokeAsync>g__Logged|17_1(ResourceInvoker invoker)
   at Microsoft.AspNetCore.Mvc.Infrastructure.ResourceInvoker.<InvokeAsync>g__Logged|17_1(ResourceInvoker invoker)
   at AssetManagement.API.Middleware.InstitutionContextMiddleware.InvokeAsync(HttpContext context) in C:\Users\sammi\PROJECTS\PERSONAL\JET_BRAINS\FAST_TRACK_SERVICES\Assets_Management\FrontEnd_and_BackEnd\assetmanagement_backend\AssetManagement.API\Middleware\InstitutionContextMiddleware.cs:line 17
   at Microsoft.AspNetCore.Authorization.AuthorizationMiddleware.Invoke(HttpContext context)
   at Microsoft.AspNetCore.Authentication.AuthenticationMiddleware.Invoke(HttpContext context)
   at Swashbuckle.AspNetCore.SwaggerUI.SwaggerUIMiddleware.Invoke(HttpContext httpContext)
   at Swashbuckle.AspNetCore.Swagger.SwaggerMiddleware.Invoke(HttpContext httpContext, ISwaggerProvider swaggerProvider)
   at AssetManagement.API.Middleware.LoggingContextMiddleware.InvokeAsync(HttpContext context) in C:\Users\sammi\PROJECTS\PERSONAL\JET_BRAINS\FAST_TRACK_SERVICES\Assets_Management\FrontEnd_and_BackEnd\assetmanagement_backend\AssetManagement.API\Middleware\LoggingContextMiddleware.cs:line 16
   at Microsoft.AspNetCore.Diagnostics.DeveloperExceptionPageMiddlewareImpl.Invoke(HttpContext context)
2025-12-18 08:36:49.397 +00:00 [INF] Fetching AssetCategoriesModel by id "019ade02-9104-797e-b04b-aed1683d368d" (User: anonymous, Inst: none)
2025-12-18 08:37:23.692 +00:00 [INF] 💤 Application shutting down... (User: , Inst: )
2025-12-18 08:37:38.970 +00:00 [INF] 🚀 Starting AssetManagement API... (User: , Inst: )
2025-12-18 08:37:39.183 +00:00 [INF] Subscription background service started at "2025-12-18T08:37:39.1820543Z" (User: , Inst: )
2025-12-18 08:37:42.040 +00:00 [INF] Subscription & Maintenance Background Service started. (User: , Inst: )
2025-12-18 08:37:42.912 +00:00 [INF] Subscription check completed at "2025-12-18T08:37:42.9123987Z" (User: , Inst: )
2025-12-18 08:37:43.192 +00:00 [INF] Updated depreciation for asset Practical Wooden Bike: current value ¤4,260.71 (User: , Inst: )
2025-12-18 08:37:43.198 +00:00 [INF] Updated depreciation for asset 23423423: current value ¤7,870.00 (User: , Inst: )
2025-12-18 08:37:43.200 +00:00 [INF] Updated depreciation for asset Fantastic Plastic Ball: current value ¤3,501.17 (User: , Inst: )
2025-12-18 08:37:43.202 +00:00 [INF] Updated depreciation for asset Awesome Steel Pants --update: current value ¤2,539.76 (User: , Inst: )
2025-12-18 08:37:43.205 +00:00 [INF] Updated depreciation for asset Hello string Asset: current value ¤23,000.00 (User: , Inst: )
2025-12-18 08:37:43.346 +00:00 [INF] [Redis] Published message to channel: notifications (User: , Inst: )
2025-12-18 08:37:43.954 +00:00 [ERR] Error processing asset "019b262c-023b-71ce-a8e7-62041917edd1" (User: , Inst: )
System.ArgumentNullException: Value cannot be null. (Parameter 'address')
   at MimeKit.MailboxAddress..ctor(Encoding encoding, String name, String address)
   at MimeKit.MailboxAddress..ctor(String name, String address)
   at AssetManagement.API.DAL.Services.EmailService.EmailService.SendEmailAsync(String to, String subject, String htmlBody) in C:\Users\sammi\PROJECTS\PERSONAL\JET_BRAINS\FAST_TRACK_SERVICES\Assets_Management\FrontEnd_and_BackEnd\assetmanagement_backend\AssetManagement.API\DAL\Services\EmailService\EmailService.cs:line 12
   at AssetManagement.API.DAL.Services.NotificationService.NotificationService.SendMaintenanceDueAsync(AssetsModel assetsModel) in C:\Users\sammi\PROJECTS\PERSONAL\JET_BRAINS\FAST_TRACK_SERVICES\Assets_Management\FrontEnd_and_BackEnd\assetmanagement_backend\AssetManagement.API\DAL\Services\NotificationService\NotificationService.cs:line 92
   at AssetManagement.API.DAL.Services.BackgroundServices.SubscriptionMaintenanceService.HandleAssetMaintenance(IAssetRepository assetRepo, INotificationService notificationService, IDepreciationService depreciationService) in C:\Users\sammi\PROJECTS\PERSONAL\JET_BRAINS\FAST_TRACK_SERVICES\Assets_Management\FrontEnd_and_BackEnd\assetmanagement_backend\AssetManagement.API\DAL\Services\BackgroundServices\SubscriptionMaintenanceService.cs:line 79
2025-12-18 08:40:02.482 +00:00 [INF] 🚀 Starting AssetManagement API... (User: , Inst: )
2025-12-18 08:40:02.714 +00:00 [INF] Subscription background service started at "2025-12-18T08:40:02.7129308Z" (User: , Inst: )
2025-12-18 08:40:05.119 +00:00 [INF] Subscription & Maintenance Background Service started. (User: , Inst: )
2025-12-18 08:40:05.905 +00:00 [INF] Subscription check completed at "2025-12-18T08:40:05.9053588Z" (User: , Inst: )
2025-12-18 08:40:06.196 +00:00 [INF] Updated depreciation for asset Practical Wooden Bike: current value ¤4,260.71 (User: , Inst: )
2025-12-18 08:40:06.202 +00:00 [INF] Updated depreciation for asset 23423423: current value ¤7,870.00 (User: , Inst: )
2025-12-18 08:40:06.204 +00:00 [INF] Updated depreciation for asset Fantastic Plastic Ball: current value ¤3,501.17 (User: , Inst: )
2025-12-18 08:40:06.206 +00:00 [INF] Updated depreciation for asset Awesome Steel Pants --update: current value ¤2,539.76 (User: , Inst: )
2025-12-18 08:40:06.208 +00:00 [INF] Updated depreciation for asset Hello string Asset: current value ¤23,000.00 (User: , Inst: )
2025-12-18 08:40:06.252 +00:00 [INF] [Redis] Published message to channel: notifications (User: , Inst: )
2025-12-18 08:40:06.570 +00:00 [ERR] Error processing asset "019b262c-023b-71ce-a8e7-62041917edd1" (User: , Inst: )
System.ArgumentNullException: Value cannot be null. (Parameter 'address')
   at MimeKit.MailboxAddress..ctor(Encoding encoding, String name, String address)
   at MimeKit.MailboxAddress..ctor(String name, String address)
   at AssetManagement.API.DAL.Services.EmailService.EmailService.SendEmailAsync(String to, String subject, String htmlBody) in C:\Users\sammi\PROJECTS\PERSONAL\JET_BRAINS\FAST_TRACK_SERVICES\Assets_Management\FrontEnd_and_BackEnd\assetmanagement_backend\AssetManagement.API\DAL\Services\EmailService\EmailService.cs:line 13
   at AssetManagement.API.DAL.Services.NotificationService.NotificationService.SendMaintenanceDueAsync(AssetsModel assetsModel) in C:\Users\sammi\PROJECTS\PERSONAL\JET_BRAINS\FAST_TRACK_SERVICES\Assets_Management\FrontEnd_and_BackEnd\assetmanagement_backend\AssetManagement.API\DAL\Services\NotificationService\NotificationService.cs:line 92
   at AssetManagement.API.DAL.Services.BackgroundServices.SubscriptionMaintenanceService.HandleAssetMaintenance(IAssetRepository assetRepo, INotificationService notificationService, IDepreciationService depreciationService) in C:\Users\sammi\PROJECTS\PERSONAL\JET_BRAINS\FAST_TRACK_SERVICES\Assets_Management\FrontEnd_and_BackEnd\assetmanagement_backend\AssetManagement.API\DAL\Services\BackgroundServices\SubscriptionMaintenanceService.cs:line 79
2025-12-18 08:59:22.699 +00:00 [WRN] Failed to determine the https port for redirect. (User: anonymous, Inst: none)
2025-12-18 08:59:30.516 +00:00 [INF] Querying AssetTypesModel service (User: anonymous, Inst: none)
2025-12-18 08:59:30.516 +00:00 [INF] Querying AssetCategoriesModel service (User: anonymous, Inst: none)
2025-12-18 08:59:30.516 +00:00 [INF] Querying InstitutionsModel service (User: anonymous, Inst: none)
2025-12-18 08:59:30.572 +00:00 [INF] Querying InstitutionsModel service (User: anonymous, Inst: none)
2025-12-18 08:59:30.584 +00:00 [INF] Querying AssetTypesModel service (User: anonymous, Inst: none)
2025-12-18 08:59:30.622 +00:00 [INF] Querying AssetCategoriesModel service (User: anonymous, Inst: none)
2025-12-18 09:01:39.225 +00:00 [INF] Querying AssetTypesModel service (User: anonymous, Inst: none)
2025-12-18 09:01:39.262 +00:00 [INF] Querying AssetCategoriesModel service (User: anonymous, Inst: none)
2025-12-18 09:01:39.263 +00:00 [INF] Querying InstitutionsModel service (User: anonymous, Inst: none)
2025-12-18 09:01:39.310 +00:00 [INF] Querying AssetTypesModel service (User: anonymous, Inst: none)
2025-12-18 09:01:39.391 +00:00 [INF] Querying AssetCategoriesModel service (User: anonymous, Inst: none)
2025-12-18 09:01:39.415 +00:00 [INF] Querying InstitutionsModel service (User: anonymous, Inst: none)
2025-12-18 09:02:06.238 +00:00 [INF] Querying AssetTypesModel service (User: anonymous, Inst: none)
2025-12-18 09:02:06.239 +00:00 [INF] Querying AssetCategoriesModel service (User: anonymous, Inst: none)
2025-12-18 09:02:06.255 +00:00 [INF] Querying InstitutionsModel service (User: anonymous, Inst: none)
2025-12-18 09:02:06.303 +00:00 [INF] Querying AssetTypesModel service (User: anonymous, Inst: none)
2025-12-18 09:02:06.320 +00:00 [INF] Querying AssetCategoriesModel service (User: anonymous, Inst: none)
2025-12-18 09:02:06.346 +00:00 [INF] Querying InstitutionsModel service (User: anonymous, Inst: none)
2025-12-18 09:02:31.343 +00:00 [INF] Querying AssetTypesModel service (User: anonymous, Inst: none)
2025-12-18 09:02:31.383 +00:00 [INF] Querying AssetCategoriesModel service (User: anonymous, Inst: none)
2025-12-18 09:02:31.416 +00:00 [INF] Querying InstitutionsModel service (User: anonymous, Inst: none)
2025-12-18 09:02:31.479 +00:00 [INF] Querying AssetTypesModel service (User: anonymous, Inst: none)
2025-12-18 09:02:31.521 +00:00 [INF] Querying AssetCategoriesModel service (User: anonymous, Inst: none)
2025-12-18 09:02:31.530 +00:00 [INF] Querying InstitutionsModel service (User: anonymous, Inst: none)
2025-12-18 09:02:55.643 +00:00 [INF] Querying AssetTypesModel service (User: anonymous, Inst: none)
2025-12-18 09:02:55.683 +00:00 [INF] Querying InstitutionsModel service (User: anonymous, Inst: none)
2025-12-18 09:02:55.684 +00:00 [INF] Querying AssetCategoriesModel service (User: anonymous, Inst: none)
2025-12-18 09:02:55.726 +00:00 [INF] Querying AssetTypesModel service (User: anonymous, Inst: none)
2025-12-18 09:02:55.750 +00:00 [INF] Querying InstitutionsModel service (User: anonymous, Inst: none)
2025-12-18 09:02:55.763 +00:00 [INF] Querying AssetCategoriesModel service (User: anonymous, Inst: none)
2025-12-18 09:03:32.596 +00:00 [INF] Querying AssetTypesModel service (User: anonymous, Inst: none)
2025-12-18 09:03:32.665 +00:00 [INF] Querying AssetCategoriesModel service (User: anonymous, Inst: none)
2025-12-18 09:03:32.815 +00:00 [INF] Querying InstitutionsModel service (User: anonymous, Inst: none)
2025-12-18 09:03:32.912 +00:00 [INF] Querying AssetTypesModel service (User: anonymous, Inst: none)
2025-12-18 09:03:32.951 +00:00 [INF] Querying AssetCategoriesModel service (User: anonymous, Inst: none)
2025-12-18 09:03:32.964 +00:00 [INF] Querying InstitutionsModel service (User: anonymous, Inst: none)
2025-12-18 09:03:56.572 +00:00 [INF] Querying AssetCategoriesModel service (User: anonymous, Inst: none)
2025-12-18 09:03:56.597 +00:00 [INF] Querying AssetTypesModel service (User: anonymous, Inst: none)
2025-12-18 09:03:56.609 +00:00 [INF] Querying InstitutionsModel service (User: anonymous, Inst: none)
2025-12-18 09:03:56.638 +00:00 [INF] Querying AssetCategoriesModel service (User: anonymous, Inst: none)
2025-12-18 09:03:56.659 +00:00 [INF] Querying AssetTypesModel service (User: anonymous, Inst: none)
2025-12-18 09:03:56.679 +00:00 [INF] Querying InstitutionsModel service (User: anonymous, Inst: none)
2025-12-18 09:04:09.298 +00:00 [INF] Querying AssetCategoriesModel service (User: anonymous, Inst: none)
2025-12-18 09:04:09.300 +00:00 [INF] Querying AssetTypesModel service (User: anonymous, Inst: none)
2025-12-18 09:04:09.332 +00:00 [INF] Querying InstitutionsModel service (User: anonymous, Inst: none)
2025-12-18 09:04:09.364 +00:00 [INF] Querying AssetTypesModel service (User: anonymous, Inst: none)
2025-12-18 09:04:09.374 +00:00 [INF] Querying AssetCategoriesModel service (User: anonymous, Inst: none)
2025-12-18 09:04:09.425 +00:00 [INF] Querying InstitutionsModel service (User: anonymous, Inst: none)
2025-12-18 09:18:04.428 +00:00 [INF] Querying AssetTypesModel service (User: anonymous, Inst: none)
2025-12-18 09:18:04.526 +00:00 [INF] Querying AssetCategoriesModel service (User: anonymous, Inst: none)
2025-12-18 09:18:04.583 +00:00 [INF] Querying InstitutionsModel service (User: anonymous, Inst: none)
2025-12-18 09:18:05.412 +00:00 [INF] Querying AssetTypesModel service (User: anonymous, Inst: none)
2025-12-18 09:18:05.420 +00:00 [INF] Querying AssetCategoriesModel service (User: anonymous, Inst: none)
2025-12-18 09:18:05.434 +00:00 [INF] Querying InstitutionsModel service (User: anonymous, Inst: none)
2025-12-18 09:22:53.613 +00:00 [INF] Querying AssetCategoriesModel service (User: anonymous, Inst: none)
2025-12-18 09:22:53.613 +00:00 [INF] Querying AssetTypesModel service (User: anonymous, Inst: none)
2025-12-18 09:22:53.676 +00:00 [INF] Querying InstitutionsModel service (User: anonymous, Inst: none)
2025-12-18 09:31:55.745 +00:00 [INF] Querying AssetCategoriesModel service (User: anonymous, Inst: none)
2025-12-18 09:31:55.833 +00:00 [INF] Querying AssetTypesModel service (User: anonymous, Inst: none)
2025-12-18 09:31:56.150 +00:00 [INF] Querying InstitutionsModel service (User: anonymous, Inst: none)
2025-12-18 09:32:30.876 +00:00 [INF] Querying AssetTypesModel service (User: anonymous, Inst: none)
2025-12-18 09:32:31.002 +00:00 [INF] Querying AssetCategoriesModel service (User: anonymous, Inst: none)
2025-12-18 09:32:31.002 +00:00 [INF] Querying InstitutionsModel service (User: anonymous, Inst: none)
2025-12-18 09:33:20.467 +00:00 [INF] Querying InstitutionsModel service (User: anonymous, Inst: none)
2025-12-18 09:33:20.467 +00:00 [INF] Querying AssetTypesModel service (User: anonymous, Inst: none)
2025-12-18 09:33:20.508 +00:00 [INF] Querying AssetCategoriesModel service (User: anonymous, Inst: none)
2025-12-18 09:54:31.171 +00:00 [INF] 🚀 Starting AssetManagement API... (User: , Inst: )
2025-12-18 09:54:31.434 +00:00 [INF] Subscription background service started at "2025-12-18T09:54:31.4329546Z" (User: , Inst: )
2025-12-18 09:54:35.164 +00:00 [INF] Subscription & Maintenance Background Service started. (User: , Inst: )
2025-12-18 09:54:35.926 +00:00 [INF] Subscription check completed at "2025-12-18T09:54:35.9268556Z" (User: , Inst: )
2025-12-18 09:54:36.235 +00:00 [INF] Updated depreciation for asset Fantastic Plastic Ball: current value ¤3,501.17 (User: , Inst: )
2025-12-18 09:54:36.242 +00:00 [INF] Updated depreciation for asset Practical Wooden Bike: current value ¤4,260.71 (User: , Inst: )
2025-12-18 09:54:36.247 +00:00 [INF] Updated depreciation for asset 23423423: current value ¤7,870.00 (User: , Inst: )
2025-12-18 09:54:36.252 +00:00 [INF] Updated depreciation for asset Awesome Steel Pants --update: current value ¤2,539.76 (User: , Inst: )
2025-12-18 09:54:36.255 +00:00 [INF] Updated depreciation for asset Hello string Asset: current value ¤23,000.00 (User: , Inst: )
2025-12-18 09:54:36.313 +00:00 [INF] [Redis] Published message to channel: notifications (User: , Inst: )
2025-12-18 09:54:36.408 +00:00 [ERR] Error processing asset "019b262c-023b-71ce-a8e7-62041917edd1" (User: , Inst: )
System.ArgumentNullException: Value cannot be null. (Parameter 'address')
   at MimeKit.MailboxAddress..ctor(Encoding encoding, String name, String address)
   at MimeKit.MailboxAddress..ctor(String name, String address)
   at AssetManagement.API.DAL.Services.EmailService.EmailService.SendEmailAsync(String to, String subject, String htmlBody) in C:\Users\sammi\PROJECTS\PERSONAL\JET_BRAINS\FAST_TRACK_SERVICES\Assets_Management\FrontEnd_and_BackEnd\assetmanagement_backend\AssetManagement.API\DAL\Services\EmailService\EmailService.cs:line 13
   at AssetManagement.API.DAL.Services.NotificationService.NotificationService.SendMaintenanceDueAsync(AssetsModel assetsModel) in C:\Users\sammi\PROJECTS\PERSONAL\JET_BRAINS\FAST_TRACK_SERVICES\Assets_Management\FrontEnd_and_BackEnd\assetmanagement_backend\AssetManagement.API\DAL\Services\NotificationService\NotificationService.cs:line 92
   at AssetManagement.API.DAL.Services.BackgroundServices.SubscriptionMaintenanceService.HandleAssetMaintenance(IAssetRepository assetRepo, INotificationService notificationService, IDepreciationService depreciationService) in C:\Users\sammi\PROJECTS\PERSONAL\JET_BRAINS\FAST_TRACK_SERVICES\Assets_Management\FrontEnd_and_BackEnd\assetmanagement_backend\AssetManagement.API\DAL\Services\BackgroundServices\SubscriptionMaintenanceService.cs:line 79
2025-12-18 10:25:22.431 +00:00 [WRN] Failed to determine the https port for redirect. (User: anonymous, Inst: none)
2025-12-18 10:25:24.258 +00:00 [INF] Querying AssetTypesModel service (User: anonymous, Inst: none)
2025-12-18 10:25:24.453 +00:00 [INF] Querying AssetCategoriesModel service (User: anonymous, Inst: none)
2025-12-18 10:25:24.453 +00:00 [INF] Querying InstitutionsModel service (User: anonymous, Inst: none)
2025-12-18 10:26:42.784 +00:00 [INF] Querying InstitutionsModel service (User: anonymous, Inst: none)
2025-12-18 10:26:59.048 +00:00 [INF] Querying AssetCategoriesModel service (User: anonymous, Inst: none)
2025-12-18 10:27:02.485 +00:00 [INF] Querying InstitutionsModel service (User: anonymous, Inst: none)
2025-12-18 10:27:02.509 +00:00 [INF] Querying AssetTypesModel service (User: anonymous, Inst: none)
2025-12-18 10:27:02.622 +00:00 [INF] Querying InstitutionsModel service (User: anonymous, Inst: none)
2025-12-18 10:27:02.632 +00:00 [INF] Querying AssetTypesModel service (User: anonymous, Inst: none)
2025-12-18 10:29:22.995 +00:00 [INF] Querying InstitutionsModel service (User: anonymous, Inst: none)
2025-12-18 10:29:23.010 +00:00 [INF] Querying AssetTypesModel service (User: anonymous, Inst: none)
2025-12-18 10:29:28.526 +00:00 [INF] Querying AssetCategoriesModel service (User: anonymous, Inst: none)
2025-12-18 10:29:32.529 +00:00 [INF] Fetching AssetCategoriesModel by id "019abad9-fa85-7bf1-9d58-707a71109221" (User: anonymous, Inst: none)
2025-12-18 10:29:34.894 +00:00 [INF] Fetching AssetCategoriesModel by id "019abad9-fa85-7bf1-9d58-707a71109221" (User: anonymous, Inst: none)
2025-12-18 10:29:35.018 +00:00 [INF] Querying AssetTypesModel service (User: anonymous, Inst: none)
2025-12-18 10:29:35.029 +00:00 [INF] Querying InstitutionsModel service (User: anonymous, Inst: none)
2025-12-18 10:29:35.041 +00:00 [INF] Querying AssetTypesModel service (User: anonymous, Inst: none)
2025-12-18 10:29:35.066 +00:00 [INF] Querying InstitutionsModel service (User: anonymous, Inst: none)
2025-12-18 10:31:24.399 +00:00 [INF] Querying InstitutionsModel service (User: anonymous, Inst: none)
2025-12-18 10:31:24.433 +00:00 [INF] Querying AssetTypesModel service (User: anonymous, Inst: none)
2025-12-18 10:31:30.680 +00:00 [INF] Querying AssetCategoriesModel service (User: anonymous, Inst: none)
2025-12-18 10:31:32.517 +00:00 [INF] Querying InstitutionsModel service (User: anonymous, Inst: none)
2025-12-18 10:31:32.531 +00:00 [INF] Querying AssetTypesModel service (User: anonymous, Inst: none)
2025-12-18 10:31:32.544 +00:00 [INF] Querying InstitutionsModel service (User: anonymous, Inst: none)
2025-12-18 10:31:32.557 +00:00 [INF] Querying AssetTypesModel service (User: anonymous, Inst: none)
2025-12-18 10:31:52.598 +00:00 [INF] Querying InstitutionsModel service (User: anonymous, Inst: none)
2025-12-18 10:31:52.626 +00:00 [INF] Querying InstitutionsModel service (User: anonymous, Inst: none)
2025-12-18 10:33:47.023 +00:00 [INF] Querying InstitutionsModel service (User: anonymous, Inst: none)
2025-12-18 10:34:00.266 +00:00 [INF] Querying InstitutionsModel service (User: anonymous, Inst: none)
2025-12-18 10:34:19.681 +00:00 [INF] Querying InstitutionsModel service (User: anonymous, Inst: none)
2025-12-18 10:34:19.700 +00:00 [INF] Querying InstitutionsModel service (User: anonymous, Inst: none)
2025-12-18 10:35:32.254 +00:00 [INF] Querying InstitutionsModel service (User: anonymous, Inst: none)
2025-12-18 10:39:56.424 +00:00 [INF] Querying InstitutionsModel service (User: anonymous, Inst: none)
2025-12-18 10:39:56.444 +00:00 [INF] Querying InstitutionsModel service (User: anonymous, Inst: none)
2025-12-18 10:43:21.300 +00:00 [INF] Querying AssetTypesModel service (User: anonymous, Inst: none)
2025-12-18 10:43:21.310 +00:00 [INF] Querying AssetCategoriesModel service (User: anonymous, Inst: none)
2025-12-18 10:43:21.322 +00:00 [INF] Querying InstitutionsModel service (User: anonymous, Inst: none)
2025-12-18 10:43:21.352 +00:00 [INF] Querying AssetTypesModel service (User: anonymous, Inst: none)
2025-12-18 10:43:21.366 +00:00 [INF] Querying AssetCategoriesModel service (User: anonymous, Inst: none)
2025-12-18 10:43:21.379 +00:00 [INF] Querying InstitutionsModel service (User: anonymous, Inst: none)
2025-12-18 10:51:48.457 +00:00 [INF] Querying AssetCategoriesModel service (User: anonymous, Inst: none)
2025-12-18 10:51:48.650 +00:00 [INF] Querying AssetTypesModel service (User: anonymous, Inst: none)
2025-12-18 10:51:48.651 +00:00 [INF] Querying InstitutionsModel service (User: anonymous, Inst: none)
2025-12-18 10:52:43.049 +00:00 [INF] Querying AssetCategoriesModel service (User: anonymous, Inst: none)
2025-12-18 10:52:43.244 +00:00 [INF] Querying AssetTypesModel service (User: anonymous, Inst: none)
2025-12-18 10:52:43.245 +00:00 [INF] Querying InstitutionsModel service (User: anonymous, Inst: none)
2025-12-18 10:54:03.289 +00:00 [INF] Querying AssetTypesModel service (User: anonymous, Inst: none)
2025-12-18 10:54:03.308 +00:00 [INF] Querying AssetCategoriesModel service (User: anonymous, Inst: none)
2025-12-18 10:54:03.358 +00:00 [INF] Querying InstitutionsModel service (User: anonymous, Inst: none)
2025-12-18 11:06:10.736 +00:00 [INF] Querying AssetTypesModel service (User: anonymous, Inst: none)
2025-12-18 11:06:10.770 +00:00 [INF] Querying InstitutionsModel service (User: anonymous, Inst: none)
2025-12-18 11:06:10.770 +00:00 [INF] Querying AssetCategoriesModel service (User: anonymous, Inst: none)
2025-12-18 12:03:20.543 +00:00 [INF] Querying AssetCategoriesModel service (User: anonymous, Inst: none)
2025-12-18 12:03:20.543 +00:00 [INF] Querying AssetTypesModel service (User: anonymous, Inst: none)
2025-12-18 12:03:20.545 +00:00 [INF] Querying InstitutionsModel service (User: anonymous, Inst: none)
2025-12-18 12:06:16.244 +00:00 [INF] Querying AssetCategoriesModel service (User: anonymous, Inst: none)
2025-12-18 12:06:16.244 +00:00 [INF] Querying AssetTypesModel service (User: anonymous, Inst: none)
2025-12-18 12:06:16.245 +00:00 [INF] Querying InstitutionsModel service (User: anonymous, Inst: none)
2025-12-18 15:00:15.734 +00:00 [INF] 🚀 Starting AssetManagement API... (User: , Inst: )
2025-12-18 15:00:15.934 +00:00 [INF] Subscription background service started at "2025-12-18T15:00:15.9334683Z" (User: , Inst: )
2025-12-18 15:00:18.976 +00:00 [INF] Subscription & Maintenance Background Service started. (User: , Inst: )
2025-12-18 15:00:19.848 +00:00 [INF] Subscription check completed at "2025-12-18T15:00:19.8480796Z" (User: , Inst: )
2025-12-18 15:00:20.177 +00:00 [INF] Updated depreciation for asset Fantastic Plastic Ball: current value ¤3,501.17 (User: , Inst: )
2025-12-18 15:00:20.187 +00:00 [INF] Updated depreciation for asset Practical Wooden Bike: current value ¤4,260.71 (User: , Inst: )
2025-12-18 15:00:20.191 +00:00 [INF] Updated depreciation for asset 23423423: current value ¤7,870.00 (User: , Inst: )
2025-12-18 15:00:20.195 +00:00 [INF] Updated depreciation for asset Awesome Steel Pants --update: current value ¤2,539.76 (User: , Inst: )
2025-12-18 15:00:20.199 +00:00 [INF] Updated depreciation for asset Hello string Asset: current value ¤23,000.00 (User: , Inst: )
2025-12-18 15:00:20.273 +00:00 [INF] [Redis] Published message to channel: notifications (User: , Inst: )
2025-12-18 15:00:20.393 +00:00 [ERR] Error processing asset "019b262c-023b-71ce-a8e7-62041917edd1" (User: , Inst: )
System.ArgumentNullException: Value cannot be null. (Parameter 'address')
   at MimeKit.MailboxAddress..ctor(Encoding encoding, String name, String address)
   at MimeKit.MailboxAddress..ctor(String name, String address)
   at AssetManagement.API.DAL.Services.EmailService.EmailService.SendEmailAsync(String to, String subject, String htmlBody) in C:\Users\sammi\PROJECTS\PERSONAL\JET_BRAINS\FAST_TRACK_SERVICES\Assets_Management\FrontEnd_and_BackEnd\assetmanagement_backend\AssetManagement.API\DAL\Services\EmailService\EmailService.cs:line 13
   at AssetManagement.API.DAL.Services.NotificationService.NotificationService.SendMaintenanceDueAsync(AssetsModel assetsModel) in C:\Users\sammi\PROJECTS\PERSONAL\JET_BRAINS\FAST_TRACK_SERVICES\Assets_Management\FrontEnd_and_BackEnd\assetmanagement_backend\AssetManagement.API\DAL\Services\NotificationService\NotificationService.cs:line 92
   at AssetManagement.API.DAL.Services.BackgroundServices.SubscriptionMaintenanceService.HandleAssetMaintenance(IAssetRepository assetRepo, INotificationService notificationService, IDepreciationService depreciationService) in C:\Users\sammi\PROJECTS\PERSONAL\JET_BRAINS\FAST_TRACK_SERVICES\Assets_Management\FrontEnd_and_BackEnd\assetmanagement_backend\AssetManagement.API\DAL\Services\BackgroundServices\SubscriptionMaintenanceService.cs:line 79
2025-12-18 15:01:30.996 +00:00 [WRN] Failed to determine the https port for redirect. (User: anonymous, Inst: none)
2025-12-18 15:01:33.088 +00:00 [INF] Querying InstitutionsModel service (User: anonymous, Inst: none)
2025-12-18 15:01:33.088 +00:00 [INF] Querying AssetCategoriesModel service (User: anonymous, Inst: none)
2025-12-18 15:01:33.088 +00:00 [INF] Querying AssetTypesModel service (User: anonymous, Inst: none)
2025-12-18 15:27:31.401 +00:00 [INF] Querying AssetTypesModel service (User: anonymous, Inst: none)
2025-12-18 15:27:31.440 +00:00 [INF] Querying AssetCategoriesModel service (User: anonymous, Inst: none)
2025-12-18 15:27:31.440 +00:00 [INF] Querying InstitutionsModel service (User: anonymous, Inst: none)
2025-12-18 15:33:47.645 +00:00 [INF] Querying AssetCategoriesModel service (User: anonymous, Inst: none)
2025-12-18 15:33:47.658 +00:00 [INF] Querying AssetTypesModel service (User: anonymous, Inst: none)
2025-12-18 15:33:47.668 +00:00 [INF] Querying InstitutionsModel service (User: anonymous, Inst: none)
2025-12-18 15:40:36.888 +00:00 [INF] Querying AssetTypesModel service (User: anonymous, Inst: none)
2025-12-18 15:40:36.889 +00:00 [INF] Querying AssetCategoriesModel service (User: anonymous, Inst: none)
2025-12-18 15:40:36.933 +00:00 [INF] Querying InstitutionsModel service (User: anonymous, Inst: none)
2025-12-18 15:44:26.912 +00:00 [INF] Querying AssetCategoriesModel service (User: anonymous, Inst: none)
2025-12-18 15:44:26.921 +00:00 [INF] Querying AssetTypesModel service (User: anonymous, Inst: none)
2025-12-18 15:44:26.967 +00:00 [INF] Querying InstitutionsModel service (User: anonymous, Inst: none)
2025-12-18 15:53:52.631 +00:00 [INF] Querying AssetTypesModel service (User: anonymous, Inst: none)
2025-12-18 15:53:52.662 +00:00 [INF] Querying InstitutionsModel service (User: anonymous, Inst: none)
2025-12-18 15:53:52.662 +00:00 [INF] Querying AssetCategoriesModel service (User: anonymous, Inst: none)
2025-12-18 15:56:22.707 +00:00 [INF] Querying AssetTypesModel service (User: anonymous, Inst: none)
2025-12-18 15:56:22.709 +00:00 [INF] Querying AssetCategoriesModel service (User: anonymous, Inst: none)
2025-12-18 15:56:22.728 +00:00 [INF] Querying InstitutionsModel service (User: anonymous, Inst: none)
2025-12-18 15:56:23.366 +00:00 [INF] Querying AssetTypesModel service (User: anonymous, Inst: none)
2025-12-18 15:56:23.376 +00:00 [INF] Querying AssetCategoriesModel service (User: anonymous, Inst: none)
2025-12-18 15:56:23.396 +00:00 [INF] Querying InstitutionsModel service (User: anonymous, Inst: none)
2025-12-18 16:00:34.528 +00:00 [INF] Querying AssetTypesModel service (User: anonymous, Inst: none)
2025-12-18 16:00:34.528 +00:00 [INF] Querying AssetCategoriesModel service (User: anonymous, Inst: none)
2025-12-18 16:00:34.529 +00:00 [INF] Querying InstitutionsModel service (User: anonymous, Inst: none)
2025-12-18 16:02:02.143 +00:00 [INF] Querying InstitutionsModel service (User: anonymous, Inst: none)
2025-12-18 16:02:02.145 +00:00 [INF] Querying AssetTypesModel service (User: anonymous, Inst: none)
2025-12-18 16:02:02.145 +00:00 [INF] Querying AssetCategoriesModel service (User: anonymous, Inst: none)
2025-12-18 16:06:26.487 +00:00 [INF] Querying AssetTypesModel service (User: anonymous, Inst: none)
2025-12-18 16:06:26.487 +00:00 [INF] Querying AssetCategoriesModel service (User: anonymous, Inst: none)
2025-12-18 16:06:26.488 +00:00 [INF] Querying InstitutionsModel service (User: anonymous, Inst: none)
2025-12-18 16:08:59.572 +00:00 [INF] Querying AssetTypesModel service (User: anonymous, Inst: none)
2025-12-18 16:08:59.578 +00:00 [INF] Querying InstitutionsModel service (User: anonymous, Inst: none)
2025-12-18 16:08:59.579 +00:00 [INF] Querying AssetCategoriesModel service (User: anonymous, Inst: none)
2025-12-18 16:09:38.221 +00:00 [INF] Querying AssetTypesModel service (User: anonymous, Inst: none)
2025-12-18 16:09:38.221 +00:00 [INF] Querying AssetCategoriesModel service (User: anonymous, Inst: none)
2025-12-18 16:09:38.221 +00:00 [INF] Querying InstitutionsModel service (User: anonymous, Inst: none)
2025-12-18 16:12:52.033 +00:00 [INF] Querying AssetTypesModel service (User: anonymous, Inst: none)
2025-12-18 16:12:52.044 +00:00 [INF] Querying AssetCategoriesModel service (User: anonymous, Inst: none)
2025-12-18 16:12:52.050 +00:00 [INF] Querying InstitutionsModel service (User: anonymous, Inst: none)
2025-12-18 16:15:22.813 +00:00 [INF] Querying AssetTypesModel service (User: anonymous, Inst: none)
2025-12-18 16:15:22.814 +00:00 [INF] Querying AssetCategoriesModel service (User: anonymous, Inst: none)
2025-12-18 16:15:22.814 +00:00 [INF] Querying InstitutionsModel service (User: anonymous, Inst: none)
2025-12-18 16:15:29.171 +00:00 [INF] Querying AssetTypesModel service (User: anonymous, Inst: none)
2025-12-18 16:15:29.203 +00:00 [INF] Querying AssetCategoriesModel service (User: anonymous, Inst: none)
2025-12-18 16:15:29.204 +00:00 [INF] Querying InstitutionsModel service (User: anonymous, Inst: none)
2025-12-18 17:30:35.949 +00:00 [INF] 🚀 Starting AssetManagement API... (User: , Inst: )
2025-12-18 17:30:36.142 +00:00 [INF] Subscription background service started at "2025-12-18T17:30:36.1418068Z" (User: , Inst: )
2025-12-18 17:30:38.229 +00:00 [INF] Subscription & Maintenance Background Service started. (User: , Inst: )
2025-12-18 17:30:38.966 +00:00 [INF] Subscription check completed at "2025-12-18T17:30:38.9668558Z" (User: , Inst: )
2025-12-18 17:30:39.290 +00:00 [INF] Updated depreciation for asset Fantastic Plastic Ball: current value ¤3,501.17 (User: , Inst: )
2025-12-18 17:30:39.295 +00:00 [INF] Updated depreciation for asset Practical Wooden Bike: current value ¤4,260.71 (User: , Inst: )
2025-12-18 17:30:39.298 +00:00 [INF] Updated depreciation for asset 23423423: current value ¤7,870.00 (User: , Inst: )
2025-12-18 17:30:39.300 +00:00 [INF] Updated depreciation for asset Awesome Steel Pants --update: current value ¤2,539.76 (User: , Inst: )
2025-12-18 17:30:39.303 +00:00 [INF] Updated depreciation for asset Hello string Asset: current value ¤23,000.00 (User: , Inst: )
2025-12-18 17:30:39.345 +00:00 [INF] [Redis] Published message to channel: notifications (User: , Inst: )
2025-12-18 17:30:39.431 +00:00 [ERR] Error processing asset "019b262c-023b-71ce-a8e7-62041917edd1" (User: , Inst: )
System.ArgumentNullException: Value cannot be null. (Parameter 'address')
   at MimeKit.MailboxAddress..ctor(Encoding encoding, String name, String address)
   at MimeKit.MailboxAddress..ctor(String name, String address)
   at AssetManagement.API.DAL.Services.EmailService.EmailService.SendEmailAsync(String to, String subject, String htmlBody) in C:\Users\sammi\PROJECTS\PERSONAL\JET_BRAINS\FAST_TRACK_SERVICES\Assets_Management\FrontEnd_and_BackEnd\assetmanagement_backend\AssetManagement.API\DAL\Services\EmailService\EmailService.cs:line 13
   at AssetManagement.API.DAL.Services.NotificationService.NotificationService.SendMaintenanceDueAsync(AssetsModel assetsModel) in C:\Users\sammi\PROJECTS\PERSONAL\JET_BRAINS\FAST_TRACK_SERVICES\Assets_Management\FrontEnd_and_BackEnd\assetmanagement_backend\AssetManagement.API\DAL\Services\NotificationService\NotificationService.cs:line 92
   at AssetManagement.API.DAL.Services.BackgroundServices.SubscriptionMaintenanceService.HandleAssetMaintenance(IAssetRepository assetRepo, INotificationService notificationService, IDepreciationService depreciationService) in C:\Users\sammi\PROJECTS\PERSONAL\JET_BRAINS\FAST_TRACK_SERVICES\Assets_Management\FrontEnd_and_BackEnd\assetmanagement_backend\AssetManagement.API\DAL\Services\BackgroundServices\SubscriptionMaintenanceService.cs:line 79
2025-12-18 17:31:09.940 +00:00 [WRN] Failed to determine the https port for redirect. (User: anonymous, Inst: none)
2025-12-18 17:31:12.262 +00:00 [INF] Querying InstitutionsModel service (User: anonymous, Inst: none)
2025-12-18 17:31:12.262 +00:00 [INF] Querying AssetTypesModel service (User: anonymous, Inst: none)
2025-12-18 17:31:12.262 +00:00 [INF] Querying AssetCategoriesModel service (User: anonymous, Inst: none)
2025-12-18 17:54:47.348 +00:00 [INF] Querying AssetCategoriesModel service (User: anonymous, Inst: none)
2025-12-18 17:54:47.389 +00:00 [INF] Querying AssetTypesModel service (User: anonymous, Inst: none)
2025-12-18 17:54:47.390 +00:00 [INF] Querying InstitutionsModel service (User: anonymous, Inst: none)
2025-12-18 18:13:50.449 +00:00 [INF] Querying AssetTypesModel service (User: anonymous, Inst: none)
2025-12-18 18:13:50.449 +00:00 [INF] Querying AssetCategoriesModel service (User: anonymous, Inst: none)
2025-12-18 18:13:50.464 +00:00 [INF] Querying InstitutionsModel service (User: anonymous, Inst: none)
2025-12-18 18:13:51.564 +00:00 [INF] Querying AssetCategoriesModel service (User: anonymous, Inst: none)
2025-12-18 18:13:51.577 +00:00 [INF] Querying AssetTypesModel service (User: anonymous, Inst: none)
2025-12-18 18:13:51.592 +00:00 [INF] Querying InstitutionsModel service (User: anonymous, Inst: none)
2025-12-18 18:14:24.468 +00:00 [INF] Querying AssetTypesModel service (User: anonymous, Inst: none)
2025-12-18 18:14:24.519 +00:00 [INF] Querying InstitutionsModel service (User: anonymous, Inst: none)
2025-12-18 18:14:24.519 +00:00 [INF] Querying AssetCategoriesModel service (User: anonymous, Inst: none)
2025-12-18 18:14:31.506 +00:00 [INF] Querying AssetTypesModel service (User: anonymous, Inst: none)
2025-12-18 18:14:31.547 +00:00 [INF] Querying AssetCategoriesModel service (User: anonymous, Inst: none)
2025-12-18 18:14:31.547 +00:00 [INF] Querying InstitutionsModel service (User: anonymous, Inst: none)
2025-12-18 18:20:58.775 +00:00 [INF] Querying AssetCategoriesModel service (User: anonymous, Inst: none)
2025-12-18 18:20:58.814 +00:00 [INF] Querying AssetTypesModel service (User: anonymous, Inst: none)
2025-12-18 18:20:58.832 +00:00 [INF] Querying InstitutionsModel service (User: anonymous, Inst: none)
2025-12-18 19:19:17.044 +00:00 [INF] Querying AssetTypesModel service (User: anonymous, Inst: none)
2025-12-18 19:19:17.092 +00:00 [INF] Querying AssetCategoriesModel service (User: anonymous, Inst: none)
2025-12-18 19:19:17.094 +00:00 [INF] Querying InstitutionsModel service (User: anonymous, Inst: none)
