2025-12-20 00:02:04.628 +00:00 [INF] Fetching AssetTypesModel by id "79cf8062-b27c-41c6-836f-f87901298ad9" (User: anonymous, Inst: none)
2025-12-20 00:02:09.860 +00:00 [INF] Querying AssetTypesModel service (User: anonymous, Inst: none)
2025-12-20 00:02:11.693 +00:00 [INF] Fetching AssetTypesModel by id "79cf8062-b27c-41c6-836f-f87901298ad9" (User: anonymous, Inst: none)
2025-12-20 00:18:19.686 +00:00 [INF] Querying AssetTypesModel service (User: anonymous, Inst: none)
2025-12-20 00:24:08.539 +00:00 [INF] Fetching AssetTypesModel by id "79cf8062-b27c-41c6-836f-f87901298ad9" (User: anonymous, Inst: none)
2025-12-20 00:24:36.924 +00:00 [INF] Fetching AssetTypesModel by id "79cf8062-b27c-41c6-836f-f87901298ad9" (User: anonymous, Inst: none)
2025-12-20 00:27:56.346 +00:00 [INF] Fetching AssetTypesModel by id "79cf8062-b27c-41c6-836f-f87901298ad9" (User: anonymous, Inst: none)
2025-12-20 00:28:01.679 +00:00 [INF] Querying AssetTypesModel service (User: anonymous, Inst: none)
2025-12-20 00:28:06.001 +00:00 [INF] Fetching AssetTypesModel by id "79cf8062-b27c-41c6-836f-f87901298ad9" (User: anonymous, Inst: none)
2025-12-20 00:37:10.595 +00:00 [INF] Fetching AssetTypesModel by id "79cf8062-b27c-41c6-836f-f87901298ad9" (User: anonymous, Inst: none)
2025-12-20 00:38:06.532 +00:00 [INF] Querying AssetTypesModel service (User: anonymous, Inst: none)
2025-12-20 00:38:17.356 +00:00 [INF] Fetching AssetTypesModel by id "79cf8062-b27c-41c6-836f-f87901298ad9" (User: anonymous, Inst: none)
2025-12-20 00:38:22.913 +00:00 [INF] Querying AssetTypesModel service (User: anonymous, Inst: none)
2025-12-20 00:39:46.912 +00:00 [INF] Fetching AssetTypesModel by id "79cf8062-b27c-41c6-836f-f87901298ad9" (User: anonymous, Inst: none)
2025-12-20 00:40:00.142 +00:00 [INF] Fetching AssetTypesModel by id "79cf8062-b27c-41c6-836f-f87901298ad9" (User: anonymous, Inst: none)
2025-12-20 00:40:15.322 +00:00 [INF] Fetching AssetTypesModel by id "79cf8062-b27c-41c6-836f-f87901298ad9" (User: anonymous, Inst: none)
2025-12-20 00:41:16.639 +00:00 [INF] Querying AssetTypesModel service (User: anonymous, Inst: none)
2025-12-20 00:41:26.200 +00:00 [INF] Fetching AssetTypesModel by id "79cf8062-b27c-41c6-836f-f87901298ad9" (User: anonymous, Inst: none)
2025-12-20 00:44:11.482 +00:00 [INF] Fetching AssetTypesModel by id "79cf8062-b27c-41c6-836f-f87901298ad9" (User: anonymous, Inst: none)
2025-12-20 00:50:14.967 +00:00 [INF] Querying AssetTypesModel service (User: anonymous, Inst: none)
2025-12-20 00:50:54.359 +00:00 [INF] AssetTypesModel updated in database. (User: anonymous, Inst: none)
2025-12-20 00:50:54.462 +00:00 [INF] Querying AssetTypesModel service (User: anonymous, Inst: none)
2025-12-20 01:00:03.179 +00:00 [INF] Querying AssetTypesModel service (User: anonymous, Inst: none)
2025-12-20 01:00:03.555 +00:00 [INF] Querying AssetTypesModel service (User: anonymous, Inst: none)
2025-12-20 01:00:20.726 +00:00 [INF] Querying AssetTypesModel service (User: anonymous, Inst: none)
2025-12-20 01:00:20.962 +00:00 [INF] Querying AssetTypesModel service (User: anonymous, Inst: none)
2025-12-20 01:01:24.370 +00:00 [INF] Querying AssetTypesModel service (User: anonymous, Inst: none)
2025-12-20 01:01:24.597 +00:00 [INF] Querying AssetTypesModel service (User: anonymous, Inst: none)
2025-12-20 01:07:05.002 +00:00 [INF] Querying AssetTypesModel service (User: anonymous, Inst: none)
2025-12-20 01:13:06.600 +00:00 [INF] Querying AssetTypesModel service (User: anonymous, Inst: none)
2025-12-20 01:14:21.434 +00:00 [INF] Querying AssetTypesModel service (User: anonymous, Inst: none)
2025-12-20 01:14:27.925 +00:00 [INF] Querying AssetTypesModel service (User: anonymous, Inst: none)
2025-12-20 01:14:40.545 +00:00 [INF] Querying InstitutionsModel service (User: anonymous, Inst: none)
2025-12-20 01:14:40.561 +00:00 [INF] Querying InstitutionsModel service (User: anonymous, Inst: none)
2025-12-20 01:14:54.379 +00:00 [INF] Querying InstitutionsModel service (User: anonymous, Inst: none)
2025-12-20 01:14:55.910 +00:00 [INF] Fetching InstitutionsModel by id "019aeb9c-b05d-7d7d-9037-ca5511af834d" (User: anonymous, Inst: none)
2025-12-20 01:15:00.977 +00:00 [INF] Fetching InstitutionsModel by id "019aeb9c-b05d-7d7d-9037-ca5511af834d" (User: anonymous, Inst: none)
2025-12-20 01:15:04.098 +00:00 [INF] Fetching InstitutionsModel by id "019aeb9c-b05d-7d7d-9037-ca5511af834d" (User: anonymous, Inst: none)
2025-12-20 01:15:05.949 +00:00 [INF] Querying InstitutionsModel service (User: anonymous, Inst: none)
2025-12-20 01:15:09.011 +00:00 [INF] Fetching InstitutionsModel by id "019b38b0-a79b-73b9-a5ac-6d5d4b6767f3" (User: anonymous, Inst: none)
2025-12-20 01:15:44.987 +00:00 [INF] Querying InstitutionsModel service (User: anonymous, Inst: none)
2025-12-20 01:15:52.632 +00:00 [INF] Fetching InstitutionsModel by id "019afa6a-2206-70d4-8726-a789aa81163c" (User: anonymous, Inst: none)
2025-12-20 01:15:58.949 +00:00 [INF] Fetching InstitutionsModel by id "019b38b0-a79b-73b9-a5ac-6d5d4b6767f3" (User: anonymous, Inst: none)
2025-12-20 01:16:20.498 +00:00 [INF] Querying AssetTypesModel service (User: anonymous, Inst: none)
2025-12-20 01:18:29.956 +00:00 [INF] Querying InstitutionsModel service (User: anonymous, Inst: none)
2025-12-20 01:18:33.101 +00:00 [INF] Fetching InstitutionsModel by id "019b38b0-a79b-73b9-a5ac-6d5d4b6767f3" (User: anonymous, Inst: none)
2025-12-20 01:18:44.606 +00:00 [INF] Querying AssetTypesModel service (User: anonymous, Inst: none)
2025-12-20 01:18:46.867 +00:00 [INF] Querying InstitutionsModel service (User: anonymous, Inst: none)
2025-12-20 01:18:47.246 +00:00 [INF] Fetching InstitutionsModel by id "019b38b0-a79b-73b9-a5ac-6d5d4b6767f3" (User: anonymous, Inst: none)
2025-12-20 01:18:47.404 +00:00 [INF] Querying InstitutionsModel service (User: anonymous, Inst: none)
2025-12-20 01:18:48.411 +00:00 [INF] Fetching InstitutionsModel by id "019aeb9c-b05d-7d7d-9037-ca5511af834d" (User: anonymous, Inst: none)
2025-12-20 01:18:49.575 +00:00 [INF] Querying InstitutionsModel service (User: anonymous, Inst: none)
2025-12-20 01:18:50.516 +00:00 [INF] Querying AssetTypesModel service (User: anonymous, Inst: none)
2025-12-20 01:18:50.753 +00:00 [INF] Fetching AssetTypesModel by id "79cf8062-b27c-41c6-836f-f87901298ad9" (User: anonymous, Inst: none)
2025-12-20 01:18:53.292 +00:00 [INF] Fetching AssetTypesModel by id "b3da7b21-8f36-462e-a4fa-d62e04547713" (User: anonymous, Inst: none)
2025-12-20 01:18:54.170 +00:00 [INF] Fetching AssetTypesModel by id "019b36ea-9a19-78d3-a259-7591106fd957" (User: anonymous, Inst: none)
2025-12-20 01:18:54.566 +00:00 [INF] Fetching AssetTypesModel by id "79a8eb98-fd72-4fb6-bbbb-956d25b51fa8" (User: anonymous, Inst: none)
2025-12-20 01:18:54.841 +00:00 [INF] Fetching AssetTypesModel by id "79a8eb98-fd72-4fb6-bbbb-956d25b51fa8" (User: anonymous, Inst: none)
2025-12-20 01:19:06.197 +00:00 [INF] Fetching AssetTypesModel by id "79a8eb98-fd72-4fb6-bbbb-956d25b51fa8" (User: anonymous, Inst: none)
2025-12-20 01:19:07.752 +00:00 [INF] Querying AssetTypesModel service (User: anonymous, Inst: none)
2025-12-20 20:09:50.318 +00:00 [INF] 🚀 Starting AssetManagement API... (User: , Inst: )
2025-12-20 20:09:50.571 +00:00 [INF] Subscription background service started at "2025-12-20T20:09:50.5702964Z" (User: , Inst: )
2025-12-20 20:09:52.750 +00:00 [INF] Subscription & Maintenance Background Service started. (User: , Inst: )
2025-12-20 20:09:53.388 +00:00 [INF] Subscription check completed at "2025-12-20T20:09:53.3888775Z" (User: , Inst: )
2025-12-20 20:09:53.660 +00:00 [INF] Updated depreciation for asset Awesome Steel Pants --update: current value ¤2,539.76 (User: , Inst: )
2025-12-20 20:09:53.665 +00:00 [INF] Updated depreciation for asset Practical Wooden Bike: current value ¤4,260.71 (User: , Inst: )
2025-12-20 20:09:53.667 +00:00 [INF] Updated depreciation for asset 23423423: current value ¤7,870.00 (User: , Inst: )
2025-12-20 20:09:53.670 +00:00 [INF] Updated depreciation for asset Hello string Asset: current value ¤23,000.00 (User: , Inst: )
2025-12-20 20:09:53.719 +00:00 [INF] [Redis] Published message to channel: notifications (User: , Inst: )
2025-12-20 20:09:53.811 +00:00 [ERR] Error processing asset "019b262c-023b-71ce-a8e7-62041917edd1" (User: , Inst: )
System.ArgumentNullException: Value cannot be null. (Parameter 'address')
   at MimeKit.MailboxAddress..ctor(Encoding encoding, String name, String address)
   at MimeKit.MailboxAddress..ctor(String name, String address)
   at AssetManagement.API.DAL.Services.EmailService.EmailService.SendEmailAsync(String to, String subject, String htmlBody) in C:\Users\sammi\PROJECTS\PERSONAL\JET_BRAINS\FAST_TRACK_SERVICES\Assets_Management\FrontEnd_and_BackEnd\assetmanagement_backend\AssetManagement.API\DAL\Services\EmailService\EmailService.cs:line 13
   at AssetManagement.API.DAL.Services.NotificationService.NotificationService.SendMaintenanceDueAsync(AssetsModel assetsModel) in C:\Users\sammi\PROJECTS\PERSONAL\JET_BRAINS\FAST_TRACK_SERVICES\Assets_Management\FrontEnd_and_BackEnd\assetmanagement_backend\AssetManagement.API\DAL\Services\NotificationService\NotificationService.cs:line 92
   at AssetManagement.API.DAL.Services.BackgroundServices.SubscriptionMaintenanceService.HandleAssetMaintenance(IAssetRepository assetRepo, INotificationService notificationService, IDepreciationService depreciationService) in C:\Users\sammi\PROJECTS\PERSONAL\JET_BRAINS\FAST_TRACK_SERVICES\Assets_Management\FrontEnd_and_BackEnd\assetmanagement_backend\AssetManagement.API\DAL\Services\BackgroundServices\SubscriptionMaintenanceService.cs:line 79
2025-12-20 20:09:53.813 +00:00 [INF] Updated depreciation for asset Fantastic Plastic Ball: current value ¤3,501.17 (User: , Inst: )
2025-12-20 20:10:12.426 +00:00 [WRN] Failed to determine the https port for redirect. (User: anonymous, Inst: none)
2025-12-20 20:10:12.633 +00:00 [INF] Querying InstitutionsModel service (User: anonymous, Inst: none)
2025-12-20 20:10:12.633 +00:00 [INF] Querying AssetTypesModel service (User: anonymous, Inst: none)
2025-12-20 20:10:17.686 +00:00 [INF] Querying AssetCategoriesModel service (User: anonymous, Inst: none)
2025-12-20 20:16:16.705 +00:00 [INF] Querying AssetTypesModel service (User: anonymous, Inst: none)
2025-12-20 21:58:30.425 +00:00 [INF] Querying AssetTypesModel service (User: anonymous, Inst: none)
2025-12-20 21:58:39.937 +00:00 [INF] Querying AssetTypesModel service (User: anonymous, Inst: none)
2025-12-20 21:58:41.849 +00:00 [INF] Querying AssetTypesModel service (User: anonymous, Inst: none)
2025-12-20 21:58:43.154 +00:00 [INF] Querying AssetTypesModel service (User: anonymous, Inst: none)
2025-12-20 21:58:44.253 +00:00 [INF] Querying AssetTypesModel service (User: anonymous, Inst: none)
2025-12-20 21:58:46.185 +00:00 [INF] Querying AssetTypesModel service (User: anonymous, Inst: none)
2025-12-20 21:59:33.230 +00:00 [INF] Querying AssetTypesModel service (User: anonymous, Inst: none)
2025-12-20 22:05:08.435 +00:00 [INF] Querying AssetTypesModel service (User: anonymous, Inst: none)
